<?xml version="1.0" encoding="UTF-8"?>
<testsuite xmlns:xsi="http://www.w3.org/2001/XMLSchema-instance" xsi:noNamespaceSchemaLocation="https://maven.apache.org/surefire/maven-failsafe-plugin/xsd/failsafe-test-report-3.0.xsd" version="3.0" name="starter.CucumberTestSuite" time="12.107" tests="5" errors="0" skipped="0" failures="0">
  <properties>
[...]
</properties>
  <testcase name="The User can find the person he is looking for" classname="FindPerson" time="1.303">
    <system-out><![CDATA[23:56:23.455 [main] INFO io.cucumber.core.plugin.SerenityReporter - Running feature from file:///C:/Users/RICO/IdeaProjects/17BDD/src/test/resources/features/findperson.feature
23:56:23.671 [main] INFO  - 

-------------------------------------------------------------------------------------
     _______. _______ .______       _______ .__   __.  __  .___________.____    ____ 
    /       ||   ____||   _  \     |   ____||  \ |  | |  | |           |\   \  /   / 
   |   (----`|  |__   |  |_)  |    |  |__   |   \|  | |  | `---|  |----` \   \/   /  
    \   \    |   __|  |      /     |   __|  |  . `  | |  |     |  |       \_    _/   
.----)   |   |  |____ |  |\  \----.|  |____ |  |\   | |  |     |  |         |  |     
|_______/    |_______|| _| `._____||_______||__| \__| |__|     |__|         |__|    
                                                                                     
 News and tutorials at http://www.serenity-bdd.info                                  
 Documentation at https://wakaleo.gitbooks.io/the-serenity-book/content/             
 Join the Serenity Community on Gitter: https://gitter.im/serenity-bdd/serenity-core 
 Serenity BDD Support and Training at http://serenity-bdd.info/#/trainingandsupport  
-------------------------------------------------------------------------------------

23:56:23.675 [main] DEBUG net.thucydides.core.steps.StepEventBus - Test suite started for story net.thucydides.core.model.Story@6044a6c8
23:56:23.680 [main] INFO  - Test Suite Started: Find person
23:56:23.696 [main] INFO io.cucumber.core.plugin.SerenityReporter - Running feature from file:///C:/Users/RICO/IdeaProjects/17BDD/src/test/resources/features/joinnow.feature
23:56:23.701 [main] DEBUG net.thucydides.core.steps.StepEventBus - Test suite started for story net.thucydides.core.model.Story@349b0c88
23:56:23.702 [main] INFO  - Test Suite Started: Join now
23:56:23.702 [main] INFO io.cucumber.core.plugin.SerenityReporter - Running feature from file:///C:/Users/RICO/IdeaProjects/17BDD/src/test/resources/features/learn.feature
23:56:23.706 [main] DEBUG net.thucydides.core.steps.StepEventBus - Test suite started for story net.thucydides.core.model.Story@5df345ee
23:56:23.707 [main] INFO  - Test Suite Started: Learning
23:56:23.707 [main] INFO io.cucumber.core.plugin.SerenityReporter - Running feature from file:///C:/Users/RICO/IdeaProjects/17BDD/src/test/resources/features/searchjob.feature
23:56:23.712 [main] DEBUG net.thucydides.core.steps.StepEventBus - Test suite started for story net.thucydides.core.model.Story@d31f48a8
23:56:23.712 [main] INFO  - Test Suite Started: Search job
23:56:23.712 [main] INFO io.cucumber.core.plugin.SerenityReporter - Running feature from file:///C:/Users/RICO/IdeaProjects/17BDD/src/test/resources/features/signin.feature
23:56:23.717 [main] DEBUG net.thucydides.core.steps.StepEventBus - Test suite started for story net.thucydides.core.model.Story@73553661
23:56:23.717 [main] INFO  - Test Suite Started: Login
23:56:23.718 [main] INFO io.cucumber.core.plugin.SerenityReporter - Running feature from file:///C:/Users/RICO/IdeaProjects/17BDD/src/test/resources/features/findperson.feature
23:56:23.721 [main] DEBUG net.thucydides.core.steps.StepEventBus - Test suite started for story net.thucydides.core.model.Story@6044a6c8
23:56:23.721 [main] INFO  - Test Suite Started: Find person

Scenario: The User can find the person he is looking for &amp#27;[90m# src/test/resources/features/findperson.feature:4&amp#27;[0m
23:56:23.869 [main] INFO io.cucumber.core.plugin.SerenityReporter - Running feature from file:///C:/Users/RICO/IdeaProjects/17BDD/src/test/resources/features/findperson.feature
23:56:23.991 [main] INFO  - 
  _____   ___   ___   _____     ___   _____     _     ___   _____   ___   ___  
 |_   _| | __| / __| |_   _|   / __| |_   _|   /_\   | _ \ |_   _| | __| |   \ 
   | |   | _|  \__ \   | |     \__ \   | |    / _ \  |   /   | |   | _|  | |) |
   |_|   |___| |___/   |_|     |___/   |_|   /_/ \_\ |_|_\   |_|   |___| |___/ 

The User can find the person he is looking for(findperson;the-user-can-find-the-person-he-is-looking-for)
--------------------------------------------------------------------------------
23:56:24.955 [main] DEBUG net.thucydides.core.steps.StepInterceptor - STARTING STEP: SearchjobStep.onTheHomePage - User on the home page
User on the home page"
23:56:24.971 [main] DEBUG net.thucydides.core.steps.StepInterceptor - STEP DONE: User on the home page
  &amp#27;[32mGiven &amp#27;[0m&amp#27;[32mUser on the home page&amp#27;[0m                            &amp#27;[90m# starter.stepdefinitions.SearchjobStep.onTheHomePage()&amp#27;[0m
23:56:25.001 [main] DEBUG net.thucydides.core.steps.StepInterceptor - STARTING STEP: FindpersonStep.clickButtonPeople - User click button People
User click button People
23:56:25.001 [main] DEBUG net.thucydides.core.steps.StepInterceptor - STEP DONE: User click button People
  &amp#27;[32mWhen &amp#27;[0m&amp#27;[32mUser click button People&amp#27;[0m                          &amp#27;[90m# starter.stepdefinitions.FindpersonStep.clickButtonPeople()&amp#27;[0m
23:56:25.006 [main] DEBUG net.thucydides.core.steps.StepInterceptor - STARTING STEP: FindpersonStep.inputName - User input first and last name
User input first and last name
23:56:25.006 [main] DEBUG net.thucydides.core.steps.StepInterceptor - STEP DONE: User input first and last name
  &amp#27;[32mAnd &amp#27;[0m&amp#27;[32mUser input first and last name&amp#27;[0m                     &amp#27;[90m# starter.stepdefinitions.FindpersonStep.inputName()&amp#27;[0m
23:56:25.013 [main] DEBUG net.thucydides.core.steps.StepInterceptor - STARTING STEP: FindpersonStep.showUser - Showed a list of search users
Showed a list of search users
23:56:25.013 [main] DEBUG net.thucydides.core.steps.StepInterceptor - STEP DONE: Showed a list of search users
  &amp#27;[32mThen &amp#27;[0m&amp#27;[32mShowed a list of search users&amp#27;[0m                     &amp#27;[90m# starter.stepdefinitions.FindpersonStep.showUser()&amp#27;[0m
23:56:25.020 [main] INFO  - 
  _____   ___   ___   _____     ___     _     ___   ___   ___   ___  
 |_   _| | __| / __| |_   _|   | _ \   /_\   / __| / __| | __| |   \ 
   | |   | _|  \__ \   | |     |  _/  / _ \  \__ \ \__ \ | _|  | |) |
   |_|   |___| |___/   |_|     |_|   /_/ \_\ |___/ |___/ |___| |___/ 

The User can find the person he is looking for
----------------------------------------------------------------------
]]></system-out>
  </testcase>
  <testcase name="As an user, i want to success register using valid data" classname="JoinNow" time="0.071">
    <system-out><![CDATA[23:56:25.032 [main] INFO io.cucumber.core.plugin.SerenityReporter - Running feature from file:///C:/Users/RICO/IdeaProjects/17BDD/src/test/resources/features/joinnow.feature
23:56:25.037 [main] DEBUG net.thucydides.core.steps.StepEventBus - Test suite started for story net.thucydides.core.model.Story@349b0c88
23:56:25.038 [main] INFO  - Test Suite Started: Join now

Scenario: As an user, i want to success register using valid data &amp#27;[90m# src/test/resources/features/joinnow.feature:4&amp#27;[0m
23:56:25.050 [main] INFO io.cucumber.core.plugin.SerenityReporter - Running feature from file:///C:/Users/RICO/IdeaProjects/17BDD/src/test/resources/features/joinnow.feature
23:56:25.053 [main] INFO  - 
  _____   ___   ___   _____     ___   _____     _     ___   _____   ___   ___  
 |_   _| | __| / __| |_   _|   / __| |_   _|   /_\   | _ \ |_   _| | __| |   \ 
   | |   | _|  \__ \   | |     \__ \   | |    / _ \  |   /   | |   | _|  | |) |
   |_|   |___| |___/   |_|     |___/   |_|   /_/ \_\ |_|_\   |_|   |___| |___/ 

As an user, i want to success register using valid data(joinnow;as-an-user--i-want-to-success-register-using-valid-data)
--------------------------------------------------------------------------------
23:56:25.085 [main] DEBUG net.thucydides.core.steps.StepInterceptor - STARTING STEP: JoinnowSteps.onThesignupPage - User on the sign up page
User on the sign up page
23:56:25.085 [main] DEBUG net.thucydides.core.steps.StepInterceptor - STEP DONE: User on the sign up page
  &amp#27;[32mGiven &amp#27;[0m&amp#27;[32mUser on the sign up page&amp#27;[0m                                  &amp#27;[90m# starter.stepdefinitions.JoinnowSteps.onThesignupPage()&amp#27;[0m
23:56:25.090 [main] DEBUG net.thucydides.core.steps.StepInterceptor - STARTING STEP: JoinnowSteps.inputEmailOrNumber - User input email or phone number
User input email or phone number
23:56:25.091 [main] DEBUG net.thucydides.core.steps.StepInterceptor - STEP DONE: User input email or phone number
  &amp#27;[32mWhen &amp#27;[0m&amp#27;[32mUser input email or phone number&amp#27;[0m                           &amp#27;[90m# starter.stepdefinitions.JoinnowSteps.inputEmailOrNumber()&amp#27;[0m
23:56:25.096 [main] DEBUG net.thucydides.core.steps.StepInterceptor - STARTING STEP: JoinnowSteps.inputPassword - User input password
User input email or phone number
23:56:25.096 [main] DEBUG net.thucydides.core.steps.StepInterceptor - STEP DONE: User input password
  &amp#27;[32mWhen &amp#27;[0m&amp#27;[32mUser input password&amp#27;[0m                                        &amp#27;[90m# starter.stepdefinitions.JoinnowSteps.inputPassword()&amp#27;[0m
23:56:25.101 [main] DEBUG net.thucydides.core.steps.StepInterceptor - STARTING STEP: JoinnowSteps.clickButtonJoin - User click button "Agree & Join"
User click button "Agree & Join"
23:56:25.102 [main] DEBUG net.thucydides.core.steps.StepInterceptor - STEP DONE: User click button "Agree & Join"
  &amp#27;[32mAnd &amp#27;[0m&amp#27;[32mUser click button "Agree & Join"&amp#27;[0m                            &amp#27;[90m# starter.stepdefinitions.JoinnowSteps.clickButtonJoin()&amp#27;[0m
23:56:25.106 [main] DEBUG net.thucydides.core.steps.StepInterceptor - STARTING STEP: JoinnowSteps.onTheHomePage - User on the home page or feed
User on the home page or feed
23:56:25.106 [main] DEBUG net.thucydides.core.steps.StepInterceptor - STEP DONE: User on the home page or feed
  &amp#27;[32mThen &amp#27;[0m&amp#27;[32mUser on the home page or feed&amp#27;[0m                              &amp#27;[90m# starter.stepdefinitions.JoinnowSteps.onTheHomePage()&amp#27;[0m
23:56:25.110 [main] INFO  - 
  _____   ___   ___   _____     ___     _     ___   ___   ___   ___  
 |_   _| | __| / __| |_   _|   | _ \   /_\   / __| / __| | __| |   \ 
   | |   | _|  \__ \   | |     |  _/  / _ \  \__ \ \__ \ | _|  | |) |
   |_|   |___| |___/   |_|     |_|   /_/ \_\ |___/ |___/ |___| |___/ 

As an user, i want to success register using valid data
----------------------------------------------------------------------
]]></system-out>
  </testcase>
  <testcase name="The User can find and join the course" classname="Learning" time="0.067">
    <system-out><![CDATA[23:56:25.113 [main] INFO io.cucumber.core.plugin.SerenityReporter - Running feature from file:///C:/Users/RICO/IdeaProjects/17BDD/src/test/resources/features/learn.feature
23:56:25.118 [main] DEBUG net.thucydides.core.steps.StepEventBus - Test suite started for story net.thucydides.core.model.Story@5df345ee
23:56:25.119 [main] INFO  - Test Suite Started: Learning

Scenario: The User can find and join the course &amp#27;[90m# src/test/resources/features/learn.feature:4&amp#27;[0m
23:56:25.133 [main] INFO io.cucumber.core.plugin.SerenityReporter - Running feature from file:///C:/Users/RICO/IdeaProjects/17BDD/src/test/resources/features/learn.feature
23:56:25.137 [main] INFO  - 
  _____   ___   ___   _____     ___   _____     _     ___   _____   ___   ___  
 |_   _| | __| / __| |_   _|   / __| |_   _|   /_\   | _ \ |_   _| | __| |   \ 
   | |   | _|  \__ \   | |     \__ \   | |    / _ \  |   /   | |   | _|  | |) |
   |_|   |___| |___/   |_|     |___/   |_|   /_/ \_\ |_|_\   |_|   |___| |___/ 

The User can find and join the course(learning;the-user-can-find-and-join-the-course)
--------------------------------------------------------------------------------
23:56:25.151 [main] DEBUG net.thucydides.core.steps.StepInterceptor - STARTING STEP: SearchjobStep.onTheHomePage - User on the home page
User on the home page"
23:56:25.152 [main] DEBUG net.thucydides.core.steps.StepInterceptor - STEP DONE: User on the home page
  &amp#27;[32mGiven &amp#27;[0m&amp#27;[32mUser on the home page&amp#27;[0m                   &amp#27;[90m# starter.stepdefinitions.SearchjobStep.onTheHomePage()&amp#27;[0m
23:56:25.172 [main] DEBUG net.thucydides.core.steps.StepInterceptor - STARTING STEP: LearnStep.clickButtonLearning - User click button Learning
User click button Learning
23:56:25.172 [main] DEBUG net.thucydides.core.steps.StepInterceptor - STEP DONE: User click button Learning
  &amp#27;[32mWhen &amp#27;[0m&amp#27;[32mUser click button Learning&amp#27;[0m               &amp#27;[90m# starter.stepdefinitions.LearnStep.clickButtonLearning()&amp#27;[0m
23:56:25.177 [main] DEBUG net.thucydides.core.steps.StepInterceptor - STARTING STEP: LearnStep.searchCourse - User searches for the desired course
User searches for the desired course
23:56:25.177 [main] DEBUG net.thucydides.core.steps.StepInterceptor - STEP DONE: User searches for the desired course
  &amp#27;[32mAnd &amp#27;[0m&amp#27;[32mUser searches for the desired course&amp#27;[0m      &amp#27;[90m# starter.stepdefinitions.LearnStep.searchCourse()&amp#27;[0m
23:56:25.181 [main] DEBUG net.thucydides.core.steps.StepInterceptor - STARTING STEP: LearnStep.joinCourse - Users can view and join the course
Users can view and join the course
23:56:25.182 [main] DEBUG net.thucydides.core.steps.StepInterceptor - STEP DONE: Users can view and join the course
  &amp#27;[32mThen &amp#27;[0m&amp#27;[32mUsers can view and join the course&amp#27;[0m       &amp#27;[90m# starter.stepdefinitions.LearnStep.joinCourse()&amp#27;[0m
23:56:25.185 [main] INFO  - 
  _____   ___   ___   _____     ___     _     ___   ___   ___   ___  
 |_   _| | __| / __| |_   _|   | _ \   /_\   / __| / __| | __| |   \ 
   | |   | _|  \__ \   | |     |  _/  / _ \  \__ \ \__ \ | _|  | |) |
   |_|   |___| |___/   |_|     |_|   /_/ \_\ |___/ |___/ |___| |___/ 

The User can find and join the course
----------------------------------------------------------------------
]]></system-out>
  </testcase>
  <testcase name="As a user i want to apply the job" classname="SearchJob" time="0.051">
    <system-out><![CDATA[23:56:25.188 [main] INFO io.cucumber.core.plugin.SerenityReporter - Running feature from file:///C:/Users/RICO/IdeaProjects/17BDD/src/test/resources/features/searchjob.feature
23:56:25.193 [main] DEBUG net.thucydides.core.steps.StepEventBus - Test suite started for story net.thucydides.core.model.Story@d31f48a8
23:56:25.194 [main] INFO  - Test Suite Started: Search job

Scenario: As a user i want to apply the job &amp#27;[90m# src/test/resources/features/searchjob.feature:4&amp#27;[0m
23:56:25.207 [main] INFO io.cucumber.core.plugin.SerenityReporter - Running feature from file:///C:/Users/RICO/IdeaProjects/17BDD/src/test/resources/features/searchjob.feature
23:56:25.210 [main] INFO  - 
  _____   ___   ___   _____     ___   _____     _     ___   _____   ___   ___  
 |_   _| | __| / __| |_   _|   / __| |_   _|   /_\   | _ \ |_   _| | __| |   \ 
   | |   | _|  \__ \   | |     \__ \   | |    / _ \  |   /   | |   | _|  | |) |
   |_|   |___| |___/   |_|     |___/   |_|   /_/ \_\ |_|_\   |_|   |___| |___/ 

As a user i want to apply the job(searchjob;as-a-user-i-want-to-apply-the-job)
--------------------------------------------------------------------------------
23:56:25.226 [main] DEBUG net.thucydides.core.steps.StepInterceptor - STARTING STEP: SearchjobStep.onTheHomePage - User on the home page
User on the home page"
23:56:25.226 [main] DEBUG net.thucydides.core.steps.StepInterceptor - STEP DONE: User on the home page
  &amp#27;[32mGiven &amp#27;[0m&amp#27;[32mUser on the home page&amp#27;[0m               &amp#27;[90m# starter.stepdefinitions.SearchjobStep.onTheHomePage()&amp#27;[0m
23:56:25.231 [main] DEBUG net.thucydides.core.steps.StepInterceptor - STARTING STEP: SearchjobStep.clickButtonJob - User click button Jobs
User click button Jobs
23:56:25.231 [main] DEBUG net.thucydides.core.steps.StepInterceptor - STEP DONE: User click button Jobs
  &amp#27;[32mWhen &amp#27;[0m&amp#27;[32mUser click button Jobs&amp#27;[0m               &amp#27;[90m# starter.stepdefinitions.SearchjobStep.clickButtonJob()&amp#27;[0m
23:56:25.235 [main] DEBUG net.thucydides.core.steps.StepInterceptor - STARTING STEP: SearchjobStep.searchJob - User search the job
User search the job
23:56:25.236 [main] DEBUG net.thucydides.core.steps.StepInterceptor - STEP DONE: User search the job
  &amp#27;[32mAnd &amp#27;[0m&amp#27;[32mUser search the job&amp#27;[0m                   &amp#27;[90m# starter.stepdefinitions.SearchjobStep.searchJob()&amp#27;[0m
23:56:25.240 [main] DEBUG net.thucydides.core.steps.StepInterceptor - STARTING STEP: SearchjobStep.applyJob - User can apply the job
User can apply the job
23:56:25.240 [main] DEBUG net.thucydides.core.steps.StepInterceptor - STEP DONE: User can apply the job
  &amp#27;[32mThen &amp#27;[0m&amp#27;[32mUser can apply the job&amp#27;[0m               &amp#27;[90m# starter.stepdefinitions.SearchjobStep.applyJob()&amp#27;[0m
23:56:25.244 [main] INFO  - 
  _____   ___   ___   _____     ___     _     ___   ___   ___   ___  
 |_   _| | __| / __| |_   _|   | _ \   /_\   / __| / __| | __| |   \ 
   | |   | _|  \__ \   | |     |  _/  / _ \  \__ \ \__ \ | _|  | |) |
   |_|   |___| |___/   |_|     |_|   /_/ \_\ |___/ |___/ |___| |___/ 

As a user i want to apply the job
----------------------------------------------------------------------
]]></system-out>
  </testcase>
  <testcase name="As a user, I want update my profile" classname="Login" time="0.067">
    <system-out><![CDATA[23:56:25.247 [main] INFO io.cucumber.core.plugin.SerenityReporter - Running feature from file:///C:/Users/RICO/IdeaProjects/17BDD/src/test/resources/features/signin.feature
23:56:25.254 [main] DEBUG net.thucydides.core.steps.StepEventBus - Test suite started for story net.thucydides.core.model.Story@73553661
23:56:25.255 [main] INFO  - Test Suite Started: Login

Scenario: As a user, I want update my profile  &amp#27;[90m# src/test/resources/features/signin.feature:4&amp#27;[0m
23:56:25.267 [main] INFO io.cucumber.core.plugin.SerenityReporter - Running feature from file:///C:/Users/RICO/IdeaProjects/17BDD/src/test/resources/features/signin.feature
23:56:25.271 [main] INFO  - 
  _____   ___   ___   _____     ___   _____     _     ___   _____   ___   ___  
 |_   _| | __| / __| |_   _|   / __| |_   _|   /_\   | _ \ |_   _| | __| |   \ 
   | |   | _|  \__ \   | |     \__ \   | |    / _ \  |   /   | |   | _|  | |) |
   |_|   |___| |___/   |_|     |___/   |_|   /_/ \_\ |_|_\   |_|   |___| |___/ 

As a user, I want update my profile(login;as-a-user--i-want-update-my-profile)
--------------------------------------------------------------------------------
23:56:25.300 [main] DEBUG net.thucydides.core.steps.StepInterceptor - STARTING STEP: SigninStep.onTheLoginPage - User on the login page
User on the login page
23:56:25.301 [main] DEBUG net.thucydides.core.steps.StepInterceptor - STEP DONE: User on the login page
  &amp#27;[32mGiven &amp#27;[0m&amp#27;[32mUser on the login page&amp#27;[0m                 &amp#27;[90m# starter.stepdefinitions.SigninStep.onTheLoginPage()&amp#27;[0m
23:56:25.306 [main] DEBUG net.thucydides.core.steps.StepInterceptor - STARTING STEP: SigninStep.inputUsernameAndPassword - User input email and password correctly
User input email and password correctly
23:56:25.307 [main] DEBUG net.thucydides.core.steps.StepInterceptor - STEP DONE: User input email and password correctly
  &amp#27;[32mWhen &amp#27;[0m&amp#27;[32mUser input email and password correctly&amp#27;[0m &amp#27;[90m# starter.stepdefinitions.SigninStep.inputUsernameAndPassword()&amp#27;[0m
23:56:25.311 [main] DEBUG net.thucydides.core.steps.StepInterceptor - STARTING STEP: SigninStep.clickLoginButton - User click login button
User click login button
23:56:25.311 [main] DEBUG net.thucydides.core.steps.StepInterceptor - STEP DONE: User click login button
  &amp#27;[32mAnd &amp#27;[0m&amp#27;[32mUser click login button&amp#27;[0m                  &amp#27;[90m# starter.stepdefinitions.SigninStep.clickLoginButton()&amp#27;[0m
23:56:25.320 [main] DEBUG net.thucydides.core.steps.StepInterceptor - STARTING STEP: SearchjobStep.onTheHomePage - User on the home page
User on the home page"
23:56:25.321 [main] DEBUG net.thucydides.core.steps.StepInterceptor - STEP DONE: User on the home page
  &amp#27;[32mThen &amp#27;[0m&amp#27;[32mUser on the home page&amp#27;[0m                   &amp#27;[90m# starter.stepdefinitions.SearchjobStep.onTheHomePage()&amp#27;[0m
23:56:25.323 [main] INFO  - 
  _____   ___   ___   _____     ___     _     ___   ___   ___   ___  
 |_   _| | __| / __| |_   _|   | _ \   /_\   / __| / __| | __| |   \ 
   | |   | _|  \__ \   | |     |  _/  / _ \  \__ \ \__ \ | _|  | |) |
   |_|   |___| |___/   |_|     |_|   /_/ \_\ |___/ |___/ |___| |___/ 

As a user, I want update my profile
----------------------------------------------------------------------
]]></system-out>
  </testcase>
</testsuite>