<?xml version="1.0" encoding="UTF-8"?>
<testsuite xmlns:xsi="http://www.w3.org/2001/XMLSchema-instance" xsi:noNamespaceSchemaLocation="https://maven.apache.org/surefire/maven-failsafe-plugin/xsd/failsafe-test-report-3.0.xsd" version="3.0" name="CucumberTestSuite" time="40.991" tests="1" errors="0" skipped="0" failures="0">
  <properties>
[...]
</properties>
  <testcase name="As a user, i want go to the login page, and have be able to success login" classname="Login" time="33.09">
    <system-out><![CDATA[19:03:26.027 [main] INFO io.cucumber.core.plugin.SerenityReporter - Running feature from file:///C:/Users/RICO/IdeaProjects/20-uitesting-serenity/src/test/resources/features/login.feature
19:03:26.223 [main] INFO  - 

-------------------------------------------------------------------------------------
     _______. _______ .______       _______ .__   __.  __  .___________.____    ____ 
    /       ||   ____||   _  \     |   ____||  \ |  | |  | |           |\   \  /   / 
   |   (----`|  |__   |  |_)  |    |  |__   |   \|  | |  | `---|  |----` \   \/   /  
    \   \    |   __|  |      /     |   __|  |  . `  | |  |     |  |       \_    _/   
.----)   |   |  |____ |  |\  \----.|  |____ |  |\   | |  |     |  |         |  |     
|_______/    |_______|| _| `._____||_______||__| \__| |__|     |__|         |__|    
                                                                                     
 News and tutorials at http://www.serenity-bdd.info                                  
 Documentation at https://wakaleo.gitbooks.io/the-serenity-book/content/             
 Join the Serenity Community on Gitter: https://gitter.im/serenity-bdd/serenity-core 
 Serenity BDD Support and Training at http://serenity-bdd.info/#/trainingandsupport  
-------------------------------------------------------------------------------------

19:03:26.239 [main] DEBUG net.thucydides.core.steps.StepEventBus - Test suite started for story net.thucydides.core.model.Story@f388ff28
19:03:26.239 [main] INFO  - Test Suite Started: Login
19:03:26.254 [main] INFO io.cucumber.core.plugin.SerenityReporter - Running feature from file:///C:/Users/RICO/IdeaProjects/20-uitesting-serenity/src/test/resources/features/login.feature
19:03:26.270 [main] DEBUG net.thucydides.core.steps.StepEventBus - Test suite started for story net.thucydides.core.model.Story@f388ff28
19:03:26.270 [main] INFO  - Test Suite Started: Login

Scenario: As a user, i want go to the login page, and have be able to success login &amp#27;[90m# src/test/resources/features/login.feature:9&amp#27;[0m
19:03:26.379 [main] INFO io.cucumber.core.plugin.SerenityReporter - Running feature from file:///C:/Users/RICO/IdeaProjects/20-uitesting-serenity/src/test/resources/features/login.feature
19:03:26.489 [main] INFO  - 
  _____   ___   ___   _____     ___   _____     _     ___   _____   ___   ___  
 |_   _| | __| / __| |_   _|   / __| |_   _|   /_\   | _ \ |_   _| | __| |   \ 
   | |   | _|  \__ \   | |     \__ \   | |    / _ \  |   /   | |   | _|  | |) |
   |_|   |___| |___/   |_|     |___/   |_|   /_/ \_\ |_|_\   |_|   |___| |___/ 

As a user, i want go to the login page, and have be able to success login(login;as-a-user--i-want-go-to-the-login-page--and-have-be-able-to-success-login)
--------------------------------------------------------------------------------
19:03:27.849 [main] DEBUG net.thucydides.core.steps.StepInterceptor - STARTING STEP: LoginStep.onHomePage - openPageHome
19:03:27.927 [main] INFO net.serenitybdd.core.webdriver.driverproviders.ChromeDriverProvider - Using automatically driver download
19:03:28.864 [main] DEBUG io.github.bonigarcia.wdm.cache.ResolutionCache - Resolution chrome=99 in cache (valid until 19:43:27 01/04/2022 ICT)
19:03:28.864 [main] DEBUG io.github.bonigarcia.wdm.cache.ResolutionCache - Resolution chrome99=99.0.4844.51 in cache (valid until 18:43:27 02/04/2022 ICT)
19:03:28.864 [main] INFO io.github.bonigarcia.wdm.WebDriverManager - Using chromedriver 99.0.4844.51 (resolved driver for Chrome 99)
19:03:28.895 [main] DEBUG io.github.bonigarcia.wdm.WebDriverManager - Driver chromedriver 99.0.4844.51 found in cache
19:03:28.895 [main] INFO io.github.bonigarcia.wdm.WebDriverManager - Exporting webdriver.chrome.driver as C:\Users\RICO\.cache\selenium\chromedriver\win32\99.0.4844.51\chromedriver.exe
19:03:29.958 [main] DEBUG net.thucydides.core.reflection.ClassFinder - Could not load class .CucumberTestSuite
19:03:29.958 [main] DEBUG net.thucydides.core.reflection.ClassFinder - Could not load class .pages.BookStorePage
19:03:29.958 [main] DEBUG net.thucydides.core.reflection.ClassFinder - Could not load class .pages.HomePage
19:03:29.958 [main] DEBUG net.thucydides.core.reflection.ClassFinder - Could not load class .pages.LoginPage
19:03:29.958 [main] DEBUG net.thucydides.core.reflection.ClassFinder - Could not load class .pages.ProfilePage
19:03:29.958 [main] DEBUG net.thucydides.core.reflection.ClassFinder - Could not load class .starter.stepdefinition.LoginStep
19:03:29.958 [main] DEBUG net.thucydides.core.reflection.ClassFinder - Could not load class META-INF.versions.9.com.sun.istack.logging.StackHelper
19:03:29.958 [main] DEBUG net.thucydides.core.reflection.ClassFinder - Could not load class META-INF.versions.9.com.sun.xml.bind.v2.runtime.reflect.opt.AccessorInjector
19:03:29.958 [main] DEBUG net.thucydides.core.reflection.ClassFinder - Could not load class META-INF.versions.9.com.sun.xml.bind.v2.runtime.reflect.opt.Injector
19:03:29.958 [main] DEBUG net.thucydides.core.reflection.ClassFinder - Could not load class META-INF.versions.9.com.sun.xml.bind.v2.runtime.reflect.opt.OptimizedAccessorFactory
19:03:29.958 [main] DEBUG net.thucydides.core.reflection.ClassFinder - Could not load class META-INF.versions.9.com.sun.xml.bind.v2.runtime.reflect.opt.OptimizedTransducedAccessorFactory
19:03:29.958 [main] DEBUG net.thucydides.core.reflection.ClassFinder - Could not load class META-INF.versions.9.io.opentelemetry.sdk.internal.CurrentJavaVersionSpecific
19:03:29.958 [main] DEBUG net.thucydides.core.reflection.ClassFinder - Could not load class META-INF.versions.9.io.opentelemetry.sdk.internal.Java9VersionSpecific
19:03:29.958 [main] DEBUG net.thucydides.core.reflection.ClassFinder - Could not load class META-INF.versions.9.javax.xml.bind.ModuleUtil
19:03:29.958 [main] DEBUG net.thucydides.core.reflection.ClassFinder - Could not load class META-INF.versions.9.module-info
19:03:29.958 [main] DEBUG net.thucydides.core.reflection.ClassFinder - Could not load class META-INF.versions.9.org.junit.platform.commons.util.ModuleUtils
19:03:30.349 [main] DEBUG net.thucydides.core.reflection.ClassFinder - Could not load class com.google.gson.internal.
19:03:30.674 [main] DEBUG net.thucydides.core.reflection.ClassFinder - Could not load class com.sun.xml.bind.v2.runtime.output.FastInfosetStreamWriterOutput
19:03:31.549 [main] DEBUG net.thucydides.core.reflection.ClassFinder - Could not load class module-info
19:03:36.202 [main] DEBUG io.netty.util.internal.logging.InternalLoggerFactory - Using SLF4J as the default logging framework
19:03:36.202 [main] DEBUG io.netty.util.ResourceLeakDetector - -Dio.netty.leakDetection.level: simple
19:03:36.202 [main] DEBUG io.netty.util.ResourceLeakDetector - -Dio.netty.leakDetection.targetRecords: 4
19:03:36.202 [main] DEBUG io.netty.util.ResourceLeakDetectorFactory - Loaded default ResourceLeakDetector: io.netty.util.ResourceLeakDetector@5f851718
19:03:36.233 [main] DEBUG io.netty.util.internal.PlatformDependent0 - -Dio.netty.noUnsafe: false
19:03:36.233 [main] DEBUG io.netty.util.internal.PlatformDependent0 - Java version: 11
19:03:36.233 [main] DEBUG io.netty.util.internal.PlatformDependent0 - sun.misc.Unsafe.theUnsafe: available
19:03:36.233 [main] DEBUG io.netty.util.internal.PlatformDependent0 - sun.misc.Unsafe.copyMemory: available
19:03:36.233 [main] DEBUG io.netty.util.internal.PlatformDependent0 - java.nio.Buffer.address: available
19:03:36.233 [main] DEBUG io.netty.util.internal.PlatformDependent0 - direct buffer constructor: unavailable: Reflective setAccessible(true) disabled
19:03:36.233 [main] DEBUG io.netty.util.internal.PlatformDependent0 - java.nio.Bits.unaligned: available, true
19:03:36.233 [main] DEBUG io.netty.util.internal.PlatformDependent0 - jdk.internal.misc.Unsafe.allocateUninitializedArray(int): unavailable: class io.netty.util.internal.PlatformDependent0$6 cannot access class jdk.internal.misc.Unsafe (in module java.base) because module java.base does not export jdk.internal.misc to unnamed module @4263b080
19:03:36.233 [main] DEBUG io.netty.util.internal.PlatformDependent0 - java.nio.DirectByteBuffer.<init>(long, int): unavailable
19:03:36.233 [main] DEBUG io.netty.util.internal.PlatformDependent - sun.misc.Unsafe: available
19:03:36.233 [main] DEBUG io.netty.util.internal.PlatformDependent - maxDirectMemory: 3191865344 bytes (maybe)
19:03:36.233 [main] DEBUG io.netty.util.internal.PlatformDependent - -Dio.netty.tmpdir: C:\Users\RICO\AppData\Local\Temp (java.io.tmpdir)
19:03:36.233 [main] DEBUG io.netty.util.internal.PlatformDependent - -Dio.netty.bitMode: 64 (sun.arch.data.model)
19:03:36.233 [main] DEBUG io.netty.util.internal.PlatformDependent - Platform: Windows
19:03:36.233 [main] DEBUG io.netty.util.internal.PlatformDependent - -Dio.netty.maxDirectMemory: -1 bytes
19:03:36.233 [main] DEBUG io.netty.util.internal.PlatformDependent - -Dio.netty.uninitializedArrayAllocationThreshold: -1
19:03:36.233 [main] DEBUG io.netty.util.internal.CleanerJava9 - java.nio.ByteBuffer.cleaner(): available
19:03:36.233 [main] DEBUG io.netty.util.internal.PlatformDependent - -Dio.netty.noPreferDirect: false
19:03:36.249 [main] DEBUG io.netty.util.internal.PlatformDependent - org.jctools-core.MpscChunkedArrayQueue: available
19:03:36.280 [main] DEBUG io.netty.util.internal.InternalThreadLocalMap - -Dio.netty.threadLocalMap.stringBuilder.initialSize: 1024
19:03:36.280 [main] DEBUG io.netty.util.internal.InternalThreadLocalMap - -Dio.netty.threadLocalMap.stringBuilder.maxSize: 4096
19:03:36.311 [main] DEBUG io.netty.handler.ssl.JdkSslContext - Default protocols (JDK): [TLSv1.3, TLSv1.2, TLSv1.1, TLSv1] 
19:03:36.311 [main] DEBUG io.netty.handler.ssl.JdkSslContext - Default cipher suites (JDK): [TLS_ECDHE_ECDSA_WITH_AES_256_GCM_SHA384, TLS_ECDHE_ECDSA_WITH_AES_128_GCM_SHA256, TLS_ECDHE_RSA_WITH_AES_128_GCM_SHA256, TLS_ECDHE_RSA_WITH_AES_256_GCM_SHA384, TLS_ECDHE_RSA_WITH_AES_128_CBC_SHA, TLS_ECDHE_RSA_WITH_AES_256_CBC_SHA, TLS_RSA_WITH_AES_128_GCM_SHA256, TLS_RSA_WITH_AES_128_CBC_SHA, TLS_RSA_WITH_AES_256_CBC_SHA, TLS_AES_128_GCM_SHA256, TLS_AES_256_GCM_SHA384]
19:03:36.343 [main] DEBUG io.netty.channel.MultithreadEventLoopGroup - -Dio.netty.eventLoopThreads: 16
19:03:36.343 [main] DEBUG io.netty.channel.nio.NioEventLoop - -Dio.netty.noKeySetOptimization: false
19:03:36.343 [main] DEBUG io.netty.channel.nio.NioEventLoop - -Dio.netty.selectorAutoRebuildThreshold: 512
19:03:36.391 [main] DEBUG io.netty.buffer.PooledByteBufAllocator - -Dio.netty.allocator.numHeapArenas: 16
19:03:36.391 [main] DEBUG io.netty.buffer.PooledByteBufAllocator - -Dio.netty.allocator.numDirectArenas: 16
19:03:36.391 [main] DEBUG io.netty.buffer.PooledByteBufAllocator - -Dio.netty.allocator.pageSize: 8192
19:03:36.391 [main] DEBUG io.netty.buffer.PooledByteBufAllocator - -Dio.netty.allocator.maxOrder: 11
19:03:36.391 [main] DEBUG io.netty.buffer.PooledByteBufAllocator - -Dio.netty.allocator.chunkSize: 16777216
19:03:36.391 [main] DEBUG io.netty.buffer.PooledByteBufAllocator - -Dio.netty.allocator.smallCacheSize: 256
19:03:36.391 [main] DEBUG io.netty.buffer.PooledByteBufAllocator - -Dio.netty.allocator.normalCacheSize: 64
19:03:36.391 [main] DEBUG io.netty.buffer.PooledByteBufAllocator - -Dio.netty.allocator.maxCachedBufferCapacity: 32768
19:03:36.391 [main] DEBUG io.netty.buffer.PooledByteBufAllocator - -Dio.netty.allocator.cacheTrimInterval: 8192
19:03:36.391 [main] DEBUG io.netty.buffer.PooledByteBufAllocator - -Dio.netty.allocator.cacheTrimIntervalMillis: 0
19:03:36.391 [main] DEBUG io.netty.buffer.PooledByteBufAllocator - -Dio.netty.allocator.useCacheForAllThreads: true
19:03:36.391 [main] DEBUG io.netty.buffer.PooledByteBufAllocator - -Dio.netty.allocator.maxCachedByteBuffersPerChunk: 1023
19:03:36.406 [main] DEBUG io.netty.buffer.ByteBufUtil - -Dio.netty.allocator.type: pooled
19:03:36.406 [main] DEBUG io.netty.buffer.ByteBufUtil - -Dio.netty.threadLocalDirectBufferSize: 0
19:03:36.406 [main] DEBUG io.netty.buffer.ByteBufUtil - -Dio.netty.maxThreadLocalCharBufferSize: 16384
19:03:36.658 [main] DEBUG net.serenitybdd.core.webdriver.driverproviders.ProvideNewDriver - Instantiating driver
19:03:36.658 [main] DEBUG net.serenitybdd.core.webdriver.driverproviders.ProvideNewDriver - Driver capabilities: Capabilities {acceptInsecureCerts: false, base.url: https://demoqa.com, browserName: chrome, chrome.driver: src/test/resources/webdrive..., driver: chrome, goog:chromeOptions: {args: [], extensions: []}}
19:03:37.379 [Forwarding newSession on session null to remote] DEBUG io.netty.channel.DefaultChannelId - -Dio.netty.processId: 11188 (auto-detected)
19:03:37.379 [Forwarding newSession on session null to remote] DEBUG io.netty.util.NetUtil - -Djava.net.preferIPv4Stack: false
19:03:37.379 [Forwarding newSession on session null to remote] DEBUG io.netty.util.NetUtil - -Djava.net.preferIPv6Addresses: false
19:03:37.538 [Forwarding newSession on session null to remote] DEBUG io.netty.util.NetUtilInitializations - Loopback interface: lo (Software Loopback Interface 1, 127.0.0.1)
19:03:37.538 [Forwarding newSession on session null to remote] DEBUG io.netty.util.NetUtil - Failed to get SOMAXCONN from sysctl and file \proc\sys\net\core\somaxconn. Default: 200
19:03:37.710 [Forwarding newSession on session null to remote] DEBUG io.netty.channel.DefaultChannelId - -Dio.netty.machineId: 80:c5:f2:ff:fe:bd:a7:5f (auto-detected)
19:03:37.788 [AsyncHttpClient-1-2] DEBUG io.netty.buffer.AbstractByteBuf - -Dio.netty.buffer.checkAccessible: true
19:03:37.804 [AsyncHttpClient-1-2] DEBUG io.netty.buffer.AbstractByteBuf - -Dio.netty.buffer.checkBounds: true
19:03:37.804 [AsyncHttpClient-1-2] DEBUG io.netty.util.ResourceLeakDetectorFactory - Loaded default ResourceLeakDetector: io.netty.util.ResourceLeakDetector@3231b600
19:03:37.819 [AsyncHttpClient-1-2] DEBUG org.asynchttpclient.netty.channel.NettyConnectListener - Using new Channel '[id: 0x6c4697b6, L:/127.0.0.1:64421 - R:localhost/127.0.0.1:51741]' for 'POST' to '/session'
19:03:37.835 [AsyncHttpClient-1-2] DEBUG io.netty.util.Recycler - -Dio.netty.recycler.maxCapacityPerThread: 4096
19:03:37.835 [AsyncHttpClient-1-2] DEBUG io.netty.util.Recycler - -Dio.netty.recycler.ratio: 8
19:03:37.835 [AsyncHttpClient-1-2] DEBUG io.netty.util.Recycler - -Dio.netty.recycler.chunkSize: 32
19:03:37.835 [AsyncHttpClient-1-2] DEBUG io.netty.util.Recycler - -Dio.netty.recycler.blocking: false
19:03:38.595 [AsyncHttpClient-1-2] DEBUG io.netty.handler.codec.compression.Brotli - brotli4j not in the classpath; Brotli support will be unavailable.
19:03:38.595 [AsyncHttpClient-1-2] DEBUG org.asynchttpclient.netty.handler.HttpHandler - 

Request DefaultHttpRequest(decodeResult: success, version: HTTP/1.1)
POST /session HTTP/1.1
User-Agent: selenium/4.1.2 (java windows)
Content-Length: 599
Content-Type: application/json; charset=utf-8
host: localhost:51741
accept: */*

Response DefaultHttpResponse(decodeResult: success, version: HTTP/1.1)
HTTP/1.1 200 OK
Content-Type: application/json; charset=utf-8
cache-control: no-cache
content-length: 786

19:03:38.610 [AsyncHttpClient-1-2] DEBUG org.asynchttpclient.netty.channel.ChannelManager - Adding key: http://localhost:51741 for channel [id: 0x6c4697b6, L:/127.0.0.1:64421 - R:localhost/127.0.0.1:51741]
19:03:38.846 [AsyncHttpClient-1-3] DEBUG org.asynchttpclient.netty.channel.NettyConnectListener - Using new Channel '[id: 0x9d784523, L:/127.0.0.1:64428 - R:localhost/127.0.0.1:64422]' for 'GET' to '/json/version'
19:03:38.857 [AsyncHttpClient-1-3] DEBUG org.asynchttpclient.netty.handler.HttpHandler - 

Request DefaultFullHttpRequest(decodeResult: success, version: HTTP/1.1, content: EmptyByteBufBE)
GET /json/version HTTP/1.1
User-Agent: selenium/4.1.2 (java windows)
host: localhost:64422
accept: */*

Response DefaultHttpResponse(decodeResult: success, version: HTTP/1.1)
HTTP/1.1 200 OK
Content-Type: application/json; charset=UTF-8
content-length: 424

19:03:38.858 [AsyncHttpClient-1-3] DEBUG org.asynchttpclient.netty.channel.ChannelManager - Adding key: http://localhost:64422 for channel [id: 0x9d784523, L:/127.0.0.1:64428 - R:localhost/127.0.0.1:64422]
19:03:38.874 [main] DEBUG io.netty.util.internal.ThreadLocalRandom - -Dio.netty.initialSeedUniquifier: 0x441a7a57d4d0fd13
19:03:38.898 [AsyncHttpClient-1-4] DEBUG org.asynchttpclient.netty.channel.NettyConnectListener - Using new Channel '[id: 0x560b7f4e, L:/127.0.0.1:64429 - R:localhost/127.0.0.1:64422]' for 'GET' to '/devtools/browser/218f48c8-388a-4925-817f-eb10fd6717b5'
19:03:38.909 [AsyncHttpClient-1-4] DEBUG org.asynchttpclient.netty.handler.WebSocketHandler - 

Request DefaultFullHttpRequest(decodeResult: success, version: HTTP/1.1, content: EmptyByteBufBE)
GET /devtools/browser/218f48c8-388a-4925-817f-eb10fd6717b5 HTTP/1.1
upgrade: websocket
connection: upgrade
sec-websocket-key: X7Ty09ygbd4L6iU1DHbaCA==
sec-websocket-version: 13
origin: http://localhost:64422
host: localhost:64422
accept: */*
user-agent: AHC/2.1

Response DefaultHttpResponse(decodeResult: success, version: HTTP/1.1)
HTTP/1.1 101 WebSocket Protocol Handshake
Upgrade: WebSocket
Connection: Upgrade
Sec-WebSocket-Accept: 0Ik8X55buIG46Wu8/uLZSg722Lg=

19:03:39.563 [AsyncHttpClient-1-1] DEBUG org.asynchttpclient.netty.channel.DefaultChannelPool - Entry count for : http://localhost:64422 : 1
19:03:39.564 [AsyncHttpClient-1-1] DEBUG org.asynchttpclient.netty.channel.DefaultChannelPool - Entry count for : http://localhost:51741 : 1
19:03:40.663 [AsyncHttpClient-1-1] DEBUG org.asynchttpclient.netty.channel.DefaultChannelPool - Entry count for : http://localhost:64422 : 1
19:03:40.663 [main] DEBUG net.thucydides.core.reflection.ClassFinder - Could not load class .CucumberTestSuite
19:03:40.663 [AsyncHttpClient-1-1] DEBUG org.asynchttpclient.netty.channel.DefaultChannelPool - Entry count for : http://localhost:51741 : 1
19:03:40.663 [main] DEBUG net.thucydides.core.reflection.ClassFinder - Could not load class .pages.BookStorePage
19:03:40.663 [main] DEBUG net.thucydides.core.reflection.ClassFinder - Could not load class .pages.HomePage
19:03:40.663 [main] DEBUG net.thucydides.core.reflection.ClassFinder - Could not load class .pages.LoginPage
19:03:40.663 [main] DEBUG net.thucydides.core.reflection.ClassFinder - Could not load class .pages.ProfilePage
19:03:40.663 [main] DEBUG net.thucydides.core.reflection.ClassFinder - Could not load class .starter.stepdefinition.LoginStep
19:03:40.663 [main] DEBUG net.thucydides.core.reflection.ClassFinder - Could not load class META-INF.versions.9.com.sun.istack.logging.StackHelper
19:03:40.663 [main] DEBUG net.thucydides.core.reflection.ClassFinder - Could not load class META-INF.versions.9.com.sun.xml.bind.v2.runtime.reflect.opt.AccessorInjector
19:03:40.663 [main] DEBUG net.thucydides.core.reflection.ClassFinder - Could not load class META-INF.versions.9.com.sun.xml.bind.v2.runtime.reflect.opt.Injector
19:03:40.663 [main] DEBUG net.thucydides.core.reflection.ClassFinder - Could not load class META-INF.versions.9.com.sun.xml.bind.v2.runtime.reflect.opt.OptimizedAccessorFactory
19:03:40.663 [main] DEBUG net.thucydides.core.reflection.ClassFinder - Could not load class META-INF.versions.9.com.sun.xml.bind.v2.runtime.reflect.opt.OptimizedTransducedAccessorFactory
19:03:40.663 [main] DEBUG net.thucydides.core.reflection.ClassFinder - Could not load class META-INF.versions.9.io.opentelemetry.sdk.internal.CurrentJavaVersionSpecific
19:03:40.663 [main] DEBUG net.thucydides.core.reflection.ClassFinder - Could not load class META-INF.versions.9.io.opentelemetry.sdk.internal.Java9VersionSpecific
19:03:40.663 [main] DEBUG net.thucydides.core.reflection.ClassFinder - Could not load class META-INF.versions.9.javax.xml.bind.ModuleUtil
19:03:40.663 [main] DEBUG net.thucydides.core.reflection.ClassFinder - Could not load class META-INF.versions.9.module-info
19:03:40.663 [main] DEBUG net.thucydides.core.reflection.ClassFinder - Could not load class META-INF.versions.9.org.junit.platform.commons.util.ModuleUtils
19:03:40.663 [main] DEBUG net.thucydides.core.reflection.ClassFinder - Could not load class com.google.gson.internal.
19:03:40.663 [main] DEBUG net.thucydides.core.reflection.ClassFinder - Could not load class com.sun.xml.bind.v2.runtime.output.FastInfosetStreamWriterOutput
19:03:40.663 [main] DEBUG net.thucydides.core.reflection.ClassFinder - Could not load class module-info
19:03:40.694 [Forwarding get on session 81e8f07af89f612b1e68f8f42fbf4103 to remote] DEBUG org.asynchttpclient.netty.request.NettyRequestSender - Using pooled Channel '[id: 0x6c4697b6, L:/127.0.0.1:64421 - R:localhost/127.0.0.1:51741]' for 'POST' to 'http://localhost:51741/session/81e8f07af89f612b1e68f8f42fbf4103/url'
19:03:40.694 [Forwarding get on session 81e8f07af89f612b1e68f8f42fbf4103 to remote] DEBUG org.asynchttpclient.netty.request.NettyRequestSender - Using open Channel [id: 0x6c4697b6, L:/127.0.0.1:64421 - R:localhost/127.0.0.1:51741] for POST '/session/81e8f07af89f612b1e68f8f42fbf4103/url'
19:03:41.760 [AsyncHttpClient-1-1] DEBUG org.asynchttpclient.netty.channel.DefaultChannelPool - Entry count for : http://localhost:64422 : 1
19:03:42.865 [AsyncHttpClient-1-1] DEBUG org.asynchttpclient.netty.channel.DefaultChannelPool - Entry count for : http://localhost:64422 : 1
19:03:43.960 [AsyncHttpClient-1-1] DEBUG org.asynchttpclient.netty.channel.DefaultChannelPool - Entry count for : http://localhost:64422 : 1
19:03:45.059 [AsyncHttpClient-1-1] DEBUG org.asynchttpclient.netty.channel.DefaultChannelPool - Entry count for : http://localhost:64422 : 1
19:03:46.160 [AsyncHttpClient-1-1] DEBUG org.asynchttpclient.netty.channel.DefaultChannelPool - Entry count for : http://localhost:64422 : 1
19:03:47.266 [AsyncHttpClient-1-1] DEBUG org.asynchttpclient.netty.channel.DefaultChannelPool - Entry count for : http://localhost:64422 : 1
19:03:48.360 [AsyncHttpClient-1-1] DEBUG org.asynchttpclient.netty.channel.DefaultChannelPool - Entry count for : http://localhost:64422 : 1
19:03:49.468 [AsyncHttpClient-1-1] DEBUG org.asynchttpclient.netty.channel.DefaultChannelPool - Entry count for : http://localhost:64422 : 1
19:03:50.564 [AsyncHttpClient-1-1] DEBUG org.asynchttpclient.netty.channel.DefaultChannelPool - Entry count for : http://localhost:64422 : 1
19:03:51.660 [AsyncHttpClient-1-1] DEBUG org.asynchttpclient.netty.channel.DefaultChannelPool - Entry count for : http://localhost:64422 : 1
19:03:52.760 [AsyncHttpClient-1-1] DEBUG org.asynchttpclient.netty.channel.DefaultChannelPool - Entry count for : http://localhost:64422 : 1
19:03:53.860 [AsyncHttpClient-1-1] DEBUG org.asynchttpclient.netty.channel.DefaultChannelPool - Entry count for : http://localhost:64422 : 1
19:03:54.904 [AsyncHttpClient-1-2] DEBUG org.asynchttpclient.netty.handler.HttpHandler - 

Request DefaultHttpRequest(decodeResult: success, version: HTTP/1.1)
POST /session/81e8f07af89f612b1e68f8f42fbf4103/url HTTP/1.1
User-Agent: selenium/4.1.2 (java windows)
Content-Length: 43
Content-Type: application/json; charset=utf-8
host: localhost:51741
accept: */*

Response DefaultHttpResponse(decodeResult: success, version: HTTP/1.1)
HTTP/1.1 200 OK
Content-Type: application/json; charset=utf-8
cache-control: no-cache
content-length: 14

19:03:54.904 [AsyncHttpClient-1-2] DEBUG org.asynchttpclient.netty.channel.ChannelManager - Adding key: http://localhost:51741 for channel [id: 0x6c4697b6, L:/127.0.0.1:64421 - R:localhost/127.0.0.1:51741]
19:03:54.910 [Forwarding setTimeout on session 81e8f07af89f612b1e68f8f42fbf4103 to remote] DEBUG org.asynchttpclient.netty.request.NettyRequestSender - Using pooled Channel '[id: 0x6c4697b6, L:/127.0.0.1:64421 - R:localhost/127.0.0.1:51741]' for 'POST' to 'http://localhost:51741/session/81e8f07af89f612b1e68f8f42fbf4103/timeouts'
19:03:54.910 [Forwarding setTimeout on session 81e8f07af89f612b1e68f8f42fbf4103 to remote] DEBUG org.asynchttpclient.netty.request.NettyRequestSender - Using open Channel [id: 0x6c4697b6, L:/127.0.0.1:64421 - R:localhost/127.0.0.1:51741] for POST '/session/81e8f07af89f612b1e68f8f42fbf4103/timeouts'
19:03:54.912 [AsyncHttpClient-1-2] DEBUG org.asynchttpclient.netty.handler.HttpHandler - 

Request DefaultHttpRequest(decodeResult: success, version: HTTP/1.1)
POST /session/81e8f07af89f612b1e68f8f42fbf4103/timeouts HTTP/1.1
User-Agent: selenium/4.1.2 (java windows)
Content-Length: 22
Content-Type: application/json; charset=utf-8
host: localhost:51741
accept: */*

Response DefaultHttpResponse(decodeResult: success, version: HTTP/1.1)
HTTP/1.1 200 OK
Content-Type: application/json; charset=utf-8
cache-control: no-cache
content-length: 14

19:03:54.912 [AsyncHttpClient-1-2] DEBUG org.asynchttpclient.netty.channel.ChannelManager - Adding key: http://localhost:51741 for channel [id: 0x6c4697b6, L:/127.0.0.1:64421 - R:localhost/127.0.0.1:51741]
19:03:54.917 [Forwarding getCurrentUrl on session 81e8f07af89f612b1e68f8f42fbf4103 to remote] DEBUG org.asynchttpclient.netty.request.NettyRequestSender - Using pooled Channel '[id: 0x6c4697b6, L:/127.0.0.1:64421 - R:localhost/127.0.0.1:51741]' for 'GET' to 'http://localhost:51741/session/81e8f07af89f612b1e68f8f42fbf4103/url'
19:03:54.918 [Forwarding getCurrentUrl on session 81e8f07af89f612b1e68f8f42fbf4103 to remote] DEBUG org.asynchttpclient.netty.request.NettyRequestSender - Using open Channel [id: 0x6c4697b6, L:/127.0.0.1:64421 - R:localhost/127.0.0.1:51741] for GET '/session/81e8f07af89f612b1e68f8f42fbf4103/url'
19:03:54.923 [AsyncHttpClient-1-2] DEBUG org.asynchttpclient.netty.handler.HttpHandler - 

Request DefaultFullHttpRequest(decodeResult: success, version: HTTP/1.1, content: EmptyByteBufBE)
GET /session/81e8f07af89f612b1e68f8f42fbf4103/url HTTP/1.1
User-Agent: selenium/4.1.2 (java windows)
Cache-Control: no-cache
Content-Type: application/json; charset=utf-8
host: localhost:51741
accept: */*

Response DefaultHttpResponse(decodeResult: success, version: HTTP/1.1)
HTTP/1.1 200 OK
Content-Type: application/json; charset=utf-8
cache-control: no-cache
content-length: 31

19:03:54.923 [AsyncHttpClient-1-2] DEBUG org.asynchttpclient.netty.channel.ChannelManager - Adding key: http://localhost:51741 for channel [id: 0x6c4697b6, L:/127.0.0.1:64421 - R:localhost/127.0.0.1:51741]
19:03:54.928 [Forwarding getCurrentUrl on session 81e8f07af89f612b1e68f8f42fbf4103 to remote] DEBUG org.asynchttpclient.netty.request.NettyRequestSender - Using pooled Channel '[id: 0x6c4697b6, L:/127.0.0.1:64421 - R:localhost/127.0.0.1:51741]' for 'GET' to 'http://localhost:51741/session/81e8f07af89f612b1e68f8f42fbf4103/url'
19:03:54.928 [Forwarding getCurrentUrl on session 81e8f07af89f612b1e68f8f42fbf4103 to remote] DEBUG org.asynchttpclient.netty.request.NettyRequestSender - Using open Channel [id: 0x6c4697b6, L:/127.0.0.1:64421 - R:localhost/127.0.0.1:51741] for GET '/session/81e8f07af89f612b1e68f8f42fbf4103/url'
19:03:54.932 [AsyncHttpClient-1-2] DEBUG org.asynchttpclient.netty.handler.HttpHandler - 

Request DefaultFullHttpRequest(decodeResult: success, version: HTTP/1.1, content: EmptyByteBufBE)
GET /session/81e8f07af89f612b1e68f8f42fbf4103/url HTTP/1.1
User-Agent: selenium/4.1.2 (java windows)
Cache-Control: no-cache
Content-Type: application/json; charset=utf-8
host: localhost:51741
accept: */*

Response DefaultHttpResponse(decodeResult: success, version: HTTP/1.1)
HTTP/1.1 200 OK
Content-Type: application/json; charset=utf-8
cache-control: no-cache
content-length: 31

19:03:54.932 [AsyncHttpClient-1-2] DEBUG org.asynchttpclient.netty.channel.ChannelManager - Adding key: http://localhost:51741 for channel [id: 0x6c4697b6, L:/127.0.0.1:64421 - R:localhost/127.0.0.1:51741]
19:03:54.951 [main] DEBUG net.serenitybdd.core.photography.Darkroom - Opening darkroom
19:03:54.951 [Darkroom Processing Line] DEBUG net.serenitybdd.core.photography.DarkroomProcessingLine - Darkroom processing line starting up
19:03:54.951 [Forwarding screenshot on session 81e8f07af89f612b1e68f8f42fbf4103 to remote] DEBUG org.asynchttpclient.netty.request.NettyRequestSender - Using pooled Channel '[id: 0x6c4697b6, L:/127.0.0.1:64421 - R:localhost/127.0.0.1:51741]' for 'GET' to 'http://localhost:51741/session/81e8f07af89f612b1e68f8f42fbf4103/screenshot'
19:03:54.952 [Forwarding screenshot on session 81e8f07af89f612b1e68f8f42fbf4103 to remote] DEBUG org.asynchttpclient.netty.request.NettyRequestSender - Using open Channel [id: 0x6c4697b6, L:/127.0.0.1:64421 - R:localhost/127.0.0.1:51741] for GET '/session/81e8f07af89f612b1e68f8f42fbf4103/screenshot'
19:03:54.960 [AsyncHttpClient-1-1] DEBUG org.asynchttpclient.netty.channel.DefaultChannelPool - Entry count for : http://localhost:64422 : 1
19:03:55.094 [AsyncHttpClient-1-2] DEBUG org.asynchttpclient.netty.handler.HttpHandler - 

Request DefaultFullHttpRequest(decodeResult: success, version: HTTP/1.1, content: EmptyByteBufBE)
GET /session/81e8f07af89f612b1e68f8f42fbf4103/screenshot HTTP/1.1
User-Agent: selenium/4.1.2 (java windows)
Cache-Control: no-cache
Content-Type: application/json; charset=utf-8
host: localhost:51741
accept: */*

Response DefaultHttpResponse(decodeResult: success, version: HTTP/1.1)
HTTP/1.1 200 OK
Content-Type: application/json; charset=utf-8
cache-control: no-cache
content-length: 110520

19:03:55.094 [AsyncHttpClient-1-2] DEBUG org.asynchttpclient.netty.channel.ChannelManager - Adding key: http://localhost:51741 for channel [id: 0x6c4697b6, L:/127.0.0.1:64421 - R:localhost/127.0.0.1:51741]
19:03:55.156 [main] DEBUG net.serenitybdd.core.photography.Darkroom - Send negative for processing for target\site\serenity\3423d602183ba323f74d944139068d47cf96af13ff473b02851554e5f815d1ff.png
19:03:55.156 [Darkroom Processing Line] DEBUG net.serenitybdd.core.photography.DarkroomProcessingLine - Processing screenshot image in /var/screenshots/screenshot-15681025252576777689
19:03:55.156 [Darkroom Processing Line] DEBUG net.serenitybdd.core.photography.DarkroomProcessingLine - Saving screenshot to target\site\serenity\3423d602183ba323f74d944139068d47cf96af13ff473b02851554e5f815d1ff.png
19:03:55.156 [main] DEBUG net.thucydides.core.steps.StepInterceptor - STEP DONE: openPageHome
  &amp#27;[32mGiven &amp#27;[0m&amp#27;[32mI am on Home page&amp#27;[0m                                                           &amp#27;[90m# starter.stepdefinition.LoginStep.onHomePage()&amp#27;[0m
19:03:55.187 [main] DEBUG net.thucydides.core.steps.StepInterceptor - STARTING STEP: LoginStep.clickBookStoreApplication - clickBookStoreApplication
19:03:55.187 [Forwarding findElement on session 81e8f07af89f612b1e68f8f42fbf4103 to remote] DEBUG org.asynchttpclient.netty.request.NettyRequestSender - Using pooled Channel '[id: 0x6c4697b6, L:/127.0.0.1:64421 - R:localhost/127.0.0.1:51741]' for 'POST' to 'http://localhost:51741/session/81e8f07af89f612b1e68f8f42fbf4103/element'
19:03:55.187 [Forwarding findElement on session 81e8f07af89f612b1e68f8f42fbf4103 to remote] DEBUG org.asynchttpclient.netty.request.NettyRequestSender - Using open Channel [id: 0x6c4697b6, L:/127.0.0.1:64421 - R:localhost/127.0.0.1:51741] for POST '/session/81e8f07af89f612b1e68f8f42fbf4103/element'
19:03:55.203 [AsyncHttpClient-1-2] DEBUG org.asynchttpclient.netty.handler.HttpHandler - 

Request DefaultHttpRequest(decodeResult: success, version: HTTP/1.1)
POST /session/81e8f07af89f612b1e68f8f42fbf4103/element HTTP/1.1
User-Agent: selenium/4.1.2 (java windows)
Content-Length: 101
Content-Type: application/json; charset=utf-8
host: localhost:51741
accept: */*

Response DefaultHttpResponse(decodeResult: success, version: HTTP/1.1)
HTTP/1.1 200 OK
Content-Type: application/json; charset=utf-8
cache-control: no-cache
content-length: 88

19:03:55.203 [AsyncHttpClient-1-2] DEBUG org.asynchttpclient.netty.channel.ChannelManager - Adding key: http://localhost:51741 for channel [id: 0x6c4697b6, L:/127.0.0.1:64421 - R:localhost/127.0.0.1:51741]
19:03:55.203 [Forwarding getElementTagName on session 81e8f07af89f612b1e68f8f42fbf4103 to remote] DEBUG org.asynchttpclient.netty.request.NettyRequestSender - Using pooled Channel '[id: 0x6c4697b6, L:/127.0.0.1:64421 - R:localhost/127.0.0.1:51741]' for 'GET' to 'http://localhost:51741/session/81e8f07af89f612b1e68f8f42fbf4103/element/65ab01bd-0314-43ce-a71a-7d03c6f1aa62/name'
19:03:55.203 [Forwarding getElementTagName on session 81e8f07af89f612b1e68f8f42fbf4103 to remote] DEBUG org.asynchttpclient.netty.request.NettyRequestSender - Using open Channel [id: 0x6c4697b6, L:/127.0.0.1:64421 - R:localhost/127.0.0.1:51741] for GET '/session/81e8f07af89f612b1e68f8f42fbf4103/element/65ab01bd-0314-43ce-a71a-7d03c6f1aa62/name'
19:03:55.203 [AsyncHttpClient-1-2] DEBUG org.asynchttpclient.netty.handler.HttpHandler - 

Request DefaultFullHttpRequest(decodeResult: success, version: HTTP/1.1, content: EmptyByteBufBE)
GET /session/81e8f07af89f612b1e68f8f42fbf4103/element/65ab01bd-0314-43ce-a71a-7d03c6f1aa62/name HTTP/1.1
User-Agent: selenium/4.1.2 (java windows)
Cache-Control: no-cache
Content-Type: application/json; charset=utf-8
host: localhost:51741
accept: */*

Response DefaultHttpResponse(decodeResult: success, version: HTTP/1.1)
HTTP/1.1 200 OK
Content-Type: application/json; charset=utf-8
cache-control: no-cache
content-length: 15

19:03:55.203 [AsyncHttpClient-1-2] DEBUG org.asynchttpclient.netty.channel.ChannelManager - Adding key: http://localhost:51741 for channel [id: 0x6c4697b6, L:/127.0.0.1:64421 - R:localhost/127.0.0.1:51741]
19:03:55.203 [Forwarding getElementTagName on session 81e8f07af89f612b1e68f8f42fbf4103 to remote] DEBUG org.asynchttpclient.netty.request.NettyRequestSender - Using pooled Channel '[id: 0x6c4697b6, L:/127.0.0.1:64421 - R:localhost/127.0.0.1:51741]' for 'GET' to 'http://localhost:51741/session/81e8f07af89f612b1e68f8f42fbf4103/element/65ab01bd-0314-43ce-a71a-7d03c6f1aa62/name'
19:03:55.203 [Forwarding getElementTagName on session 81e8f07af89f612b1e68f8f42fbf4103 to remote] DEBUG org.asynchttpclient.netty.request.NettyRequestSender - Using open Channel [id: 0x6c4697b6, L:/127.0.0.1:64421 - R:localhost/127.0.0.1:51741] for GET '/session/81e8f07af89f612b1e68f8f42fbf4103/element/65ab01bd-0314-43ce-a71a-7d03c6f1aa62/name'
19:03:55.219 [AsyncHttpClient-1-2] DEBUG org.asynchttpclient.netty.handler.HttpHandler - 

Request DefaultFullHttpRequest(decodeResult: success, version: HTTP/1.1, content: EmptyByteBufBE)
GET /session/81e8f07af89f612b1e68f8f42fbf4103/element/65ab01bd-0314-43ce-a71a-7d03c6f1aa62/name HTTP/1.1
User-Agent: selenium/4.1.2 (java windows)
Cache-Control: no-cache
Content-Type: application/json; charset=utf-8
host: localhost:51741
accept: */*

Response DefaultHttpResponse(decodeResult: success, version: HTTP/1.1)
HTTP/1.1 200 OK
Content-Type: application/json; charset=utf-8
cache-control: no-cache
content-length: 15

19:03:55.219 [AsyncHttpClient-1-2] DEBUG org.asynchttpclient.netty.channel.ChannelManager - Adding key: http://localhost:51741 for channel [id: 0x6c4697b6, L:/127.0.0.1:64421 - R:localhost/127.0.0.1:51741]
19:03:55.219 [Forwarding findElement on session 81e8f07af89f612b1e68f8f42fbf4103 to remote] DEBUG org.asynchttpclient.netty.request.NettyRequestSender - Using pooled Channel '[id: 0x6c4697b6, L:/127.0.0.1:64421 - R:localhost/127.0.0.1:51741]' for 'POST' to 'http://localhost:51741/session/81e8f07af89f612b1e68f8f42fbf4103/element'
19:03:55.219 [Forwarding findElement on session 81e8f07af89f612b1e68f8f42fbf4103 to remote] DEBUG org.asynchttpclient.netty.request.NettyRequestSender - Using open Channel [id: 0x6c4697b6, L:/127.0.0.1:64421 - R:localhost/127.0.0.1:51741] for POST '/session/81e8f07af89f612b1e68f8f42fbf4103/element'
19:03:55.219 [AsyncHttpClient-1-2] DEBUG org.asynchttpclient.netty.handler.HttpHandler - 

Request DefaultHttpRequest(decodeResult: success, version: HTTP/1.1)
POST /session/81e8f07af89f612b1e68f8f42fbf4103/element HTTP/1.1
User-Agent: selenium/4.1.2 (java windows)
Content-Length: 101
Content-Type: application/json; charset=utf-8
host: localhost:51741
accept: */*

Response DefaultHttpResponse(decodeResult: success, version: HTTP/1.1)
HTTP/1.1 200 OK
Content-Type: application/json; charset=utf-8
cache-control: no-cache
content-length: 88

19:03:55.219 [AsyncHttpClient-1-2] DEBUG org.asynchttpclient.netty.channel.ChannelManager - Adding key: http://localhost:51741 for channel [id: 0x6c4697b6, L:/127.0.0.1:64421 - R:localhost/127.0.0.1:51741]
19:03:55.219 [Forwarding clickElement on session 81e8f07af89f612b1e68f8f42fbf4103 to remote] DEBUG org.asynchttpclient.netty.request.NettyRequestSender - Using pooled Channel '[id: 0x6c4697b6, L:/127.0.0.1:64421 - R:localhost/127.0.0.1:51741]' for 'POST' to 'http://localhost:51741/session/81e8f07af89f612b1e68f8f42fbf4103/element/65ab01bd-0314-43ce-a71a-7d03c6f1aa62/click'
19:03:55.219 [Forwarding clickElement on session 81e8f07af89f612b1e68f8f42fbf4103 to remote] DEBUG org.asynchttpclient.netty.request.NettyRequestSender - Using open Channel [id: 0x6c4697b6, L:/127.0.0.1:64421 - R:localhost/127.0.0.1:51741] for POST '/session/81e8f07af89f612b1e68f8f42fbf4103/element/65ab01bd-0314-43ce-a71a-7d03c6f1aa62/click'
19:03:55.290 [AsyncHttpClient-1-2] DEBUG org.asynchttpclient.netty.handler.HttpHandler - 

Request DefaultHttpRequest(decodeResult: success, version: HTTP/1.1)
POST /session/81e8f07af89f612b1e68f8f42fbf4103/element/65ab01bd-0314-43ce-a71a-7d03c6f1aa62/click HTTP/1.1
User-Agent: selenium/4.1.2 (java windows)
Content-Length: 50
Content-Type: application/json; charset=utf-8
host: localhost:51741
accept: */*

Response DefaultHttpResponse(decodeResult: success, version: HTTP/1.1)
HTTP/1.1 200 OK
Content-Type: application/json; charset=utf-8
cache-control: no-cache
content-length: 14

19:03:55.290 [AsyncHttpClient-1-2] DEBUG org.asynchttpclient.netty.channel.ChannelManager - Adding key: http://localhost:51741 for channel [id: 0x6c4697b6, L:/127.0.0.1:64421 - R:localhost/127.0.0.1:51741]
19:03:55.297 [Forwarding screenshot on session 81e8f07af89f612b1e68f8f42fbf4103 to remote] DEBUG org.asynchttpclient.netty.request.NettyRequestSender - Using pooled Channel '[id: 0x6c4697b6, L:/127.0.0.1:64421 - R:localhost/127.0.0.1:51741]' for 'GET' to 'http://localhost:51741/session/81e8f07af89f612b1e68f8f42fbf4103/screenshot'
19:03:55.297 [Forwarding screenshot on session 81e8f07af89f612b1e68f8f42fbf4103 to remote] DEBUG org.asynchttpclient.netty.request.NettyRequestSender - Using open Channel [id: 0x6c4697b6, L:/127.0.0.1:64421 - R:localhost/127.0.0.1:51741] for GET '/session/81e8f07af89f612b1e68f8f42fbf4103/screenshot'
19:03:55.460 [AsyncHttpClient-1-2] DEBUG org.asynchttpclient.netty.handler.HttpHandler - 

Request DefaultFullHttpRequest(decodeResult: success, version: HTTP/1.1, content: EmptyByteBufBE)
GET /session/81e8f07af89f612b1e68f8f42fbf4103/screenshot HTTP/1.1
User-Agent: selenium/4.1.2 (java windows)
Cache-Control: no-cache
Content-Type: application/json; charset=utf-8
host: localhost:51741
accept: */*

Response DefaultHttpResponse(decodeResult: success, version: HTTP/1.1)
HTTP/1.1 200 OK
Content-Type: application/json; charset=utf-8
cache-control: no-cache
content-length: 93428

19:03:55.460 [AsyncHttpClient-1-2] DEBUG org.asynchttpclient.netty.channel.ChannelManager - Adding key: http://localhost:51741 for channel [id: 0x6c4697b6, L:/127.0.0.1:64421 - R:localhost/127.0.0.1:51741]
19:03:55.460 [main] DEBUG net.serenitybdd.core.photography.Darkroom - Send negative for processing for target\site\serenity\91cf7f33987d9bbe72d1eaa45d966eba7f7fd1a519269161349c9c0c623de52c.png
19:03:55.460 [main] DEBUG net.thucydides.core.steps.StepInterceptor - STEP DONE: clickBookStoreApplication
19:03:55.460 [Darkroom Processing Line] DEBUG net.serenitybdd.core.photography.DarkroomProcessingLine - Processing screenshot image in /var/screenshots/screenshot-10946839805613824697
19:03:55.460 [Darkroom Processing Line] DEBUG net.serenitybdd.core.photography.DarkroomProcessingLine - Saving screenshot to target\site\serenity\91cf7f33987d9bbe72d1eaa45d966eba7f7fd1a519269161349c9c0c623de52c.png
19:03:55.475 [main] DEBUG net.thucydides.core.steps.StepInterceptor - STARTING STEP: LoginStep.clickBookStoreApplication - validateOnBooksPage
19:03:55.475 [Forwarding findElement on session 81e8f07af89f612b1e68f8f42fbf4103 to remote] DEBUG org.asynchttpclient.netty.request.NettyRequestSender - Using pooled Channel '[id: 0x6c4697b6, L:/127.0.0.1:64421 - R:localhost/127.0.0.1:51741]' for 'POST' to 'http://localhost:51741/session/81e8f07af89f612b1e68f8f42fbf4103/element'
19:03:55.475 [Forwarding findElement on session 81e8f07af89f612b1e68f8f42fbf4103 to remote] DEBUG org.asynchttpclient.netty.request.NettyRequestSender - Using open Channel [id: 0x6c4697b6, L:/127.0.0.1:64421 - R:localhost/127.0.0.1:51741] for POST '/session/81e8f07af89f612b1e68f8f42fbf4103/element'
19:03:55.475 [AsyncHttpClient-1-2] DEBUG org.asynchttpclient.netty.handler.HttpHandler - 

Request DefaultHttpRequest(decodeResult: success, version: HTTP/1.1)
POST /session/81e8f07af89f612b1e68f8f42fbf4103/element HTTP/1.1
User-Agent: selenium/4.1.2 (java windows)
Content-Length: 48
Content-Type: application/json; charset=utf-8
host: localhost:51741
accept: */*

Response DefaultHttpResponse(decodeResult: success, version: HTTP/1.1)
HTTP/1.1 400 Bad Request
Content-Type: application/json; charset=utf-8
cache-control: no-cache
content-length: 959

19:03:55.475 [AsyncHttpClient-1-2] DEBUG org.asynchttpclient.netty.channel.ChannelManager - Adding key: http://localhost:51741 for channel [id: 0x6c4697b6, L:/127.0.0.1:64421 - R:localhost/127.0.0.1:51741]
19:03:55.475 [Forwarding findElement on session 81e8f07af89f612b1e68f8f42fbf4103 to remote] DEBUG org.asynchttpclient.netty.request.NettyRequestSender - Using pooled Channel '[id: 0x6c4697b6, L:/127.0.0.1:64421 - R:localhost/127.0.0.1:51741]' for 'POST' to 'http://localhost:51741/session/81e8f07af89f612b1e68f8f42fbf4103/element'
19:03:55.475 [Forwarding findElement on session 81e8f07af89f612b1e68f8f42fbf4103 to remote] DEBUG org.asynchttpclient.netty.request.NettyRequestSender - Using open Channel [id: 0x6c4697b6, L:/127.0.0.1:64421 - R:localhost/127.0.0.1:51741] for POST '/session/81e8f07af89f612b1e68f8f42fbf4103/element'
19:03:55.544 [AsyncHttpClient-1-2] DEBUG org.asynchttpclient.netty.handler.HttpHandler - 

Request DefaultHttpRequest(decodeResult: success, version: HTTP/1.1)
POST /session/81e8f07af89f612b1e68f8f42fbf4103/element HTTP/1.1
User-Agent: selenium/4.1.2 (java windows)
Content-Length: 58
Content-Type: application/json; charset=utf-8
host: localhost:51741
accept: */*

Response DefaultHttpResponse(decodeResult: success, version: HTTP/1.1)
HTTP/1.1 200 OK
Content-Type: application/json; charset=utf-8
cache-control: no-cache
content-length: 88

19:03:55.544 [AsyncHttpClient-1-2] DEBUG org.asynchttpclient.netty.channel.ChannelManager - Adding key: http://localhost:51741 for channel [id: 0x6c4697b6, L:/127.0.0.1:64421 - R:localhost/127.0.0.1:51741]
19:03:55.554 [Forwarding isElementDisplayed on session 81e8f07af89f612b1e68f8f42fbf4103 to remote] DEBUG org.asynchttpclient.netty.request.NettyRequestSender - Using pooled Channel '[id: 0x6c4697b6, L:/127.0.0.1:64421 - R:localhost/127.0.0.1:51741]' for 'POST' to 'http://localhost:51741/session/81e8f07af89f612b1e68f8f42fbf4103/execute/sync'
19:03:55.555 [Forwarding isElementDisplayed on session 81e8f07af89f612b1e68f8f42fbf4103 to remote] DEBUG org.asynchttpclient.netty.request.NettyRequestSender - Using open Channel [id: 0x6c4697b6, L:/127.0.0.1:64421 - R:localhost/127.0.0.1:51741] for POST '/session/81e8f07af89f612b1e68f8f42fbf4103/execute/sync'
19:03:55.575 [AsyncHttpClient-1-2] DEBUG org.asynchttpclient.netty.handler.HttpHandler - 

Request DefaultHttpRequest(decodeResult: success, version: HTTP/1.1)
POST /session/81e8f07af89f612b1e68f8f42fbf4103/execute/sync HTTP/1.1
User-Agent: selenium/4.1.2 (java windows)
Content-Length: 48780
Content-Type: application/json; charset=utf-8
host: localhost:51741
accept: */*

Response DefaultHttpResponse(decodeResult: success, version: HTTP/1.1)
HTTP/1.1 200 OK
Content-Type: application/json; charset=utf-8
cache-control: no-cache
content-length: 14

19:03:55.576 [AsyncHttpClient-1-2] DEBUG org.asynchttpclient.netty.channel.ChannelManager - Adding key: http://localhost:51741 for channel [id: 0x6c4697b6, L:/127.0.0.1:64421 - R:localhost/127.0.0.1:51741]
19:03:55.585 [Forwarding screenshot on session 81e8f07af89f612b1e68f8f42fbf4103 to remote] DEBUG org.asynchttpclient.netty.request.NettyRequestSender - Using pooled Channel '[id: 0x6c4697b6, L:/127.0.0.1:64421 - R:localhost/127.0.0.1:51741]' for 'GET' to 'http://localhost:51741/session/81e8f07af89f612b1e68f8f42fbf4103/screenshot'
19:03:55.586 [Forwarding screenshot on session 81e8f07af89f612b1e68f8f42fbf4103 to remote] DEBUG org.asynchttpclient.netty.request.NettyRequestSender - Using open Channel [id: 0x6c4697b6, L:/127.0.0.1:64421 - R:localhost/127.0.0.1:51741] for GET '/session/81e8f07af89f612b1e68f8f42fbf4103/screenshot'
19:03:55.704 [AsyncHttpClient-1-2] DEBUG org.asynchttpclient.netty.handler.HttpHandler - 

Request DefaultFullHttpRequest(decodeResult: success, version: HTTP/1.1, content: EmptyByteBufBE)
GET /session/81e8f07af89f612b1e68f8f42fbf4103/screenshot HTTP/1.1
User-Agent: selenium/4.1.2 (java windows)
Cache-Control: no-cache
Content-Type: application/json; charset=utf-8
host: localhost:51741
accept: */*

Response DefaultHttpResponse(decodeResult: success, version: HTTP/1.1)
HTTP/1.1 200 OK
Content-Type: application/json; charset=utf-8
cache-control: no-cache
content-length: 107688

19:03:55.705 [AsyncHttpClient-1-2] DEBUG org.asynchttpclient.netty.channel.ChannelManager - Adding key: http://localhost:51741 for channel [id: 0x6c4697b6, L:/127.0.0.1:64421 - R:localhost/127.0.0.1:51741]
19:03:55.717 [main] DEBUG net.serenitybdd.core.photography.Darkroom - Send negative for processing for target\site\serenity\dd87374f904dbe360e1d8a44a99f730ea0864f2817b86999394c58306b3f2fa1.png
19:03:55.717 [main] DEBUG net.thucydides.core.steps.StepInterceptor - STEP DONE: validateOnBooksPage
  &amp#27;[32mWhen &amp#27;[0m&amp#27;[32mI click Book Store Application&amp#27;[0m                                               &amp#27;[90m# starter.stepdefinition.LoginStep.clickBookStoreApplication()&amp#27;[0m
19:03:55.717 [Darkroom Processing Line] DEBUG net.serenitybdd.core.photography.DarkroomProcessingLine - Processing screenshot image in /var/screenshots/screenshot-11398525348909465461
19:03:55.717 [Darkroom Processing Line] DEBUG net.serenitybdd.core.photography.DarkroomProcessingLine - Saving screenshot to target\site\serenity\dd87374f904dbe360e1d8a44a99f730ea0864f2817b86999394c58306b3f2fa1.png
19:03:55.739 [main] DEBUG net.thucydides.core.steps.StepInterceptor - STARTING STEP: LoginStep.clickLoginButtonForGoToTheLoginPage - clickLoginButtonMasuk
19:03:55.746 [Forwarding findElement on session 81e8f07af89f612b1e68f8f42fbf4103 to remote] DEBUG org.asynchttpclient.netty.request.NettyRequestSender - Using pooled Channel '[id: 0x6c4697b6, L:/127.0.0.1:64421 - R:localhost/127.0.0.1:51741]' for 'POST' to 'http://localhost:51741/session/81e8f07af89f612b1e68f8f42fbf4103/element'
19:03:55.746 [Forwarding findElement on session 81e8f07af89f612b1e68f8f42fbf4103 to remote] DEBUG org.asynchttpclient.netty.request.NettyRequestSender - Using open Channel [id: 0x6c4697b6, L:/127.0.0.1:64421 - R:localhost/127.0.0.1:51741] for POST '/session/81e8f07af89f612b1e68f8f42fbf4103/element'
19:03:55.758 [AsyncHttpClient-1-2] DEBUG org.asynchttpclient.netty.handler.HttpHandler - 

Request DefaultHttpRequest(decodeResult: success, version: HTTP/1.1)
POST /session/81e8f07af89f612b1e68f8f42fbf4103/element HTTP/1.1
User-Agent: selenium/4.1.2 (java windows)
Content-Length: 50
Content-Type: application/json; charset=utf-8
host: localhost:51741
accept: */*

Response DefaultHttpResponse(decodeResult: success, version: HTTP/1.1)
HTTP/1.1 200 OK
Content-Type: application/json; charset=utf-8
cache-control: no-cache
content-length: 88

19:03:55.759 [AsyncHttpClient-1-2] DEBUG org.asynchttpclient.netty.channel.ChannelManager - Adding key: http://localhost:51741 for channel [id: 0x6c4697b6, L:/127.0.0.1:64421 - R:localhost/127.0.0.1:51741]
19:03:55.762 [Forwarding getElementTagName on session 81e8f07af89f612b1e68f8f42fbf4103 to remote] DEBUG org.asynchttpclient.netty.request.NettyRequestSender - Using pooled Channel '[id: 0x6c4697b6, L:/127.0.0.1:64421 - R:localhost/127.0.0.1:51741]' for 'GET' to 'http://localhost:51741/session/81e8f07af89f612b1e68f8f42fbf4103/element/a94f2483-9ee9-4fad-a057-76c156034d36/name'
19:03:55.762 [Forwarding getElementTagName on session 81e8f07af89f612b1e68f8f42fbf4103 to remote] DEBUG org.asynchttpclient.netty.request.NettyRequestSender - Using open Channel [id: 0x6c4697b6, L:/127.0.0.1:64421 - R:localhost/127.0.0.1:51741] for GET '/session/81e8f07af89f612b1e68f8f42fbf4103/element/a94f2483-9ee9-4fad-a057-76c156034d36/name'
19:03:55.768 [AsyncHttpClient-1-2] DEBUG org.asynchttpclient.netty.handler.HttpHandler - 

Request DefaultFullHttpRequest(decodeResult: success, version: HTTP/1.1, content: EmptyByteBufBE)
GET /session/81e8f07af89f612b1e68f8f42fbf4103/element/a94f2483-9ee9-4fad-a057-76c156034d36/name HTTP/1.1
User-Agent: selenium/4.1.2 (java windows)
Cache-Control: no-cache
Content-Type: application/json; charset=utf-8
host: localhost:51741
accept: */*

Response DefaultHttpResponse(decodeResult: success, version: HTTP/1.1)
HTTP/1.1 200 OK
Content-Type: application/json; charset=utf-8
cache-control: no-cache
content-length: 18

19:03:55.768 [AsyncHttpClient-1-2] DEBUG org.asynchttpclient.netty.channel.ChannelManager - Adding key: http://localhost:51741 for channel [id: 0x6c4697b6, L:/127.0.0.1:64421 - R:localhost/127.0.0.1:51741]
19:03:55.771 [Forwarding getElementTagName on session 81e8f07af89f612b1e68f8f42fbf4103 to remote] DEBUG org.asynchttpclient.netty.request.NettyRequestSender - Using pooled Channel '[id: 0x6c4697b6, L:/127.0.0.1:64421 - R:localhost/127.0.0.1:51741]' for 'GET' to 'http://localhost:51741/session/81e8f07af89f612b1e68f8f42fbf4103/element/a94f2483-9ee9-4fad-a057-76c156034d36/name'
19:03:55.771 [Forwarding getElementTagName on session 81e8f07af89f612b1e68f8f42fbf4103 to remote] DEBUG org.asynchttpclient.netty.request.NettyRequestSender - Using open Channel [id: 0x6c4697b6, L:/127.0.0.1:64421 - R:localhost/127.0.0.1:51741] for GET '/session/81e8f07af89f612b1e68f8f42fbf4103/element/a94f2483-9ee9-4fad-a057-76c156034d36/name'
19:03:55.776 [AsyncHttpClient-1-2] DEBUG org.asynchttpclient.netty.handler.HttpHandler - 

Request DefaultFullHttpRequest(decodeResult: success, version: HTTP/1.1, content: EmptyByteBufBE)
GET /session/81e8f07af89f612b1e68f8f42fbf4103/element/a94f2483-9ee9-4fad-a057-76c156034d36/name HTTP/1.1
User-Agent: selenium/4.1.2 (java windows)
Cache-Control: no-cache
Content-Type: application/json; charset=utf-8
host: localhost:51741
accept: */*

Response DefaultHttpResponse(decodeResult: success, version: HTTP/1.1)
HTTP/1.1 200 OK
Content-Type: application/json; charset=utf-8
cache-control: no-cache
content-length: 18

19:03:55.777 [AsyncHttpClient-1-2] DEBUG org.asynchttpclient.netty.channel.ChannelManager - Adding key: http://localhost:51741 for channel [id: 0x6c4697b6, L:/127.0.0.1:64421 - R:localhost/127.0.0.1:51741]
19:03:55.784 [Forwarding isElementEnabled on session 81e8f07af89f612b1e68f8f42fbf4103 to remote] DEBUG org.asynchttpclient.netty.request.NettyRequestSender - Using pooled Channel '[id: 0x6c4697b6, L:/127.0.0.1:64421 - R:localhost/127.0.0.1:51741]' for 'GET' to 'http://localhost:51741/session/81e8f07af89f612b1e68f8f42fbf4103/element/a94f2483-9ee9-4fad-a057-76c156034d36/enabled'
19:03:55.784 [Forwarding isElementEnabled on session 81e8f07af89f612b1e68f8f42fbf4103 to remote] DEBUG org.asynchttpclient.netty.request.NettyRequestSender - Using open Channel [id: 0x6c4697b6, L:/127.0.0.1:64421 - R:localhost/127.0.0.1:51741] for GET '/session/81e8f07af89f612b1e68f8f42fbf4103/element/a94f2483-9ee9-4fad-a057-76c156034d36/enabled'
19:03:55.793 [AsyncHttpClient-1-2] DEBUG org.asynchttpclient.netty.handler.HttpHandler - 

Request DefaultFullHttpRequest(decodeResult: success, version: HTTP/1.1, content: EmptyByteBufBE)
GET /session/81e8f07af89f612b1e68f8f42fbf4103/element/a94f2483-9ee9-4fad-a057-76c156034d36/enabled HTTP/1.1
User-Agent: selenium/4.1.2 (java windows)
Cache-Control: no-cache
Content-Type: application/json; charset=utf-8
host: localhost:51741
accept: */*

Response DefaultHttpResponse(decodeResult: success, version: HTTP/1.1)
HTTP/1.1 200 OK
Content-Type: application/json; charset=utf-8
cache-control: no-cache
content-length: 14

19:03:55.793 [AsyncHttpClient-1-2] DEBUG org.asynchttpclient.netty.channel.ChannelManager - Adding key: http://localhost:51741 for channel [id: 0x6c4697b6, L:/127.0.0.1:64421 - R:localhost/127.0.0.1:51741]
19:03:55.795 [Forwarding isElementEnabled on session 81e8f07af89f612b1e68f8f42fbf4103 to remote] DEBUG org.asynchttpclient.netty.request.NettyRequestSender - Using pooled Channel '[id: 0x6c4697b6, L:/127.0.0.1:64421 - R:localhost/127.0.0.1:51741]' for 'GET' to 'http://localhost:51741/session/81e8f07af89f612b1e68f8f42fbf4103/element/a94f2483-9ee9-4fad-a057-76c156034d36/enabled'
19:03:55.795 [Forwarding isElementEnabled on session 81e8f07af89f612b1e68f8f42fbf4103 to remote] DEBUG org.asynchttpclient.netty.request.NettyRequestSender - Using open Channel [id: 0x6c4697b6, L:/127.0.0.1:64421 - R:localhost/127.0.0.1:51741] for GET '/session/81e8f07af89f612b1e68f8f42fbf4103/element/a94f2483-9ee9-4fad-a057-76c156034d36/enabled'
19:03:55.802 [AsyncHttpClient-1-2] DEBUG org.asynchttpclient.netty.handler.HttpHandler - 

Request DefaultFullHttpRequest(decodeResult: success, version: HTTP/1.1, content: EmptyByteBufBE)
GET /session/81e8f07af89f612b1e68f8f42fbf4103/element/a94f2483-9ee9-4fad-a057-76c156034d36/enabled HTTP/1.1
User-Agent: selenium/4.1.2 (java windows)
Cache-Control: no-cache
Content-Type: application/json; charset=utf-8
host: localhost:51741
accept: */*

Response DefaultHttpResponse(decodeResult: success, version: HTTP/1.1)
HTTP/1.1 200 OK
Content-Type: application/json; charset=utf-8
cache-control: no-cache
content-length: 14

19:03:55.802 [AsyncHttpClient-1-2] DEBUG org.asynchttpclient.netty.channel.ChannelManager - Adding key: http://localhost:51741 for channel [id: 0x6c4697b6, L:/127.0.0.1:64421 - R:localhost/127.0.0.1:51741]
19:03:55.805 [Forwarding findElement on session 81e8f07af89f612b1e68f8f42fbf4103 to remote] DEBUG org.asynchttpclient.netty.request.NettyRequestSender - Using pooled Channel '[id: 0x6c4697b6, L:/127.0.0.1:64421 - R:localhost/127.0.0.1:51741]' for 'POST' to 'http://localhost:51741/session/81e8f07af89f612b1e68f8f42fbf4103/element'
19:03:55.805 [Forwarding findElement on session 81e8f07af89f612b1e68f8f42fbf4103 to remote] DEBUG org.asynchttpclient.netty.request.NettyRequestSender - Using open Channel [id: 0x6c4697b6, L:/127.0.0.1:64421 - R:localhost/127.0.0.1:51741] for POST '/session/81e8f07af89f612b1e68f8f42fbf4103/element'
19:03:55.813 [AsyncHttpClient-1-2] DEBUG org.asynchttpclient.netty.handler.HttpHandler - 

Request DefaultHttpRequest(decodeResult: success, version: HTTP/1.1)
POST /session/81e8f07af89f612b1e68f8f42fbf4103/element HTTP/1.1
User-Agent: selenium/4.1.2 (java windows)
Content-Length: 50
Content-Type: application/json; charset=utf-8
host: localhost:51741
accept: */*

Response DefaultHttpResponse(decodeResult: success, version: HTTP/1.1)
HTTP/1.1 200 OK
Content-Type: application/json; charset=utf-8
cache-control: no-cache
content-length: 88

19:03:55.813 [AsyncHttpClient-1-2] DEBUG org.asynchttpclient.netty.channel.ChannelManager - Adding key: http://localhost:51741 for channel [id: 0x6c4697b6, L:/127.0.0.1:64421 - R:localhost/127.0.0.1:51741]
19:03:55.814 [Forwarding clickElement on session 81e8f07af89f612b1e68f8f42fbf4103 to remote] DEBUG org.asynchttpclient.netty.request.NettyRequestSender - Using pooled Channel '[id: 0x6c4697b6, L:/127.0.0.1:64421 - R:localhost/127.0.0.1:51741]' for 'POST' to 'http://localhost:51741/session/81e8f07af89f612b1e68f8f42fbf4103/element/a94f2483-9ee9-4fad-a057-76c156034d36/click'
19:03:55.814 [Forwarding clickElement on session 81e8f07af89f612b1e68f8f42fbf4103 to remote] DEBUG org.asynchttpclient.netty.request.NettyRequestSender - Using open Channel [id: 0x6c4697b6, L:/127.0.0.1:64421 - R:localhost/127.0.0.1:51741] for POST '/session/81e8f07af89f612b1e68f8f42fbf4103/element/a94f2483-9ee9-4fad-a057-76c156034d36/click'
19:03:55.863 [AsyncHttpClient-1-2] DEBUG org.asynchttpclient.netty.handler.HttpHandler - 

Request DefaultHttpRequest(decodeResult: success, version: HTTP/1.1)
POST /session/81e8f07af89f612b1e68f8f42fbf4103/element/a94f2483-9ee9-4fad-a057-76c156034d36/click HTTP/1.1
User-Agent: selenium/4.1.2 (java windows)
Content-Length: 50
Content-Type: application/json; charset=utf-8
host: localhost:51741
accept: */*

Response DefaultHttpResponse(decodeResult: success, version: HTTP/1.1)
HTTP/1.1 200 OK
Content-Type: application/json; charset=utf-8
cache-control: no-cache
content-length: 14

19:03:55.863 [AsyncHttpClient-1-2] DEBUG org.asynchttpclient.netty.channel.ChannelManager - Adding key: http://localhost:51741 for channel [id: 0x6c4697b6, L:/127.0.0.1:64421 - R:localhost/127.0.0.1:51741]
19:03:55.871 [Forwarding screenshot on session 81e8f07af89f612b1e68f8f42fbf4103 to remote] DEBUG org.asynchttpclient.netty.request.NettyRequestSender - Using pooled Channel '[id: 0x6c4697b6, L:/127.0.0.1:64421 - R:localhost/127.0.0.1:51741]' for 'GET' to 'http://localhost:51741/session/81e8f07af89f612b1e68f8f42fbf4103/screenshot'
19:03:55.871 [Forwarding screenshot on session 81e8f07af89f612b1e68f8f42fbf4103 to remote] DEBUG org.asynchttpclient.netty.request.NettyRequestSender - Using open Channel [id: 0x6c4697b6, L:/127.0.0.1:64421 - R:localhost/127.0.0.1:51741] for GET '/session/81e8f07af89f612b1e68f8f42fbf4103/screenshot'
19:03:55.992 [AsyncHttpClient-1-2] DEBUG org.asynchttpclient.netty.handler.HttpHandler - 

Request DefaultFullHttpRequest(decodeResult: success, version: HTTP/1.1, content: EmptyByteBufBE)
GET /session/81e8f07af89f612b1e68f8f42fbf4103/screenshot HTTP/1.1
User-Agent: selenium/4.1.2 (java windows)
Cache-Control: no-cache
Content-Type: application/json; charset=utf-8
host: localhost:51741
accept: */*

Response DefaultHttpResponse(decodeResult: success, version: HTTP/1.1)
HTTP/1.1 200 OK
Content-Type: application/json; charset=utf-8
cache-control: no-cache
content-length: 119944

19:03:55.992 [AsyncHttpClient-1-2] DEBUG org.asynchttpclient.netty.channel.ChannelManager - Adding key: http://localhost:51741 for channel [id: 0x6c4697b6, L:/127.0.0.1:64421 - R:localhost/127.0.0.1:51741]
19:03:56.007 [main] DEBUG net.serenitybdd.core.photography.Darkroom - Send negative for processing for target\site\serenity\831951312b318551d2b5c3570ed8161cb9136a14588940306fa6aecad91b145d.png
19:03:56.007 [main] DEBUG net.thucydides.core.steps.StepInterceptor - STEP DONE: clickLoginButtonMasuk
  &amp#27;[32mAnd &amp#27;[0m&amp#27;[32mI click login button for go to the login page&amp#27;[0m                                 &amp#27;[90m# starter.stepdefinition.LoginStep.clickLoginButtonForGoToTheLoginPage()&amp#27;[0m
19:03:56.007 [Darkroom Processing Line] DEBUG net.serenitybdd.core.photography.DarkroomProcessingLine - Processing screenshot image in /var/screenshots/screenshot-8003394231219080943
19:03:56.007 [Darkroom Processing Line] DEBUG net.serenitybdd.core.photography.DarkroomProcessingLine - Saving screenshot to target\site\serenity\831951312b318551d2b5c3570ed8161cb9136a14588940306fa6aecad91b145d.png
19:03:56.023 [main] DEBUG net.thucydides.core.steps.StepInterceptor - STARTING STEP: LoginStep.onLoginPage - validateOnLoginPage
19:03:56.023 [Forwarding findElement on session 81e8f07af89f612b1e68f8f42fbf4103 to remote] DEBUG org.asynchttpclient.netty.request.NettyRequestSender - Using pooled Channel '[id: 0x6c4697b6, L:/127.0.0.1:64421 - R:localhost/127.0.0.1:51741]' for 'POST' to 'http://localhost:51741/session/81e8f07af89f612b1e68f8f42fbf4103/element'
19:03:56.023 [Forwarding findElement on session 81e8f07af89f612b1e68f8f42fbf4103 to remote] DEBUG org.asynchttpclient.netty.request.NettyRequestSender - Using open Channel [id: 0x6c4697b6, L:/127.0.0.1:64421 - R:localhost/127.0.0.1:51741] for POST '/session/81e8f07af89f612b1e68f8f42fbf4103/element'
19:03:56.023 [AsyncHttpClient-1-2] DEBUG org.asynchttpclient.netty.handler.HttpHandler - 

Request DefaultHttpRequest(decodeResult: success, version: HTTP/1.1)
POST /session/81e8f07af89f612b1e68f8f42fbf4103/element HTTP/1.1
User-Agent: selenium/4.1.2 (java windows)
Content-Length: 50
Content-Type: application/json; charset=utf-8
host: localhost:51741
accept: */*

Response DefaultHttpResponse(decodeResult: success, version: HTTP/1.1)
HTTP/1.1 200 OK
Content-Type: application/json; charset=utf-8
cache-control: no-cache
content-length: 88

19:03:56.039 [AsyncHttpClient-1-2] DEBUG org.asynchttpclient.netty.channel.ChannelManager - Adding key: http://localhost:51741 for channel [id: 0x6c4697b6, L:/127.0.0.1:64421 - R:localhost/127.0.0.1:51741]
19:03:56.039 [Forwarding isElementDisplayed on session 81e8f07af89f612b1e68f8f42fbf4103 to remote] DEBUG org.asynchttpclient.netty.request.NettyRequestSender - Using pooled Channel '[id: 0x6c4697b6, L:/127.0.0.1:64421 - R:localhost/127.0.0.1:51741]' for 'POST' to 'http://localhost:51741/session/81e8f07af89f612b1e68f8f42fbf4103/execute/sync'
19:03:56.039 [Forwarding isElementDisplayed on session 81e8f07af89f612b1e68f8f42fbf4103 to remote] DEBUG org.asynchttpclient.netty.request.NettyRequestSender - Using open Channel [id: 0x6c4697b6, L:/127.0.0.1:64421 - R:localhost/127.0.0.1:51741] for POST '/session/81e8f07af89f612b1e68f8f42fbf4103/execute/sync'
19:03:56.059 [AsyncHttpClient-1-2] DEBUG org.asynchttpclient.netty.handler.HttpHandler - 

Request DefaultHttpRequest(decodeResult: success, version: HTTP/1.1)
POST /session/81e8f07af89f612b1e68f8f42fbf4103/execute/sync HTTP/1.1
User-Agent: selenium/4.1.2 (java windows)
Content-Length: 48780
Content-Type: application/json; charset=utf-8
host: localhost:51741
accept: */*

Response DefaultHttpResponse(decodeResult: success, version: HTTP/1.1)
HTTP/1.1 200 OK
Content-Type: application/json; charset=utf-8
cache-control: no-cache
content-length: 14

19:03:56.059 [AsyncHttpClient-1-2] DEBUG org.asynchttpclient.netty.channel.ChannelManager - Adding key: http://localhost:51741 for channel [id: 0x6c4697b6, L:/127.0.0.1:64421 - R:localhost/127.0.0.1:51741]
19:03:56.060 [AsyncHttpClient-1-1] DEBUG org.asynchttpclient.netty.channel.DefaultChannelPool - Entry count for : http://localhost:64422 : 1
19:03:56.060 [AsyncHttpClient-1-1] DEBUG org.asynchttpclient.netty.channel.DefaultChannelPool - Entry count for : http://localhost:51741 : 1
19:03:56.060 [Forwarding screenshot on session 81e8f07af89f612b1e68f8f42fbf4103 to remote] DEBUG org.asynchttpclient.netty.request.NettyRequestSender - Using pooled Channel '[id: 0x6c4697b6, L:/127.0.0.1:64421 - R:localhost/127.0.0.1:51741]' for 'GET' to 'http://localhost:51741/session/81e8f07af89f612b1e68f8f42fbf4103/screenshot'
19:03:56.060 [Forwarding screenshot on session 81e8f07af89f612b1e68f8f42fbf4103 to remote] DEBUG org.asynchttpclient.netty.request.NettyRequestSender - Using open Channel [id: 0x6c4697b6, L:/127.0.0.1:64421 - R:localhost/127.0.0.1:51741] for GET '/session/81e8f07af89f612b1e68f8f42fbf4103/screenshot'
19:03:56.181 [AsyncHttpClient-1-2] DEBUG org.asynchttpclient.netty.handler.HttpHandler - 

Request DefaultFullHttpRequest(decodeResult: success, version: HTTP/1.1, content: EmptyByteBufBE)
GET /session/81e8f07af89f612b1e68f8f42fbf4103/screenshot HTTP/1.1
User-Agent: selenium/4.1.2 (java windows)
Cache-Control: no-cache
Content-Type: application/json; charset=utf-8
host: localhost:51741
accept: */*

Response DefaultHttpResponse(decodeResult: success, version: HTTP/1.1)
HTTP/1.1 200 OK
Content-Type: application/json; charset=utf-8
cache-control: no-cache
content-length: 119944

19:03:56.182 [AsyncHttpClient-1-2] DEBUG org.asynchttpclient.netty.channel.ChannelManager - Adding key: http://localhost:51741 for channel [id: 0x6c4697b6, L:/127.0.0.1:64421 - R:localhost/127.0.0.1:51741]
19:03:56.186 [main] DEBUG net.serenitybdd.core.photography.Darkroom - Send negative for processing for target\site\serenity\831951312b318551d2b5c3570ed8161cb9136a14588940306fa6aecad91b145d.png
19:03:56.186 [main] DEBUG net.thucydides.core.steps.StepInterceptor - STEP DONE: validateOnLoginPage
  &amp#27;[32mAnd &amp#27;[0m&amp#27;[32mI am on login page&amp#27;[0m                                                            &amp#27;[90m# starter.stepdefinition.LoginStep.onLoginPage()&amp#27;[0m
19:03:56.204 [main] DEBUG net.thucydides.core.steps.StepInterceptor - STARTING STEP: LoginStep.iInputUsernameAndPassword - inputUserName
19:03:56.208 [Forwarding findElement on session 81e8f07af89f612b1e68f8f42fbf4103 to remote] DEBUG org.asynchttpclient.netty.request.NettyRequestSender - Using pooled Channel '[id: 0x6c4697b6, L:/127.0.0.1:64421 - R:localhost/127.0.0.1:51741]' for 'POST' to 'http://localhost:51741/session/81e8f07af89f612b1e68f8f42fbf4103/element'
19:03:56.208 [Forwarding findElement on session 81e8f07af89f612b1e68f8f42fbf4103 to remote] DEBUG org.asynchttpclient.netty.request.NettyRequestSender - Using open Channel [id: 0x6c4697b6, L:/127.0.0.1:64421 - R:localhost/127.0.0.1:51741] for POST '/session/81e8f07af89f612b1e68f8f42fbf4103/element'
19:03:56.219 [AsyncHttpClient-1-2] DEBUG org.asynchttpclient.netty.handler.HttpHandler - 

Request DefaultHttpRequest(decodeResult: success, version: HTTP/1.1)
POST /session/81e8f07af89f612b1e68f8f42fbf4103/element HTTP/1.1
User-Agent: selenium/4.1.2 (java windows)
Content-Length: 53
Content-Type: application/json; charset=utf-8
host: localhost:51741
accept: */*

Response DefaultHttpResponse(decodeResult: success, version: HTTP/1.1)
HTTP/1.1 200 OK
Content-Type: application/json; charset=utf-8
cache-control: no-cache
content-length: 88

19:03:56.219 [AsyncHttpClient-1-2] DEBUG org.asynchttpclient.netty.channel.ChannelManager - Adding key: http://localhost:51741 for channel [id: 0x6c4697b6, L:/127.0.0.1:64421 - R:localhost/127.0.0.1:51741]
19:03:56.221 [Forwarding clearElement on session 81e8f07af89f612b1e68f8f42fbf4103 to remote] DEBUG org.asynchttpclient.netty.request.NettyRequestSender - Using pooled Channel '[id: 0x6c4697b6, L:/127.0.0.1:64421 - R:localhost/127.0.0.1:51741]' for 'POST' to 'http://localhost:51741/session/81e8f07af89f612b1e68f8f42fbf4103/element/6f597a40-199d-4012-9c97-d151b018727b/clear'
19:03:56.221 [Forwarding clearElement on session 81e8f07af89f612b1e68f8f42fbf4103 to remote] DEBUG org.asynchttpclient.netty.request.NettyRequestSender - Using open Channel [id: 0x6c4697b6, L:/127.0.0.1:64421 - R:localhost/127.0.0.1:51741] for POST '/session/81e8f07af89f612b1e68f8f42fbf4103/element/6f597a40-199d-4012-9c97-d151b018727b/clear'
19:03:56.274 [AsyncHttpClient-1-2] DEBUG org.asynchttpclient.netty.handler.HttpHandler - 

Request DefaultHttpRequest(decodeResult: success, version: HTTP/1.1)
POST /session/81e8f07af89f612b1e68f8f42fbf4103/element/6f597a40-199d-4012-9c97-d151b018727b/clear HTTP/1.1
User-Agent: selenium/4.1.2 (java windows)
Content-Length: 50
Content-Type: application/json; charset=utf-8
host: localhost:51741
accept: */*

Response DefaultHttpResponse(decodeResult: success, version: HTTP/1.1)
HTTP/1.1 200 OK
Content-Type: application/json; charset=utf-8
cache-control: no-cache
content-length: 14

19:03:56.274 [AsyncHttpClient-1-2] DEBUG org.asynchttpclient.netty.channel.ChannelManager - Adding key: http://localhost:51741 for channel [id: 0x6c4697b6, L:/127.0.0.1:64421 - R:localhost/127.0.0.1:51741]
19:03:56.278 [Forwarding sendKeysToElement on session 81e8f07af89f612b1e68f8f42fbf4103 to remote] DEBUG org.asynchttpclient.netty.request.NettyRequestSender - Using pooled Channel '[id: 0x6c4697b6, L:/127.0.0.1:64421 - R:localhost/127.0.0.1:51741]' for 'POST' to 'http://localhost:51741/session/81e8f07af89f612b1e68f8f42fbf4103/element/6f597a40-199d-4012-9c97-d151b018727b/value'
19:03:56.278 [Forwarding sendKeysToElement on session 81e8f07af89f612b1e68f8f42fbf4103 to remote] DEBUG org.asynchttpclient.netty.request.NettyRequestSender - Using open Channel [id: 0x6c4697b6, L:/127.0.0.1:64421 - R:localhost/127.0.0.1:51741] for POST '/session/81e8f07af89f612b1e68f8f42fbf4103/element/6f597a40-199d-4012-9c97-d151b018727b/value'
19:03:56.338 [AsyncHttpClient-1-2] DEBUG org.asynchttpclient.netty.handler.HttpHandler - 

Request DefaultHttpRequest(decodeResult: success, version: HTTP/1.1)
POST /session/81e8f07af89f612b1e68f8f42fbf4103/element/6f597a40-199d-4012-9c97-d151b018727b/value HTTP/1.1
User-Agent: selenium/4.1.2 (java windows)
Content-Length: 131
Content-Type: application/json; charset=utf-8
host: localhost:51741
accept: */*

Response DefaultHttpResponse(decodeResult: success, version: HTTP/1.1)
HTTP/1.1 200 OK
Content-Type: application/json; charset=utf-8
cache-control: no-cache
content-length: 14

19:03:56.339 [AsyncHttpClient-1-2] DEBUG org.asynchttpclient.netty.channel.ChannelManager - Adding key: http://localhost:51741 for channel [id: 0x6c4697b6, L:/127.0.0.1:64421 - R:localhost/127.0.0.1:51741]
19:03:56.349 [Forwarding screenshot on session 81e8f07af89f612b1e68f8f42fbf4103 to remote] DEBUG org.asynchttpclient.netty.request.NettyRequestSender - Using pooled Channel '[id: 0x6c4697b6, L:/127.0.0.1:64421 - R:localhost/127.0.0.1:51741]' for 'GET' to 'http://localhost:51741/session/81e8f07af89f612b1e68f8f42fbf4103/screenshot'
19:03:56.349 [Forwarding screenshot on session 81e8f07af89f612b1e68f8f42fbf4103 to remote] DEBUG org.asynchttpclient.netty.request.NettyRequestSender - Using open Channel [id: 0x6c4697b6, L:/127.0.0.1:64421 - R:localhost/127.0.0.1:51741] for GET '/session/81e8f07af89f612b1e68f8f42fbf4103/screenshot'
19:03:56.476 [AsyncHttpClient-1-2] DEBUG org.asynchttpclient.netty.handler.HttpHandler - 

Request DefaultFullHttpRequest(decodeResult: success, version: HTTP/1.1, content: EmptyByteBufBE)
GET /session/81e8f07af89f612b1e68f8f42fbf4103/screenshot HTTP/1.1
User-Agent: selenium/4.1.2 (java windows)
Cache-Control: no-cache
Content-Type: application/json; charset=utf-8
host: localhost:51741
accept: */*

Response DefaultHttpResponse(decodeResult: success, version: HTTP/1.1)
HTTP/1.1 200 OK
Content-Type: application/json; charset=utf-8
cache-control: no-cache
content-length: 119916

19:03:56.476 [AsyncHttpClient-1-2] DEBUG org.asynchttpclient.netty.channel.ChannelManager - Adding key: http://localhost:51741 for channel [id: 0x6c4697b6, L:/127.0.0.1:64421 - R:localhost/127.0.0.1:51741]
19:03:56.492 [main] DEBUG net.serenitybdd.core.photography.Darkroom - Send negative for processing for target\site\serenity\ab236c7fef13c79673b09f26d5c629dde897ee4d8a12808e2b8f50f09329706d.png
19:03:56.492 [main] DEBUG net.thucydides.core.steps.StepInterceptor - STEP DONE: inputUserName
19:03:56.492 [Darkroom Processing Line] DEBUG net.serenitybdd.core.photography.DarkroomProcessingLine - Processing screenshot image in /var/screenshots/screenshot-8075859070855770109
19:03:56.492 [Darkroom Processing Line] DEBUG net.serenitybdd.core.photography.DarkroomProcessingLine - Saving screenshot to target\site\serenity\ab236c7fef13c79673b09f26d5c629dde897ee4d8a12808e2b8f50f09329706d.png
19:03:56.492 [main] DEBUG net.thucydides.core.steps.StepInterceptor - STARTING STEP: LoginStep.iInputUsernameAndPassword - inputPassword
19:03:56.492 [Forwarding findElement on session 81e8f07af89f612b1e68f8f42fbf4103 to remote] DEBUG org.asynchttpclient.netty.request.NettyRequestSender - Using pooled Channel '[id: 0x6c4697b6, L:/127.0.0.1:64421 - R:localhost/127.0.0.1:51741]' for 'POST' to 'http://localhost:51741/session/81e8f07af89f612b1e68f8f42fbf4103/element'
19:03:56.492 [Forwarding findElement on session 81e8f07af89f612b1e68f8f42fbf4103 to remote] DEBUG org.asynchttpclient.netty.request.NettyRequestSender - Using open Channel [id: 0x6c4697b6, L:/127.0.0.1:64421 - R:localhost/127.0.0.1:51741] for POST '/session/81e8f07af89f612b1e68f8f42fbf4103/element'
19:03:56.507 [AsyncHttpClient-1-2] DEBUG org.asynchttpclient.netty.handler.HttpHandler - 

Request DefaultHttpRequest(decodeResult: success, version: HTTP/1.1)
POST /session/81e8f07af89f612b1e68f8f42fbf4103/element HTTP/1.1
User-Agent: selenium/4.1.2 (java windows)
Content-Length: 53
Content-Type: application/json; charset=utf-8
host: localhost:51741
accept: */*

Response DefaultHttpResponse(decodeResult: success, version: HTTP/1.1)
HTTP/1.1 200 OK
Content-Type: application/json; charset=utf-8
cache-control: no-cache
content-length: 88

19:03:56.507 [AsyncHttpClient-1-2] DEBUG org.asynchttpclient.netty.channel.ChannelManager - Adding key: http://localhost:51741 for channel [id: 0x6c4697b6, L:/127.0.0.1:64421 - R:localhost/127.0.0.1:51741]
19:03:56.507 [Forwarding clearElement on session 81e8f07af89f612b1e68f8f42fbf4103 to remote] DEBUG org.asynchttpclient.netty.request.NettyRequestSender - Using pooled Channel '[id: 0x6c4697b6, L:/127.0.0.1:64421 - R:localhost/127.0.0.1:51741]' for 'POST' to 'http://localhost:51741/session/81e8f07af89f612b1e68f8f42fbf4103/element/f51a852e-7704-4ffc-94e5-be8be938fff1/clear'
19:03:56.507 [Forwarding clearElement on session 81e8f07af89f612b1e68f8f42fbf4103 to remote] DEBUG org.asynchttpclient.netty.request.NettyRequestSender - Using open Channel [id: 0x6c4697b6, L:/127.0.0.1:64421 - R:localhost/127.0.0.1:51741] for POST '/session/81e8f07af89f612b1e68f8f42fbf4103/element/f51a852e-7704-4ffc-94e5-be8be938fff1/clear'
19:03:56.560 [AsyncHttpClient-1-2] DEBUG org.asynchttpclient.netty.handler.HttpHandler - 

Request DefaultHttpRequest(decodeResult: success, version: HTTP/1.1)
POST /session/81e8f07af89f612b1e68f8f42fbf4103/element/f51a852e-7704-4ffc-94e5-be8be938fff1/clear HTTP/1.1
User-Agent: selenium/4.1.2 (java windows)
Content-Length: 50
Content-Type: application/json; charset=utf-8
host: localhost:51741
accept: */*

Response DefaultHttpResponse(decodeResult: success, version: HTTP/1.1)
HTTP/1.1 200 OK
Content-Type: application/json; charset=utf-8
cache-control: no-cache
content-length: 14

19:03:56.560 [AsyncHttpClient-1-2] DEBUG org.asynchttpclient.netty.channel.ChannelManager - Adding key: http://localhost:51741 for channel [id: 0x6c4697b6, L:/127.0.0.1:64421 - R:localhost/127.0.0.1:51741]
19:03:56.560 [Forwarding sendKeysToElement on session 81e8f07af89f612b1e68f8f42fbf4103 to remote] DEBUG org.asynchttpclient.netty.request.NettyRequestSender - Using pooled Channel '[id: 0x6c4697b6, L:/127.0.0.1:64421 - R:localhost/127.0.0.1:51741]' for 'POST' to 'http://localhost:51741/session/81e8f07af89f612b1e68f8f42fbf4103/element/f51a852e-7704-4ffc-94e5-be8be938fff1/value'
19:03:56.560 [Forwarding sendKeysToElement on session 81e8f07af89f612b1e68f8f42fbf4103 to remote] DEBUG org.asynchttpclient.netty.request.NettyRequestSender - Using open Channel [id: 0x6c4697b6, L:/127.0.0.1:64421 - R:localhost/127.0.0.1:51741] for POST '/session/81e8f07af89f612b1e68f8f42fbf4103/element/f51a852e-7704-4ffc-94e5-be8be938fff1/value'
19:03:56.647 [AsyncHttpClient-1-2] DEBUG org.asynchttpclient.netty.handler.HttpHandler - 

Request DefaultHttpRequest(decodeResult: success, version: HTTP/1.1)
POST /session/81e8f07af89f612b1e68f8f42fbf4103/element/f51a852e-7704-4ffc-94e5-be8be938fff1/value HTTP/1.1
User-Agent: selenium/4.1.2 (java windows)
Content-Length: 171
Content-Type: application/json; charset=utf-8
host: localhost:51741
accept: */*

Response DefaultHttpResponse(decodeResult: success, version: HTTP/1.1)
HTTP/1.1 200 OK
Content-Type: application/json; charset=utf-8
cache-control: no-cache
content-length: 14

19:03:56.648 [AsyncHttpClient-1-2] DEBUG org.asynchttpclient.netty.channel.ChannelManager - Adding key: http://localhost:51741 for channel [id: 0x6c4697b6, L:/127.0.0.1:64421 - R:localhost/127.0.0.1:51741]
19:03:56.665 [Forwarding screenshot on session 81e8f07af89f612b1e68f8f42fbf4103 to remote] DEBUG org.asynchttpclient.netty.request.NettyRequestSender - Using pooled Channel '[id: 0x6c4697b6, L:/127.0.0.1:64421 - R:localhost/127.0.0.1:51741]' for 'GET' to 'http://localhost:51741/session/81e8f07af89f612b1e68f8f42fbf4103/screenshot'
19:03:56.665 [Forwarding screenshot on session 81e8f07af89f612b1e68f8f42fbf4103 to remote] DEBUG org.asynchttpclient.netty.request.NettyRequestSender - Using open Channel [id: 0x6c4697b6, L:/127.0.0.1:64421 - R:localhost/127.0.0.1:51741] for GET '/session/81e8f07af89f612b1e68f8f42fbf4103/screenshot'
19:03:56.857 [AsyncHttpClient-1-2] DEBUG org.asynchttpclient.netty.handler.HttpHandler - 

Request DefaultFullHttpRequest(decodeResult: success, version: HTTP/1.1, content: EmptyByteBufBE)
GET /session/81e8f07af89f612b1e68f8f42fbf4103/screenshot HTTP/1.1
User-Agent: selenium/4.1.2 (java windows)
Cache-Control: no-cache
Content-Type: application/json; charset=utf-8
host: localhost:51741
accept: */*

Response DefaultHttpResponse(decodeResult: success, version: HTTP/1.1)
HTTP/1.1 200 OK
Content-Type: application/json; charset=utf-8
cache-control: no-cache
content-length: 118764

19:03:56.859 [AsyncHttpClient-1-2] DEBUG org.asynchttpclient.netty.channel.ChannelManager - Adding key: http://localhost:51741 for channel [id: 0x6c4697b6, L:/127.0.0.1:64421 - R:localhost/127.0.0.1:51741]
19:03:56.865 [main] DEBUG net.serenitybdd.core.photography.Darkroom - Send negative for processing for target\site\serenity\d9d061351d72cabd34e69dc35ded207c4edcfee91d2ed9c7e35503ab4f624460.png
19:03:56.866 [main] DEBUG net.thucydides.core.steps.StepInterceptor - STEP DONE: inputPassword
  &amp#27;[32mAnd &amp#27;[0m&amp#27;[32mI input username &amp#27;[0m&amp#27;[32m&amp#27;[1m"<username>"&amp#27;[0m&amp#27;[32m and password &amp#27;[0m&amp#27;[32m&amp#27;[1m"<password>"&amp#27;[0m                       &amp#27;[90m# starter.stepdefinition.LoginStep.iInputUsernameAndPassword(java.lang.String,java.lang.String)&amp#27;[0m
19:03:56.866 [Darkroom Processing Line] DEBUG net.serenitybdd.core.photography.DarkroomProcessingLine - Processing screenshot image in /var/screenshots/screenshot-4685277721842640310
19:03:56.866 [Darkroom Processing Line] DEBUG net.serenitybdd.core.photography.DarkroomProcessingLine - Saving screenshot to target\site\serenity\d9d061351d72cabd34e69dc35ded207c4edcfee91d2ed9c7e35503ab4f624460.png
19:03:56.898 [main] DEBUG net.thucydides.core.steps.StepInterceptor - STARTING STEP: LoginStep.clickLoginButton - clickLoginButton
19:03:56.907 [Forwarding findElement on session 81e8f07af89f612b1e68f8f42fbf4103 to remote] DEBUG org.asynchttpclient.netty.request.NettyRequestSender - Using pooled Channel '[id: 0x6c4697b6, L:/127.0.0.1:64421 - R:localhost/127.0.0.1:51741]' for 'POST' to 'http://localhost:51741/session/81e8f07af89f612b1e68f8f42fbf4103/element'
19:03:56.907 [Forwarding findElement on session 81e8f07af89f612b1e68f8f42fbf4103 to remote] DEBUG org.asynchttpclient.netty.request.NettyRequestSender - Using open Channel [id: 0x6c4697b6, L:/127.0.0.1:64421 - R:localhost/127.0.0.1:51741] for POST '/session/81e8f07af89f612b1e68f8f42fbf4103/element'
19:03:56.919 [AsyncHttpClient-1-2] DEBUG org.asynchttpclient.netty.handler.HttpHandler - 

Request DefaultHttpRequest(decodeResult: success, version: HTTP/1.1)
POST /session/81e8f07af89f612b1e68f8f42fbf4103/element HTTP/1.1
User-Agent: selenium/4.1.2 (java windows)
Content-Length: 50
Content-Type: application/json; charset=utf-8
[...]
User-Agent: selenium/4.1.2 (java windows)
Cache-Control: no-cache
Content-Type: application/json; charset=utf-8
host: localhost:51741
accept: */*

Response DefaultHttpResponse(decodeResult: success, version: HTTP/1.1)
HTTP/1.1 200 OK
Content-Type: application/json; charset=utf-8
cache-control: no-cache
content-length: 14

19:03:56.968 [AsyncHttpClient-1-2] DEBUG org.asynchttpclient.netty.channel.ChannelManager - Adding key: http://localhost:51741 for channel [id: 0x6c4697b6, L:/127.0.0.1:64421 - R:localhost/127.0.0.1:51741]
19:03:56.973 [Forwarding findElement on session 81e8f07af89f612b1e68f8f42fbf4103 to remote] DEBUG org.asynchttpclient.netty.request.NettyRequestSender - Using pooled Channel '[id: 0x6c4697b6, L:/127.0.0.1:64421 - R:localhost/127.0.0.1:51741]' for 'POST' to 'http://localhost:51741/session/81e8f07af89f612b1e68f8f42fbf4103/element'
19:03:56.973 [Forwarding findElement on session 81e8f07af89f612b1e68f8f42fbf4103 to remote] DEBUG org.asynchttpclient.netty.request.NettyRequestSender - Using open Channel [id: 0x6c4697b6, L:/127.0.0.1:64421 - R:localhost/127.0.0.1:51741] for POST '/session/81e8f07af89f612b1e68f8f42fbf4103/element'
19:03:56.987 [AsyncHttpClient-1-2] DEBUG org.asynchttpclient.netty.handler.HttpHandler - 

Request DefaultHttpRequest(decodeResult: success, version: HTTP/1.1)
POST /session/81e8f07af89f612b1e68f8f42fbf4103/element HTTP/1.1
User-Agent: selenium/4.1.2 (java windows)
Content-Length: 50
Content-Type: application/json; charset=utf-8
host: localhost:51741
accept: */*

Response DefaultHttpResponse(decodeResult: success, version: HTTP/1.1)
HTTP/1.1 200 OK
Content-Type: application/json; charset=utf-8
cache-control: no-cache
content-length: 88

19:03:56.987 [AsyncHttpClient-1-2] DEBUG org.asynchttpclient.netty.channel.ChannelManager - Adding key: http://localhost:51741 for channel [id: 0x6c4697b6, L:/127.0.0.1:64421 - R:localhost/127.0.0.1:51741]
19:03:56.990 [Forwarding clickElement on session 81e8f07af89f612b1e68f8f42fbf4103 to remote] DEBUG org.asynchttpclient.netty.request.NettyRequestSender - Using pooled Channel '[id: 0x6c4697b6, L:/127.0.0.1:64421 - R:localhost/127.0.0.1:51741]' for 'POST' to 'http://localhost:51741/session/81e8f07af89f612b1e68f8f42fbf4103/element/b6c799a2-e808-4d94-814d-982fda4a879a/click'
19:03:56.990 [Forwarding clickElement on session 81e8f07af89f612b1e68f8f42fbf4103 to remote] DEBUG org.asynchttpclient.netty.request.NettyRequestSender - Using open Channel [id: 0x6c4697b6, L:/127.0.0.1:64421 - R:localhost/127.0.0.1:51741] for POST '/session/81e8f07af89f612b1e68f8f42fbf4103/element/b6c799a2-e808-4d94-814d-982fda4a879a/click'
19:03:57.061 [AsyncHttpClient-1-2] DEBUG org.asynchttpclient.netty.handler.HttpHandler - 

Request DefaultHttpRequest(decodeResult: success, version: HTTP/1.1)
POST /session/81e8f07af89f612b1e68f8f42fbf4103/element/b6c799a2-e808-4d94-814d-982fda4a879a/click HTTP/1.1
User-Agent: selenium/4.1.2 (java windows)
Content-Length: 50
Content-Type: application/json; charset=utf-8
host: localhost:51741
accept: */*

Response DefaultHttpResponse(decodeResult: success, version: HTTP/1.1)
HTTP/1.1 200 OK
Content-Type: application/json; charset=utf-8
cache-control: no-cache
content-length: 14

19:03:57.061 [AsyncHttpClient-1-2] DEBUG org.asynchttpclient.netty.channel.ChannelManager - Adding key: http://localhost:51741 for channel [id: 0x6c4697b6, L:/127.0.0.1:64421 - R:localhost/127.0.0.1:51741]
19:03:57.077 [Forwarding screenshot on session 81e8f07af89f612b1e68f8f42fbf4103 to remote] DEBUG org.asynchttpclient.netty.request.NettyRequestSender - Using pooled Channel '[id: 0x6c4697b6, L:/127.0.0.1:64421 - R:localhost/127.0.0.1:51741]' for 'GET' to 'http://localhost:51741/session/81e8f07af89f612b1e68f8f42fbf4103/screenshot'
19:03:57.077 [Forwarding screenshot on session 81e8f07af89f612b1e68f8f42fbf4103 to remote] DEBUG org.asynchttpclient.netty.request.NettyRequestSender - Using open Channel [id: 0x6c4697b6, L:/127.0.0.1:64421 - R:localhost/127.0.0.1:51741] for GET '/session/81e8f07af89f612b1e68f8f42fbf4103/screenshot'
19:03:57.161 [AsyncHttpClient-1-1] DEBUG org.asynchttpclient.netty.channel.DefaultChannelPool - Entry count for : http://localhost:64422 : 1
19:03:57.223 [AsyncHttpClient-1-2] DEBUG org.asynchttpclient.netty.handler.HttpHandler - 

Request DefaultFullHttpRequest(decodeResult: success, version: HTTP/1.1, content: EmptyByteBufBE)
GET /session/81e8f07af89f612b1e68f8f42fbf4103/screenshot HTTP/1.1
User-Agent: selenium/4.1.2 (java windows)
Cache-Control: no-cache
Content-Type: application/json; charset=utf-8
host: localhost:51741
accept: */*

Response DefaultHttpResponse(decodeResult: success, version: HTTP/1.1)
HTTP/1.1 200 OK
Content-Type: application/json; charset=utf-8
cache-control: no-cache
content-length: 126248

19:03:57.223 [AsyncHttpClient-1-2] DEBUG org.asynchttpclient.netty.channel.ChannelManager - Adding key: http://localhost:51741 for channel [id: 0x6c4697b6, L:/127.0.0.1:64421 - R:localhost/127.0.0.1:51741]
19:03:57.239 [main] DEBUG net.serenitybdd.core.photography.Darkroom - Send negative for processing for target\site\serenity\f7f5420d6a7a1649fe44dd1116fef509d8172282b2883aacbf66e2889e64fbd5.png
19:03:57.239 [main] DEBUG net.thucydides.core.steps.StepInterceptor - STEP DONE: clickLoginButton
  &amp#27;[32mAnd &amp#27;[0m&amp#27;[32mI click login button&amp#27;[0m                                                          &amp#27;[90m# starter.stepdefinition.LoginStep.clickLoginButton()&amp#27;[0m
19:03:57.239 [Darkroom Processing Line] DEBUG net.serenitybdd.core.photography.DarkroomProcessingLine - Processing screenshot image in /var/screenshots/screenshot-2527759205008786325
19:03:57.239 [Darkroom Processing Line] DEBUG net.serenitybdd.core.photography.DarkroomProcessingLine - Saving screenshot to target\site\serenity\f7f5420d6a7a1649fe44dd1116fef509d8172282b2883aacbf66e2889e64fbd5.png
19:03:57.293 [Forwarding screenshot on session 81e8f07af89f612b1e68f8f42fbf4103 to remote] DEBUG org.asynchttpclient.netty.request.NettyRequestSender - Using pooled Channel '[id: 0x6c4697b6, L:/127.0.0.1:64421 - R:localhost/127.0.0.1:51741]' for 'GET' to 'http://localhost:51741/session/81e8f07af89f612b1e68f8f42fbf4103/screenshot'
19:03:57.293 [Forwarding screenshot on session 81e8f07af89f612b1e68f8f42fbf4103 to remote] DEBUG org.asynchttpclient.netty.request.NettyRequestSender - Using open Channel [id: 0x6c4697b6, L:/127.0.0.1:64421 - R:localhost/127.0.0.1:51741] for GET '/session/81e8f07af89f612b1e68f8f42fbf4103/screenshot'
19:03:57.619 [AsyncHttpClient-1-2] DEBUG org.asynchttpclient.netty.handler.HttpHandler - 

Request DefaultFullHttpRequest(decodeResult: success, version: HTTP/1.1, content: EmptyByteBufBE)
GET /session/81e8f07af89f612b1e68f8f42fbf4103/screenshot HTTP/1.1
User-Agent: selenium/4.1.2 (java windows)
Cache-Control: no-cache
Content-Type: application/json; charset=utf-8
host: localhost:51741
accept: */*

Response DefaultHttpResponse(decodeResult: success, version: HTTP/1.1)
HTTP/1.1 200 OK
Content-Type: application/json; charset=utf-8
cache-control: no-cache
content-length: 126248

19:03:57.621 [AsyncHttpClient-1-2] DEBUG org.asynchttpclient.netty.channel.ChannelManager - Adding key: http://localhost:51741 for channel [id: 0x6c4697b6, L:/127.0.0.1:64421 - R:localhost/127.0.0.1:51741]
19:03:57.635 [main] DEBUG net.serenitybdd.core.photography.Darkroom - Send negative for processing for target\site\serenity\f7f5420d6a7a1649fe44dd1116fef509d8172282b2883aacbf66e2889e64fbd5.png
19:03:57.637 [main] DEBUG net.thucydides.core.steps.StepInterceptor - STARTING STEP: LoginStep.onProfilePage - validateOnProfilePage
19:03:57.650 [Forwarding findElement on session 81e8f07af89f612b1e68f8f42fbf4103 to remote] DEBUG org.asynchttpclient.netty.request.NettyRequestSender - Using pooled Channel '[id: 0x6c4697b6, L:/127.0.0.1:64421 - R:localhost/127.0.0.1:51741]' for 'POST' to 'http://localhost:51741/session/81e8f07af89f612b1e68f8f42fbf4103/element'
19:03:57.650 [Forwarding findElement on session 81e8f07af89f612b1e68f8f42fbf4103 to remote] DEBUG org.asynchttpclient.netty.request.NettyRequestSender - Using open Channel [id: 0x6c4697b6, L:/127.0.0.1:64421 - R:localhost/127.0.0.1:51741] for POST '/session/81e8f07af89f612b1e68f8f42fbf4103/element'
19:03:57.678 [AsyncHttpClient-1-2] DEBUG org.asynchttpclient.netty.handler.HttpHandler - 

Request DefaultHttpRequest(decodeResult: success, version: HTTP/1.1)
POST /session/81e8f07af89f612b1e68f8f42fbf4103/element HTTP/1.1
User-Agent: selenium/4.1.2 (java windows)
Content-Length: 107
Content-Type: application/json; charset=utf-8
host: localhost:51741
accept: */*

Response DefaultHttpResponse(decodeResult: success, version: HTTP/1.1)
HTTP/1.1 200 OK
Content-Type: application/json; charset=utf-8
cache-control: no-cache
content-length: 88

19:03:57.679 [AsyncHttpClient-1-2] DEBUG org.asynchttpclient.netty.channel.ChannelManager - Adding key: http://localhost:51741 for channel [id: 0x6c4697b6, L:/127.0.0.1:64421 - R:localhost/127.0.0.1:51741]
19:03:57.688 [Forwarding isElementDisplayed on session 81e8f07af89f612b1e68f8f42fbf4103 to remote] DEBUG org.asynchttpclient.netty.request.NettyRequestSender - Using pooled Channel '[id: 0x6c4697b6, L:/127.0.0.1:64421 - R:localhost/127.0.0.1:51741]' for 'POST' to 'http://localhost:51741/session/81e8f07af89f612b1e68f8f42fbf4103/execute/sync'
19:03:57.688 [Forwarding isElementDisplayed on session 81e8f07af89f612b1e68f8f42fbf4103 to remote] DEBUG org.asynchttpclient.netty.request.NettyRequestSender - Using open Channel [id: 0x6c4697b6, L:/127.0.0.1:64421 - R:localhost/127.0.0.1:51741] for POST '/session/81e8f07af89f612b1e68f8f42fbf4103/execute/sync'
19:03:57.707 [AsyncHttpClient-1-2] DEBUG org.asynchttpclient.netty.handler.HttpHandler - 

Request DefaultHttpRequest(decodeResult: success, version: HTTP/1.1)
POST /session/81e8f07af89f612b1e68f8f42fbf4103/execute/sync HTTP/1.1
User-Agent: selenium/4.1.2 (java windows)
Content-Length: 48780
Content-Type: application/json; charset=utf-8
host: localhost:51741
accept: */*

Response DefaultHttpResponse(decodeResult: success, version: HTTP/1.1)
HTTP/1.1 200 OK
Content-Type: application/json; charset=utf-8
cache-control: no-cache
content-length: 14

19:03:57.708 [AsyncHttpClient-1-2] DEBUG org.asynchttpclient.netty.channel.ChannelManager - Adding key: http://localhost:51741 for channel [id: 0x6c4697b6, L:/127.0.0.1:64421 - R:localhost/127.0.0.1:51741]
19:03:57.726 [Forwarding screenshot on session 81e8f07af89f612b1e68f8f42fbf4103 to remote] DEBUG org.asynchttpclient.netty.request.NettyRequestSender - Using pooled Channel '[id: 0x6c4697b6, L:/127.0.0.1:64421 - R:localhost/127.0.0.1:51741]' for 'GET' to 'http://localhost:51741/session/81e8f07af89f612b1e68f8f42fbf4103/screenshot'
19:03:57.727 [Forwarding screenshot on session 81e8f07af89f612b1e68f8f42fbf4103 to remote] DEBUG org.asynchttpclient.netty.request.NettyRequestSender - Using open Channel [id: 0x6c4697b6, L:/127.0.0.1:64421 - R:localhost/127.0.0.1:51741] for GET '/session/81e8f07af89f612b1e68f8f42fbf4103/screenshot'
19:03:58.125 [AsyncHttpClient-1-2] DEBUG org.asynchttpclient.netty.handler.HttpHandler - 

Request DefaultFullHttpRequest(decodeResult: success, version: HTTP/1.1, content: EmptyByteBufBE)
GET /session/81e8f07af89f612b1e68f8f42fbf4103/screenshot HTTP/1.1
User-Agent: selenium/4.1.2 (java windows)
Cache-Control: no-cache
Content-Type: application/json; charset=utf-8
host: localhost:51741
accept: */*

Response DefaultHttpResponse(decodeResult: success, version: HTTP/1.1)
HTTP/1.1 200 OK
Content-Type: application/json; charset=utf-8
cache-control: no-cache
content-length: 131068

19:03:58.128 [AsyncHttpClient-1-2] DEBUG org.asynchttpclient.netty.channel.ChannelManager - Adding key: http://localhost:51741 for channel [id: 0x6c4697b6, L:/127.0.0.1:64421 - R:localhost/127.0.0.1:51741]
19:03:58.139 [main] DEBUG net.serenitybdd.core.photography.Darkroom - Send negative for processing for target\site\serenity\93652a6f6a6b602764bd8498a9eec3f2bd499fd77464d976661ce0603aba3c99.png
19:03:58.140 [main] DEBUG net.thucydides.core.steps.StepInterceptor - STEP DONE: validateOnProfilePage
  &amp#27;[32mThen &amp#27;[0m&amp#27;[32mI am on profile page&amp#27;[0m                                                         &amp#27;[90m# starter.stepdefinition.LoginStep.onProfilePage()&amp#27;[0m
19:03:58.140 [Darkroom Processing Line] DEBUG net.serenitybdd.core.photography.DarkroomProcessingLine - Processing screenshot image in /var/screenshots/screenshot-16187277103385833385
19:03:58.140 [Darkroom Processing Line] DEBUG net.serenitybdd.core.photography.DarkroomProcessingLine - Saving screenshot to target\site\serenity\93652a6f6a6b602764bd8498a9eec3f2bd499fd77464d976661ce0603aba3c99.png
19:03:58.167 [main] INFO  - 
  _____   ___   ___   _____     ___     _     ___   ___   ___   ___  
 |_   _| | __| / __| |_   _|   | _ \   /_\   / __| / __| | __| |   \ 
   | |   | _|  \__ \   | |     |  _/  / _ \  \__ \ \__ \ | _|  | |) |
   |_|   |___| |___/   |_|     |_|   /_/ \_\ |___/ |___/ |___| |___/ 

As a user, i want go to the login page, and have be able to success login
----------------------------------------------------------------------
19:03:58.260 [AsyncHttpClient-1-1] DEBUG org.asynchttpclient.netty.channel.DefaultChannelPool - Entry count for : http://localhost:64422 : 1
19:03:58.260 [AsyncHttpClient-1-1] DEBUG org.asynchttpclient.netty.channel.DefaultChannelPool - Entry count for : http://localhost:51741 : 1
19:03:58.485 [Driver Command Executor] DEBUG org.asynchttpclient.netty.request.NettyRequestSender - Using pooled Channel '[id: 0x6c4697b6, L:/127.0.0.1:64421 - R:localhost/127.0.0.1:51741]' for 'DELETE' to 'http://localhost:51741/session/81e8f07af89f612b1e68f8f42fbf4103'
19:03:58.485 [Driver Command Executor] DEBUG org.asynchttpclient.netty.request.NettyRequestSender - Using open Channel [id: 0x6c4697b6, L:/127.0.0.1:64421 - R:localhost/127.0.0.1:51741] for DELETE '/session/81e8f07af89f612b1e68f8f42fbf4103'
19:03:58.485 [AsyncHttpClient-1-4] DEBUG org.asynchttpclient.netty.handler.WebSocketHandler - Channel Closed: [id: 0x560b7f4e, L:/127.0.0.1:64429 ! R:localhost/127.0.0.1:64422] with attribute NettyResponseFuture{currentRetry=5,
	isDone=1,
	isCancelled=0,
	asyncHandler=org.asynchttpclient.ws.WebSocketUpgradeHandler@629fb5c7,
	nettyRequest=org.asynchttpclient.netty.request.NettyRequest@69101f9f,
	future=java.util.concurrent.CompletableFuture@531b4621[Completed normally],
	uri=ws://localhost:64422/devtools/browser/218f48c8-388a-4925-817f-eb10fd6717b5,
	keepAlive=true,
	redirectCount=0,
	timeoutsHolder=null,
	inAuth=0,
	touch=1648814618955}
19:03:58.485 [AsyncHttpClient-1-4] DEBUG org.asynchttpclient.netty.channel.ChannelManager - Closing Channel [id: 0x560b7f4e, L:/127.0.0.1:64429 ! R:localhost/127.0.0.1:64422] 
19:03:58.625 [AsyncHttpClient-1-3] DEBUG org.asynchttpclient.netty.handler.HttpHandler - Unexpected I/O exception on channel [id: 0x9d784523, L:/127.0.0.1:64428 - R:localhost/127.0.0.1:64422]
java.io.IOException: An existing connection was forcibly closed by the remote host
	at java.base/sun.nio.ch.SocketDispatcher.read0(Native Method)
	at java.base/sun.nio.ch.SocketDispatcher.read(SocketDispatcher.java:43)
	at java.base/sun.nio.ch.IOUtil.readIntoNativeBuffer(IOUtil.java:276)
	at java.base/sun.nio.ch.IOUtil.read(IOUtil.java:233)
	at java.base/sun.nio.ch.IOUtil.read(IOUtil.java:223)
	at java.base/sun.nio.ch.SocketChannelImpl.read(SocketChannelImpl.java:358)
	at io.netty.buffer.PooledByteBuf.setBytes(PooledByteBuf.java:258)
	at io.netty.buffer.AbstractByteBuf.writeBytes(AbstractByteBuf.java:1132)
	at io.netty.channel.socket.nio.NioSocketChannel.doReadBytes(NioSocketChannel.java:350)
	at io.netty.channel.nio.AbstractNioByteChannel$NioByteUnsafe.read(AbstractNioByteChannel.java:151)
	at io.netty.channel.nio.NioEventLoop.processSelectedKey(NioEventLoop.java:722)
	at io.netty.channel.nio.NioEventLoop.processSelectedKeysOptimized(NioEventLoop.java:658)
	at io.netty.channel.nio.NioEventLoop.processSelectedKeys(NioEventLoop.java:584)
	at io.netty.channel.nio.NioEventLoop.run(NioEventLoop.java:496)
	at io.netty.util.concurrent.SingleThreadEventExecutor$4.run(SingleThreadEventExecutor.java:986)
	at io.netty.util.internal.ThreadExecutorMap$2.run(ThreadExecutorMap.java:74)
	at io.netty.util.concurrent.FastThreadLocalRunnable.run(FastThreadLocalRunnable.java:30)
	at java.base/java.lang.Thread.run(Thread.java:834)
19:03:58.625 [AsyncHttpClient-1-3] DEBUG org.asynchttpclient.netty.channel.ChannelManager - Closing Channel [id: 0x9d784523, L:/127.0.0.1:64428 - R:localhost/127.0.0.1:64422] 
19:03:58.641 [AsyncHttpClient-1-3] DEBUG org.asynchttpclient.netty.handler.HttpHandler - Channel Closed: [id: 0x9d784523, L:/127.0.0.1:64428 ! R:localhost/127.0.0.1:64422] with attribute DISCARD
19:03:58.675 [AsyncHttpClient-1-2] DEBUG org.asynchttpclient.netty.handler.HttpHandler - 

Request DefaultFullHttpRequest(decodeResult: success, version: HTTP/1.1, content: EmptyByteBufBE)
DELETE /session/81e8f07af89f612b1e68f8f42fbf4103 HTTP/1.1
User-Agent: selenium/4.1.2 (java windows)
Content-Type: application/json; charset=utf-8
host: localhost:51741
accept: */*

Response DefaultHttpResponse(decodeResult: success, version: HTTP/1.1)
HTTP/1.1 200 OK
Content-Type: application/json; charset=utf-8
cache-control: no-cache
content-length: 14

19:03:58.675 [AsyncHttpClient-1-2] DEBUG org.asynchttpclient.netty.channel.ChannelManager - Adding key: http://localhost:51741 for channel [id: 0x6c4697b6, L:/127.0.0.1:64421 - R:localhost/127.0.0.1:51741]
19:03:58.831 [AsyncHttpClient-1-2] DEBUG org.asynchttpclient.netty.handler.HttpHandler - Channel Closed: [id: 0x6c4697b6, L:/127.0.0.1:64421 ! R:localhost/127.0.0.1:51741] with attribute DISCARD
19:03:59.360 [AsyncHttpClient-1-1] DEBUG org.asynchttpclient.netty.channel.DefaultChannelPool - Entry count for : http://localhost:64422 : 1
19:03:59.360 [AsyncHttpClient-1-1] DEBUG org.asynchttpclient.netty.channel.DefaultChannelPool - Entry count for : http://localhost:51741 : 1
19:03:59.360 [AsyncHttpClient-1-1] DEBUG org.asynchttpclient.netty.channel.DefaultChannelPool - Adding Candidate expired Channel [id: 0x9d784523, L:/127.0.0.1:64428 ! R:localhost/127.0.0.1:64422] isIdleTimeoutExpired=false isRemotelyClosed=true isTtlExpired=false
19:03:59.360 [AsyncHttpClient-1-1] DEBUG org.asynchttpclient.netty.channel.DefaultChannelPool - Closing Idle Channel [id: 0x9d784523, L:/127.0.0.1:64428 ! R:localhost/127.0.0.1:64422]
19:03:59.360 [AsyncHttpClient-1-1] DEBUG org.asynchttpclient.netty.channel.DefaultChannelPool - Adding Candidate expired Channel [id: 0x6c4697b6, L:/127.0.0.1:64421 ! R:localhost/127.0.0.1:51741] isIdleTimeoutExpired=false isRemotelyClosed=true isTtlExpired=false
19:03:59.360 [AsyncHttpClient-1-1] DEBUG org.asynchttpclient.netty.channel.DefaultChannelPool - Closing Idle Channel [id: 0x6c4697b6, L:/127.0.0.1:64421 ! R:localhost/127.0.0.1:51741]
19:03:59.360 [AsyncHttpClient-1-1] DEBUG org.asynchttpclient.netty.channel.DefaultChannelPool - Closed 2 connections out of 2 in 0 ms
]]></system-out>
    <system-err><![CDATA[Starting ChromeDriver 99.0.4844.51 (d537ec02474b5afe23684e7963d538896c63ac77-refs/branch-heads/4844@{#875}) on port 51741
Only local connections are allowed.
Please see https://chromedriver.chromium.org/security-considerations for suggestions on keeping ChromeDriver safe.
ChromeDriver was started successfully.
Apr 01, 2022 7:03:38 PM org.openqa.selenium.remote.ProtocolHandshake createSession
INFO: Detected dialect: W3C
Apr 01, 2022 7:03:38 PM org.openqa.selenium.devtools.CdpVersionFinder findNearestMatch
WARNING: Unable to find an exact match for CDP version 99, so returning the closest version found: 97
Apr 01, 2022 7:03:38 PM org.openqa.selenium.devtools.CdpVersionFinder findNearestMatch
INFO: Found CDP implementation for version 99 of 97
]]></system-err>
  </testcase>
</testsuite>