<?xml version="1.0" encoding="UTF-8" standalone="no"?><testsuite errors="1" failures="0" name="Login" skipped="0" tests="1" time="67.51" timestamp="2022-03-30 07:13:25"><testcase name="As a user, i want go to the login page, and have be able to success login"><error message="element click intercepted: Element &lt;button id=&quot;login&quot; type=&quot;button&quot; class=&quot;btn btn-primary&quot;&gt;...&lt;/button&gt; is not clickable at point (585, 483). Other element would receive the click: &lt;div&gt;...&lt;/div&gt;&#10;  (Session info: chrome=99.0.4844.84)&#10;Build info: version: '4.1.2', revision: '9a5a329c5a'&#10;System info: host: 'RIKOSAHETAPI', ip: '192.168.0.10', os.name: 'Windows 10', os.arch: 'amd64', os.version: '10.0', java.version: '11.0.2'&#10;Driver info: org.openqa.selenium.chrome.ChromeDriver&#10;Command: [e0942b18ce45948004ac6a1b12921628, clickElement {id=614cf787-912c-4632-8068-51466d698ab8}]&#10;Capabilities {acceptInsecureCerts: false, browserName: chrome, browserVersion: 99.0.4844.84, chrome: {chromedriverVersion: 99.0.4844.51 (d537ec02474b5..., userDataDir: C:\Users\RICO\AppData\Local...}, goog:chromeOptions: {debuggerAddress: localhost:51717}, javascriptEnabled: true, networkConnectionEnabled: false, pageLoadStrategy: normal, platform: WINDOWS, platformName: WINDOWS, proxy: Proxy(), se:cdp: ws://localhost:51717/devtoo..., se:cdpVersion: 99.0.4844.84, setWindowRect: true, strictFileInteractability: false, timeouts: {implicit: 0, pageLoad: 300000, script: 30000}, unhandledPromptBehavior: dismiss and notify, webauthn:extension:credBlob: true, webauthn:extension:largeBlob: true, webauthn:virtualAuthenticators: true}&#10;Element: [[ChromeDriver: chrome on WINDOWS (e0942b18ce45948004ac6a1b12921628)] -&gt; css selector: #login]&#10;Session ID: e0942b18ce45948004ac6a1b12921628" type="org.openqa.selenium.ElementClickInterceptedException">element click intercepted: Element &lt;button id="login" type="button" class="btn btn-primary"&gt;...&lt;/button&gt; is not clickable at point (585, 483). Other element would receive the click: &lt;div&gt;...&lt;/div&gt;
  (Session info: chrome=99.0.4844.84)
Build info: version: '4.1.2', revision: '9a5a329c5a'
System info: host: 'RIKOSAHETAPI', ip: '192.168.0.10', os.name: 'Windows 10', os.arch: 'amd64', os.version: '10.0', java.version: '11.0.2'
Driver info: org.openqa.selenium.chrome.ChromeDriver
Command: [e0942b18ce45948004ac6a1b12921628, clickElement {id=614cf787-912c-4632-8068-51466d698ab8}]
Capabilities {acceptInsecureCerts: false, browserName: chrome, browserVersion: 99.0.4844.84, chrome: {chromedriverVersion: 99.0.4844.51 (d537ec02474b5..., userDataDir: C:\Users\RICO\AppData\Local...}, goog:chromeOptions: {debuggerAddress: localhost:51717}, javascriptEnabled: true, networkConnectionEnabled: false, pageLoadStrategy: normal, platform: WINDOWS, platformName: WINDOWS, proxy: Proxy(), se:cdp: ws://localhost:51717/devtoo..., se:cdpVersion: 99.0.4844.84, setWindowRect: true, strictFileInteractability: false, timeouts: {implicit: 0, pageLoad: 300000, script: 30000}, unhandledPromptBehavior: dismiss and notify, webauthn:extension:credBlob: true, webauthn:extension:largeBlob: true, webauthn:virtualAuthenticators: true}
Element: [[ChromeDriver: chrome on WINDOWS (e0942b18ce45948004ac6a1b12921628)] -&gt; css selector: #login]
Session ID: e0942b18ce45948004ac6a1b12921628</error><system-err>element click intercepted: Element &lt;button id="login" type="button" class="btn btn-primary"&gt;...&lt;/button&gt; is not clickable at point (585, 483). Other element would receive the click: &lt;div&gt;...&lt;/div&gt;
  (Session info: chrome=99.0.4844.84)
Build info: version: '4.1.2', revision: '9a5a329c5a'
System info: host: 'RIKOSAHETAPI', ip: '192.168.0.10', os.name: 'Windows 10', os.arch: 'amd64', os.version: '10.0', java.version: '11.0.2'
Driver info: org.openqa.selenium.chrome.ChromeDriver
Command: [e0942b18ce45948004ac6a1b12921628, clickElement {id=614cf787-912c-4632-8068-51466d698ab8}]
Capabilities {acceptInsecureCerts: false, browserName: chrome, browserVersion: 99.0.4844.84, chrome: {chromedriverVersion: 99.0.4844.51 (d537ec02474b5..., userDataDir: C:\Users\RICO\AppData\Local...}, goog:chromeOptions: {debuggerAddress: localhost:51717}, javascriptEnabled: true, networkConnectionEnabled: false, pageLoadStrategy: normal, platform: WINDOWS, platformName: WINDOWS, proxy: Proxy(), se:cdp: ws://localhost:51717/devtoo..., se:cdpVersion: 99.0.4844.84, setWindowRect: true, strictFileInteractability: false, timeouts: {implicit: 0, pageLoad: 300000, script: 30000}, unhandledPromptBehavior: dismiss and notify, webauthn:extension:credBlob: true, webauthn:extension:largeBlob: true, webauthn:virtualAuthenticators: true}
Element: [[ChromeDriver: chrome on WINDOWS (e0942b18ce45948004ac6a1b12921628)] -&gt; css selector: #login]
Session ID: e0942b18ce45948004ac6a1b12921628&#13;
pages.LoginPage.clickLoginButton(LoginPage.java:38)&#13;
starter.stepdefinition.GoLoginStep.clickLoginButton(GoLoginStep.java:57)&#13;
io.cucumber.java.Invoker.doInvoke(Invoker.java:66)&#13;
io.cucumber.java.Invoker.invoke(Invoker.java:24)&#13;
io.cucumber.java.AbstractGlueDefinition.invokeMethod(AbstractGlueDefinition.java:47)&#13;
io.cucumber.java.JavaStepDefinition.execute(JavaStepDefinition.java:29)&#13;
io.cucumber.core.runner.CoreStepDefinition.execute(CoreStepDefinition.java:66)&#13;
io.cucumber.core.runner.PickleStepDefinitionMatch.runStep(PickleStepDefinitionMatch.java:63)&#13;
io.cucumber.core.runner.TestStep.executeStep(TestStep.java:86)&#13;
io.cucumber.core.runner.TestStep.run(TestStep.java:57)&#13;
io.cucumber.core.runner.PickleStepTestStep.run(PickleStepTestStep.java:51)&#13;
io.cucumber.core.runner.TestCase.run(TestCase.java:95)&#13;
io.cucumber.core.runner.Runner.runPickle(Runner.java:75)&#13;
io.cucumber.core.runtime.CucumberExecutionContext.lambda$runTestCase$3(CucumberExecutionContext.java:151)&#13;
io.cucumber.core.runtime.RethrowingThrowableCollector.executeAndThrow(RethrowingThrowableCollector.java:23)&#13;
io.cucumber.core.runtime.CucumberExecutionContext.runTestCase(CucumberExecutionContext.java:151)&#13;
io.cucumber.junit.FeatureRunner.runChild(FeatureRunner.java:144)&#13;
io.cucumber.junit.FeatureRunner.runChild(FeatureRunner.java:28)&#13;
io.cucumber.junit.FeatureRunner.run(FeatureRunner.java:137)&#13;
io.cucumber.junit.CucumberSerenityRunner.runChild(CucumberSerenityRunner.java:258)&#13;
io.cucumber.junit.CucumberSerenityRunner.runChild(CucumberSerenityRunner.java:58)&#13;
</system-err></testcase></testsuite>