<?xml version="1.0" encoding="UTF-8"?>
<testsuite xmlns:xsi="http://www.w3.org/2001/XMLSchema-instance" xsi:noNamespaceSchemaLocation="https://maven.apache.org/surefire/maven-failsafe-plugin/xsd/failsafe-test-report-3.0.xsd" version="3.0" name="starter.CucumberTestSuite" time="23.532" tests="7" errors="0" skipped="0" failures="5">
  <properties>
[...]
</properties>
  <testcase name="POST - As admin i have be able to login and access my account" classname="Account" time="6.926">
    <failure type="java.lang.AssertionError"><![CDATA[java.lang.AssertionError: 
1 expectation failed.
XML path 'userName' doesn't match.
Expected: rikosh
  Actual: <nullErrorCannot POST /Account/v1/Authorizedusers>

]]></failure>
    <system-out><![CDATA[22:14:42.599 [main] INFO io.cucumber.core.plugin.SerenityReporter - Running feature from file:///C:/Users/RICO/IdeaProjects/18restful-api/src/test/resources/api/Account.feature
22:14:42.603 [main] WARN io.cucumber.core.plugin.SerenityReporter - Feature from file:///C:/Users/RICO/IdeaProjects/18restful-api/src/test/resources/api/Account.feature is not under the 'features' directory. Requirements report will not be correctly generated!
22:14:42.871 [main] INFO  - 

-------------------------------------------------------------------------------------
     _______. _______ .______       _______ .__   __.  __  .___________.____    ____ 
    /       ||   ____||   _  \     |   ____||  \ |  | |  | |           |\   \  /   / 
   |   (----`|  |__   |  |_)  |    |  |__   |   \|  | |  | `---|  |----` \   \/   /  
    \   \    |   __|  |      /     |   __|  |  . `  | |  |     |  |       \_    _/   
.----)   |   |  |____ |  |\  \----.|  |____ |  |\   | |  |     |  |         |  |     
|_______/    |_______|| _| `._____||_______||__| \__| |__|     |__|         |__|    
                                                                                     
 News and tutorials at http://www.serenity-bdd.info                                  
 Documentation at https://wakaleo.gitbooks.io/the-serenity-book/content/             
 Join the Serenity Community on Gitter: https://gitter.im/serenity-bdd/serenity-core 
 Serenity BDD Support and Training at http://serenity-bdd.info/#/trainingandsupport  
-------------------------------------------------------------------------------------

22:14:42.875 [main] DEBUG net.thucydides.core.steps.StepEventBus - Test suite started for story net.thucydides.core.model.Story@b14aad7
22:14:42.883 [main] INFO  - Test Suite Started: Account
22:14:42.905 [main] INFO io.cucumber.core.plugin.SerenityReporter - Running feature from file:///C:/Users/RICO/IdeaProjects/18restful-api/src/test/resources/api/Books.feature
22:14:42.905 [main] WARN io.cucumber.core.plugin.SerenityReporter - Feature from file:///C:/Users/RICO/IdeaProjects/18restful-api/src/test/resources/api/Books.feature is not under the 'features' directory. Requirements report will not be correctly generated!
22:14:42.912 [main] DEBUG net.thucydides.core.steps.StepEventBus - Test suite started for story net.thucydides.core.model.Story@6293ed37
22:14:42.913 [main] INFO  - Test Suite Started: Books
22:14:42.914 [main] INFO io.cucumber.core.plugin.SerenityReporter - Running feature from file:///C:/Users/RICO/IdeaProjects/18restful-api/src/test/resources/api/Account.feature
22:14:42.914 [main] WARN io.cucumber.core.plugin.SerenityReporter - Feature from file:///C:/Users/RICO/IdeaProjects/18restful-api/src/test/resources/api/Account.feature is not under the 'features' directory. Requirements report will not be correctly generated!
22:14:42.919 [main] DEBUG net.thucydides.core.steps.StepEventBus - Test suite started for story net.thucydides.core.model.Story@b14aad7
22:14:42.920 [main] INFO  - Test Suite Started: Account

Scenario: POST - As admin i have be able to login and access my account &amp#27;[90m# src/test/resources/api/Account.feature:4&amp#27;[0m
22:14:43.030 [main] INFO io.cucumber.core.plugin.SerenityReporter - Running feature from file:///C:/Users/RICO/IdeaProjects/18restful-api/src/test/resources/api/Account.feature
22:14:43.030 [main] WARN io.cucumber.core.plugin.SerenityReporter - Feature from file:///C:/Users/RICO/IdeaProjects/18restful-api/src/test/resources/api/Account.feature is not under the 'features' directory. Requirements report will not be correctly generated!
22:14:43.181 [main] INFO  - 
  _____   ___   ___   _____     ___   _____     _     ___   _____   ___   ___  
 |_   _| | __| / __| |_   _|   / __| |_   _|   /_\   | _ \ |_   _| | __| |   \ 
   | |   | _|  \__ \   | |     \__ \   | |    / _ \  |   /   | |   | _|  | |) |
   |_|   |___| |___/   |_|     |___/   |_|   /_/ \_\ |_|_\   |_|   |___| |___/ 

POST - As admin i have be able to login and access my account(account;post---as-admin-i-have-be-able-to-login-and-access-my-account)
--------------------------------------------------------------------------------
22:14:43.747 [main] DEBUG net.thucydides.core.steps.StepInterceptor - STARTING STEP: AccountStep.setGetApiEndPoints - I set post api endpoints
22:14:43.749 [main] DEBUG net.thucydides.core.steps.StepInterceptor - STEP DONE: I set post api endpoints
  &amp#27;[32mGiven &amp#27;[0m&amp#27;[32mI set "&amp#27;[0m&amp#27;[32m&amp#27;[1mpost&amp#27;[0m&amp#27;[32m" api endpoints&amp#27;[0m                                      &amp#27;[90m# starter.stepdefinitions.AccountStep.setGetApiEndPoints(java.lang.String)&amp#27;[0m
22:14:43.761 [main] DEBUG net.thucydides.core.steps.StepInterceptor - STARTING STEP: AccountStep.iGetHttpRequest - I send post http request
22:14:46.879 [main] DEBUG net.thucydides.core.steps.StepInterceptor - STARTING STEP: Post.iSendPostHttpRequest - I set post api endpoints
22:14:46.879 [main] DEBUG net.thucydides.core.steps.StepInterceptor - STEP DONE: I set post api endpoints
22:14:47.818 [main] DEBUG org.apache.http.impl.conn.BasicClientConnectionManager - Get connection for route {s}->https://demoqa.com:443
22:14:47.838 [main] DEBUG org.apache.http.impl.conn.DefaultClientConnectionOperator - Connecting to demoqa.com:443
22:14:48.529 [main] DEBUG org.apache.http.client.protocol.RequestAddCookies - CookieSpec selected: ignoreCookies
22:14:48.530 [main] DEBUG org.apache.http.client.protocol.RequestAuthCache - Auth cache not set in the context
22:14:48.530 [main] DEBUG org.apache.http.client.protocol.RequestTargetAuthentication - Target auth state: UNCHALLENGED
22:14:48.530 [main] DEBUG org.apache.http.client.protocol.RequestProxyAuthentication - Proxy auth state: UNCHALLENGED
22:14:48.531 [main] DEBUG org.apache.http.impl.client.DefaultHttpClient - Attempt 1 to execute request
22:14:48.531 [main] DEBUG org.apache.http.impl.conn.DefaultClientConnection - Sending request: POST /Account/v1/Authorizedusers HTTP/1.1
22:14:48.531 [main] DEBUG org.apache.http.wire -  >> "POST /Account/v1/Authorizedusers HTTP/1.1[\r][\n]"
22:14:48.532 [main] DEBUG org.apache.http.wire -  >> "Accept: */*[\r][\n]"
22:14:48.532 [main] DEBUG org.apache.http.wire -  >> "Content-Type: application/json[\r][\n]"
22:14:48.532 [main] DEBUG org.apache.http.wire -  >> "Content-Length: 41[\r][\n]"
22:14:48.532 [main] DEBUG org.apache.http.wire -  >> "Host: demoqa.com[\r][\n]"
22:14:48.532 [main] DEBUG org.apache.http.wire -  >> "Connection: Keep-Alive[\r][\n]"
22:14:48.532 [main] DEBUG org.apache.http.wire -  >> "User-Agent: Apache-HttpClient/4.5.13 (Java/17.0.2)[\r][\n]"
22:14:48.533 [main] DEBUG org.apache.http.wire -  >> "Accept-Encoding: gzip,deflate[\r][\n]"
22:14:48.533 [main] DEBUG org.apache.http.wire -  >> "[\r][\n]"
22:14:48.533 [main] DEBUG org.apache.http.headers - >> POST /Account/v1/Authorizedusers HTTP/1.1
22:14:48.533 [main] DEBUG org.apache.http.headers - >> Accept: */*
22:14:48.533 [main] DEBUG org.apache.http.headers - >> Content-Type: application/json
22:14:48.533 [main] DEBUG org.apache.http.headers - >> Content-Length: 41
22:14:48.533 [main] DEBUG org.apache.http.headers - >> Host: demoqa.com
22:14:48.533 [main] DEBUG org.apache.http.headers - >> Connection: Keep-Alive
22:14:48.533 [main] DEBUG org.apache.http.headers - >> User-Agent: Apache-HttpClient/4.5.13 (Java/17.0.2)
22:14:48.533 [main] DEBUG org.apache.http.headers - >> Accept-Encoding: gzip,deflate
22:14:48.533 [main] DEBUG org.apache.http.wire -  >> "{"password":"string","userName":"string"}"
22:14:48.746 [main] DEBUG org.apache.http.wire -  << "HTTP/1.1 404 Not Found[\r][\n]"
22:14:48.750 [main] DEBUG org.apache.http.wire -  << "Server: nginx/1.17.10 (Ubuntu)[\r][\n]"
22:14:48.751 [main] DEBUG org.apache.http.wire -  << "Date: Sun, 27 Mar 2022 15:14:47 GMT[\r][\n]"
22:14:48.751 [main] DEBUG org.apache.http.wire -  << "Content-Type: text/html; charset=utf-8[\r][\n]"
22:14:48.751 [main] DEBUG org.apache.http.wire -  << "Transfer-Encoding: chunked[\r][\n]"
22:14:48.752 [main] DEBUG org.apache.http.wire -  << "Connection: keep-alive[\r][\n]"
22:14:48.752 [main] DEBUG org.apache.http.wire -  << "X-Powered-By: Express[\r][\n]"
22:14:48.752 [main] DEBUG org.apache.http.wire -  << "Content-Security-Policy: default-src 'none'[\r][\n]"
22:14:48.752 [main] DEBUG org.apache.http.wire -  << "X-Content-Type-Options: nosniff[\r][\n]"
22:14:48.753 [main] DEBUG org.apache.http.wire -  << "Content-Encoding: gzip[\r][\n]"
22:14:48.753 [main] DEBUG org.apache.http.wire -  << "[\r][\n]"
22:14:48.755 [main] DEBUG org.apache.http.impl.conn.DefaultClientConnection - Receiving response: HTTP/1.1 404 Not Found
22:14:48.755 [main] DEBUG org.apache.http.headers - << HTTP/1.1 404 Not Found
22:14:48.755 [main] DEBUG org.apache.http.headers - << Server: nginx/1.17.10 (Ubuntu)
22:14:48.756 [main] DEBUG org.apache.http.headers - << Date: Sun, 27 Mar 2022 15:14:47 GMT
22:14:48.756 [main] DEBUG org.apache.http.headers - << Content-Type: text/html; charset=utf-8
22:14:48.756 [main] DEBUG org.apache.http.headers - << Transfer-Encoding: chunked
22:14:48.756 [main] DEBUG org.apache.http.headers - << Connection: keep-alive
22:14:48.756 [main] DEBUG org.apache.http.headers - << X-Powered-By: Express
22:14:48.756 [main] DEBUG org.apache.http.headers - << Content-Security-Policy: default-src 'none'
22:14:48.756 [main] DEBUG org.apache.http.headers - << X-Content-Type-Options: nosniff
22:14:48.757 [main] DEBUG org.apache.http.headers - << Content-Encoding: gzip
22:14:48.762 [main] DEBUG org.apache.http.impl.client.DefaultHttpClient - Connection can be kept alive indefinitely
22:14:48.776 [main] DEBUG io.restassured.internal.RequestSpecificationImpl$RestAssuredHttpBuilder - Parsing response as: text/html; charset=utf-8
22:14:48.777 [main] DEBUG org.apache.http.wire -  << "95[\r][\n]"
22:14:48.777 [main] DEBUG org.apache.http.wire -  << "[0x1f][0x8b][0x8][0x0][0x0][0x0][0x0][0x0][0x4][0x3]-N=[0xb][0x83]0[0x10][0xdd][0xfd][0x15][0xa9]{9[0xba]u[0x88][0x1][0xb1][0xce][\n]"
22:14:48.777 [main] DEBUG org.apache.http.wire -  << "u[0xe9][0x98]&[0xd7]F[0x88][0x89]\.[0x85][0xf6][0xd7][0xd7][0xa0][0xd3][0xe3]}[0xf2][0xe4][0xe9]6t[0xd3]c[0xec][0x85][0xe3][0xc5][0xab]J[0x16][0x10]^[0x87]wSc[0xa8][0x8b][0x80][0xda]n[0xb0] ka[0x9c][0xa6][0x84][0xdc][0xd4][0x99]_[0xe7]kqyf[0x8f][0xaa]'[0x8a]$a'[0x95][0x84][0xa3][0xf3][0x8c][0xf6][0xbb]eVB[0xd5][0xe9][0x10]"[0x8b]q[0xb8]O[0x2]Zcb[0xe][0xc][0x9f][0xb][0xb4][0x99]][0xa4][0xf9][0x87]6'[0xa4]$[0xa1][0x84][0xb7][0x85][0xa3][\n]"
22:14:48.777 [main] DEBUG org.apache.http.wire -  << "[0xfb][0xab]?u.[\n]"
22:14:48.777 [main] DEBUG org.apache.http.wire -  << "[0xb8][0xa6][0x0][0x0][0x0]"
22:14:48.777 [main] DEBUG org.apache.http.wire -  << "[\r][\n]"
22:14:48.777 [main] DEBUG org.apache.http.wire -  << "0[\r][\n]"
22:14:48.777 [main] DEBUG org.apache.http.wire -  << "[\r][\n]"
22:14:48.777 [main] DEBUG io.restassured.internal.RequestSpecificationImpl$RestAssuredHttpBuilder - Parsed data to instance of: class org.apache.http.conn.EofSensorInputStream
22:14:48.811 [main] DEBUG org.apache.http.impl.conn.BasicClientConnectionManager - Releasing connection org.apache.http.impl.conn.ManagedClientConnectionImpl@68d8ae27
22:14:48.811 [main] DEBUG org.apache.http.impl.conn.BasicClientConnectionManager - Connection can be kept alive indefinitely
22:14:48.952 [main] DEBUG net.thucydides.core.steps.StepInterceptor - STEP DONE: I send post http request
  &amp#27;[32mWhen &amp#27;[0m&amp#27;[32mI send "&amp#27;[0m&amp#27;[32m&amp#27;[1mpost&amp#27;[0m&amp#27;[32m" http requests&amp#27;[0m                                      &amp#27;[90m# starter.stepdefinitions.AccountStep.iGetHttpRequest(java.lang.String)&amp#27;[0m
22:14:48.957 [main] DEBUG net.thucydides.core.steps.StepInterceptor - STARTING STEP: AccountStep.receiveValidDataForDetailUser - I receive valid data for login user
  &amp#27;[31mThen &amp#27;[0m&amp#27;[31mI receive valid data for "&amp#27;[0m&amp#27;[31m&amp#27;[1mlogin&amp#27;[0m&amp#27;[31m" user&amp#27;[0m                            &amp#27;[90m# starter.stepdefinitions.AccountStep.receiveValidDataForDetailUser(java.lang.String)&amp#27;[0m
      &amp#27;[31mjava.lang.AssertionError: 1 expectation failed.
XML path 'userName' doesn't match.
Expected: rikosh
  Actual: <nullErrorCannot POST /Account/v1/Authorizedusers>

	at java.base/jdk.internal.reflect.NativeConstructorAccessorImpl.newInstance0(Native Method)
	at java.base/jdk.internal.reflect.NativeConstructorAccessorImpl.newInstance(NativeConstructorAccessorImpl.java:77)
	at java.base/jdk.internal.reflect.DelegatingConstructorAccessorImpl.newInstance(DelegatingConstructorAccessorImpl.java:45)
	at java.base/java.lang.reflect.Constructor.newInstanceWithCaller(Constructor.java:499)
	at java.base/java.lang.reflect.Constructor.newInstance(Constructor.java:480)
	at org.codehaus.groovy.reflection.CachedConstructor.invoke(CachedConstructor.java:72)
	at org.codehaus.groovy.runtime.callsite.ConstructorSite$ConstructorSiteNoUnwrapNoCoerce.callConstructor(ConstructorSite.java:105)
	at org.codehaus.groovy.runtime.callsite.CallSiteArray.defaultCallConstructor(CallSiteArray.java:59)
	at org.codehaus.groovy.runtime.callsite.AbstractCallSite.callConstructor(AbstractCallSite.java:263)
	at org.codehaus.groovy.runtime.callsite.AbstractCallSite.callConstructor(AbstractCallSite.java:277)
	at io.restassured.internal.ResponseSpecificationImpl$HamcrestAssertionClosure.validate(ResponseSpecificationImpl.groovy:499)
	at io.restassured.internal.ResponseSpecificationImpl$HamcrestAssertionClosure$validate$1.call(Unknown Source)
	at org.codehaus.groovy.runtime.callsite.CallSiteArray.defaultCall(CallSiteArray.java:47)
	at org.codehaus.groovy.runtime.callsite.AbstractCallSite.call(AbstractCallSite.java:125)
	at org.codehaus.groovy.runtime.callsite.AbstractCallSite.call(AbstractCallSite.java:139)
	at io.restassured.internal.ResponseSpecificationImpl.validateResponseIfRequired(ResponseSpecificationImpl.groovy:684)
	at java.base/jdk.internal.reflect.NativeMethodAccessorImpl.invoke0(Native Method)
	at java.base/jdk.internal.reflect.NativeMethodAccessorImpl.invoke(NativeMethodAccessorImpl.java:77)
	at java.base/jdk.internal.reflect.DelegatingMethodAccessorImpl.invoke(DelegatingMethodAccessorImpl.java:43)
	at java.base/java.lang.reflect.Method.invoke(Method.java:568)
	at org.codehaus.groovy.runtime.callsite.PlainObjectMetaMethodSite.doInvoke(PlainObjectMetaMethodSite.java:43)
	at org.codehaus.groovy.runtime.callsite.PogoMetaMethodSite$PogoCachedMethodSiteNoUnwrapNoCoerce.invoke(PogoMetaMethodSite.java:193)
	at org.codehaus.groovy.runtime.callsite.PogoMetaMethodSite.callCurrent(PogoMetaMethodSite.java:61)
	at org.codehaus.groovy.runtime.callsite.CallSiteArray.defaultCallCurrent(CallSiteArray.java:51)
	at org.codehaus.groovy.runtime.callsite.AbstractCallSite.callCurrent(AbstractCallSite.java:171)
	at org.codehaus.groovy.runtime.callsite.AbstractCallSite.callCurrent(AbstractCallSite.java:185)
	at io.restassured.internal.ResponseSpecificationImpl.body(ResponseSpecificationImpl.groovy:262)
	at io.restassured.specification.ResponseSpecification$body$0.callCurrent(Unknown Source)
	at org.codehaus.groovy.runtime.callsite.CallSiteArray.defaultCallCurrent(CallSiteArray.java:51)
	at org.codehaus.groovy.runtime.callsite.AbstractCallSite.callCurrent(AbstractCallSite.java:171)
	at org.codehaus.groovy.runtime.callsite.AbstractCallSite.callCurrent(AbstractCallSite.java:212)
	at io.restassured.internal.ResponseSpecificationImpl.body(ResponseSpecificationImpl.groovy:109)
	at io.restassured.internal.ValidatableResponseOptionsImpl.body(ValidatableResponseOptionsImpl.java:244)
	at io.restassured.internal.ValidatableResponseImpl.super$2$body(ValidatableResponseImpl.groovy)
	at java.base/jdk.internal.reflect.NativeMethodAccessorImpl.invoke0(Native Method)
	at java.base/jdk.internal.reflect.NativeMethodAccessorImpl.invoke(NativeMethodAccessorImpl.java:77)
	at java.base/jdk.internal.reflect.DelegatingMethodAccessorImpl.invoke(DelegatingMethodAccessorImpl.java:43)
	at java.base/java.lang.reflect.Method.invoke(Method.java:568)
	at org.codehaus.groovy.reflection.CachedMethod.invoke(CachedMethod.java:107)
	at groovy.lang.MetaMethod.doMethodInvoke(MetaMethod.java:323)
	at groovy.lang.MetaClassImpl.invokeMethod(MetaClassImpl.java:1268)
	at org.codehaus.groovy.runtime.ScriptBytecodeAdapter.invokeMethodOnSuperN(ScriptBytecodeAdapter.java:144)
	at io.restassured.internal.ValidatableResponseImpl.body(ValidatableResponseImpl.groovy:298)
	at io.restassured.internal.ValidatableResponseImpl.body(ValidatableResponseImpl.groovy)
	at starter.account.Post.lambda$receiveValidDataForLoginUser$0(Post.java:29)
	at net.serenitybdd.rest.SerenityRest.restAssuredThat(SerenityRest.java:626)
	at starter.account.Post.receiveValidDataForLoginUser(Post.java:29)
	at starter.account.Post$ByteBuddy$HkXbRoWn.receiveValidDataForLoginUser$accessor$KWNwfRor(Unknown Source)
	at java.base/jdk.internal.reflect.NativeMethodAccessorImpl.invoke0(Native Method)
	at java.base/jdk.internal.reflect.NativeMethodAccessorImpl.invoke(NativeMethodAccessorImpl.java:77)
	at java.base/jdk.internal.reflect.DelegatingMethodAccessorImpl.invoke(DelegatingMethodAccessorImpl.java:43)
	at java.base/java.lang.reflect.Method.invoke(Method.java:568)
	at net.thucydides.core.steps.StepInterceptor.invokeMethod(StepInterceptor.java:503)
	at net.thucydides.core.steps.StepInterceptor.executeTestStepMethod(StepInterceptor.java:483)
	at net.thucydides.core.steps.StepInterceptor.runTestStep(StepInterceptor.java:457)
	at net.thucydides.core.steps.StepInterceptor.runOrSkipMethod(StepInterceptor.java:209)
	at net.thucydides.core.steps.StepInterceptor.testStepResult(StepInterceptor.java:196)
	at net.thucydides.core.steps.StepInterceptor.intercept(StepInterceptor.java:84)
	at net.thucydides.core.steps.ProxyConfiguration$InterceptorDispatcher.intercept(ProxyConfiguration.java:51)
	at starter.account.Post$ByteBuddy$HkXbRoWn.receiveValidDataForLoginUser(Unknown Source)
	at starter.stepdefinitions.AccountStep.receiveValidDataForDetailUser(AccountStep.java:42)
	at âœ½.I receive valid data for "login" user(file:///C:/Users/RICO/IdeaProjects/18restful-api/src/test/resources/api/Account.feature:7)
&amp#27;[0m
22:14:49.746 [main] ERROR  - 
  _____   ___   ___   _____     ___     _     ___   _      ___   ___  
 |_   _| | __| / __| |_   _|   | __|   /_\   |_ _| | |    | __| |   \ 
   | |   | _|  \__ \   | |     | _|   / _ \   | |  | |__  | _|  | |) |
   |_|   |___| |___/   |_|     |_|   /_/ \_\ |___| |____| |___| |___/ 

POST - As admin i have be able to login and access my account
-----------------------------------------------------------------------
22:14:49.748 [main] DEBUG  - RELATED ISSUES: 
22:14:49.838 [main] ERROR  -     Test failed at step: I receive valid data for login user
22:14:49.838 [main] ERROR  -     1 expectation failed.XML path 'userName' doesn't match.Expected: rikosh  Actual: <nullErrorCannot POST /Account/v1/Authorizedusers>
]]></system-out>
  </testcase>
  <testcase name="GET - As admin i have be able to get detail user by Id" classname="Account" time="1.051">
    <failure type="java.lang.AssertionError"><![CDATA[java.lang.AssertionError: 
1 expectation failed.
XML path 'userName' doesn't match.
Expected: rikosh
  Actual: <nullnullnullnullasync function detectAdBlock(){let e=!1;try{await fetch(new Request("https://pagead2.googlesyndication.com/pagead/js/adsbygoogle.js")).catch(a=>e=!0)}catch(a){e=!1}finally{!0===e&&dataLayer.push({event:"Ad Blocker"}),console.log("AdBlock Enabled: ${adBlockEnabled}")}}detectAdBlock()nullToolsQAnullvar gptadslots=[],googletag=googletag||{cmd:[]}googletag.cmd.push((function(){var e=googletag.sizeMapping().addSize([0,0],[[320,50],[300,75],[300,50]]).addSize([730,200],[[728,90],[468,60]]).addSize([975,200],[[970,90],[728,90],[960,90],[750,100],[950,90],[468,60]]).build();gptadslots.push(googletag.defineSlot("/21849154601,22343295815/Ad.Plus-Anchor",[[320,100]],"adplus-anchor").setTargeting("site",["demoqa.com"]).defineSizeMapping(e).addService(googletag.pubads())),googletag.enableServices()}))nullgoogletag.cmd.push((function(){googletag.display("adplus-anchor")}))!function(e,t,a,n,g){e[n]=e[n]||[],e[n].push({"gtm.start":(new Date).getTime(),event:"gtm.js"});var m=t.getElementsByTagName(a)[0],r=t.createElement(a);r.async=!0,r.src="https://www.googletagmanager.com/gtm.js?id=GTM-MX8DD4S",m.parentNode.insertBefore(r,m)}(window,document,"script","dataLayer")nullnullnullnullnullnull>

]]></failure>
    <system-out><![CDATA[
Scenario: GET - As admin i have be able to get detail user by Id &amp#27;[90m# src/test/resources/api/Account.feature:9&amp#27;[0m
22:14:49.868 [main] INFO io.cucumber.core.plugin.SerenityReporter - Running feature from file:///C:/Users/RICO/IdeaProjects/18restful-api/src/test/resources/api/Account.feature
22:14:49.868 [main] WARN io.cucumber.core.plugin.SerenityReporter - Feature from file:///C:/Users/RICO/IdeaProjects/18restful-api/src/test/resources/api/Account.feature is not under the 'features' directory. Requirements report will not be correctly generated!
22:14:49.874 [main] INFO  - 
  _____   ___   ___   _____     ___   _____     _     ___   _____   ___   ___  
 |_   _| | __| / __| |_   _|   / __| |_   _|   /_\   | _ \ |_   _| | __| |   \ 
   | |   | _|  \__ \   | |     \__ \   | |    / _ \  |   /   | |   | _|  | |) |
   |_|   |___| |___/   |_|     |___/   |_|   /_/ \_\ |_|_\   |_|   |___| |___/ 

GET - As admin i have be able to get detail user by Id(account;get---as-admin-i-have-be-able-to-get-detail-user-by-id)
--------------------------------------------------------------------------------
22:14:49.904 [main] DEBUG net.thucydides.core.steps.StepInterceptor - STARTING STEP: AccountStep.setGetApiEndPoints - I set "get" api endpoints
22:14:49.905 [main] DEBUG net.thucydides.core.steps.StepInterceptor - STEP DONE: I set "get" api endpoints
  &amp#27;[32mGiven &amp#27;[0m&amp#27;[32mI set "&amp#27;[0m&amp#27;[32m&amp#27;[1mget&amp#27;[0m&amp#27;[32m" api endpoints&amp#27;[0m                                &amp#27;[90m# starter.stepdefinitions.AccountStep.setGetApiEndPoints(java.lang.String)&amp#27;[0m
22:14:49.913 [main] DEBUG net.thucydides.core.steps.StepInterceptor - STARTING STEP: AccountStep.iGetHttpRequest - I send "get" http request
22:14:49.917 [main] DEBUG net.thucydides.core.steps.StepInterceptor - STARTING STEP: Get.iGetHttpRequest - I set "get" api endpoints
22:14:49.918 [main] DEBUG net.thucydides.core.steps.StepInterceptor - STEP DONE: I set "get" api endpoints
22:14:49.963 [main] DEBUG org.apache.http.impl.conn.BasicClientConnectionManager - Get connection for route {s}->https://demoqa.com:443
22:14:49.963 [main] DEBUG org.apache.http.impl.conn.DefaultClientConnectionOperator - Connecting to demoqa.com:443
22:14:50.548 [main] DEBUG org.apache.http.client.protocol.RequestAddCookies - CookieSpec selected: ignoreCookies
22:14:50.549 [main] DEBUG org.apache.http.client.protocol.RequestAuthCache - Auth cache not set in the context
22:14:50.549 [main] DEBUG org.apache.http.client.protocol.RequestTargetAuthentication - Target auth state: UNCHALLENGED
22:14:50.549 [main] DEBUG org.apache.http.client.protocol.RequestProxyAuthentication - Proxy auth state: UNCHALLENGED
22:14:50.549 [main] DEBUG org.apache.http.impl.client.DefaultHttpClient - Attempt 1 to execute request
22:14:50.549 [main] DEBUG org.apache.http.impl.conn.DefaultClientConnection - Sending request: GET /Account/v1/User/63ed5293-e3eb-44cc-93b6-cd5ccf5f8565users/2 HTTP/1.1
22:14:50.549 [main] DEBUG org.apache.http.wire -  >> "GET /Account/v1/User/63ed5293-e3eb-44cc-93b6-cd5ccf5f8565users/2 HTTP/1.1[\r][\n]"
22:14:50.549 [main] DEBUG org.apache.http.wire -  >> "Accept: */*[\r][\n]"
22:14:50.549 [main] DEBUG org.apache.http.wire -  >> "Host: demoqa.com[\r][\n]"
22:14:50.550 [main] DEBUG org.apache.http.wire -  >> "Connection: Keep-Alive[\r][\n]"
22:14:50.550 [main] DEBUG org.apache.http.wire -  >> "User-Agent: Apache-HttpClient/4.5.13 (Java/17.0.2)[\r][\n]"
22:14:50.550 [main] DEBUG org.apache.http.wire -  >> "Accept-Encoding: gzip,deflate[\r][\n]"
22:14:50.550 [main] DEBUG org.apache.http.wire -  >> "[\r][\n]"
22:14:50.550 [main] DEBUG org.apache.http.headers - >> GET /Account/v1/User/63ed5293-e3eb-44cc-93b6-cd5ccf5f8565users/2 HTTP/1.1
22:14:50.550 [main] DEBUG org.apache.http.headers - >> Accept: */*
22:14:50.550 [main] DEBUG org.apache.http.headers - >> Host: demoqa.com
22:14:50.550 [main] DEBUG org.apache.http.headers - >> Connection: Keep-Alive
22:14:50.550 [main] DEBUG org.apache.http.headers - >> User-Agent: Apache-HttpClient/4.5.13 (Java/17.0.2)
22:14:50.551 [main] DEBUG org.apache.http.headers - >> Accept-Encoding: gzip,deflate
22:14:50.804 [main] DEBUG org.apache.http.wire -  << "HTTP/1.1 200 OK[\r][\n]"
22:14:50.804 [main] DEBUG org.apache.http.wire -  << "Server: nginx/1.17.10 (Ubuntu)[\r][\n]"
22:14:50.804 [main] DEBUG org.apache.http.wire -  << "Date: Sun, 27 Mar 2022 15:14:50 GMT[\r][\n]"
22:14:50.805 [main] DEBUG org.apache.http.wire -  << "Content-Type: text/html; charset=UTF-8[\r][\n]"
22:14:50.805 [main] DEBUG org.apache.http.wire -  << "Transfer-Encoding: chunked[\r][\n]"
22:14:50.805 [main] DEBUG org.apache.http.wire -  << "Connection: keep-alive[\r][\n]"
22:14:50.805 [main] DEBUG org.apache.http.wire -  << "X-Powered-By: Express[\r][\n]"
22:14:50.805 [main] DEBUG org.apache.http.wire -  << "Cache-Control: public, max-age=0[\r][\n]"
22:14:50.805 [main] DEBUG org.apache.http.wire -  << "Last-Modified: Sun, 20 Mar 2022 11:24:45 GMT[\r][\n]"
22:14:50.805 [main] DEBUG org.apache.http.wire -  << "ETag: W/"c43-17fa7128ccd"[\r][\n]"
22:14:50.805 [main] DEBUG org.apache.http.wire -  << "Content-Encoding: gzip[\r][\n]"
22:14:50.805 [main] DEBUG org.apache.http.wire -  << "[\r][\n]"
22:14:50.806 [main] DEBUG org.apache.http.impl.conn.DefaultClientConnection - Receiving response: HTTP/1.1 200 OK
22:14:50.806 [main] DEBUG org.apache.http.headers - << HTTP/1.1 200 OK
22:14:50.806 [main] DEBUG org.apache.http.headers - << Server: nginx/1.17.10 (Ubuntu)
22:14:50.806 [main] DEBUG org.apache.http.headers - << Date: Sun, 27 Mar 2022 15:14:50 GMT
22:14:50.806 [main] DEBUG org.apache.http.headers - << Content-Type: text/html; charset=UTF-8
22:14:50.806 [main] DEBUG org.apache.http.headers - << Transfer-Encoding: chunked
22:14:50.806 [main] DEBUG org.apache.http.headers - << Connection: keep-alive
22:14:50.806 [main] DEBUG org.apache.http.headers - << X-Powered-By: Express
22:14:50.806 [main] DEBUG org.apache.http.headers - << Cache-Control: public, max-age=0
22:14:50.806 [main] DEBUG org.apache.http.headers - << Last-Modified: Sun, 20 Mar 2022 11:24:45 GMT
22:14:50.806 [main] DEBUG org.apache.http.headers - << ETag: W/"c43-17fa7128ccd"
22:14:50.806 [main] DEBUG org.apache.http.headers - << Content-Encoding: gzip
22:14:50.806 [main] DEBUG org.apache.http.impl.client.DefaultHttpClient - Connection can be kept alive indefinitely
22:14:50.807 [main] DEBUG io.restassured.internal.RequestSpecificationImpl$RestAssuredHttpBuilder - Parsing response as: text/html; charset=UTF-8
22:14:50.807 [main] DEBUG org.apache.http.wire -  << "645[\r][\n]"
22:14:50.808 [main] DEBUG org.apache.http.wire -  << "[0x1f][0x8b][0x8][0x0][0x0][0x0][0x0][0x0][0x4][0x3][0x9d]Wms[0xdb]6[0x12][0xfe]+4[0xe6][0x9a]!'[0x14]II[0x94][0xac]7*c7[0x89][0xdb][0xe6][0xec]$[0x8d][0xaf][0x97][0xab][0xc7][0x1f] [0x2]"a[0x91][0x0][0xb][0x80][0x92][0x18]G[0xff][0xbd][0xb][0x92]z[0xb1]s[0xcd]u[0xce]3[0xa6]@`[0x5],v[0x9f][0xe7][0xd9][0xd5][0xec][0x8c][0x88]XW[0x5][0xb5]R[0x9d]g[0xf3]Y[0xfb][0xa4][0x98][0xcc]g9[0xd5][0xd8][0xe2]8[0xa7][0x11]Z3[0xba])[0x84][0xd4][0xc8][0x8a][0x5][0xd7][0x94][0xeb][0x8]m[0x18][0xd1]iD[0xe8][0x9a][0xc5][0xb4]S[0xbf][0xb8][0x8c]3[0xcd]p[0xd6]Q1[0xce]h[0xd4]E[0xf3][0x99][0x8a]%+[0xb4][0xa5]d[0x1c][0xa1]T[0xeb]BM|?[0x16][0x84]z[0xf][0x94]TV^,r[0xbf][0x19]v[0xfa][0xde][0xc0][0xb][0xbc][0x9c]q[0xef]A![0x8b][0xc1])[0x89]d[0xba][0x8a][0x90]Jqo0[0xec]lo[0xbe][0xdc][0xf4]p[0x98][0xe9][0xd5]e[0x18]^[0xc7][0xfe]/_[0xfa][0xc5]m[0xc8][0xfe][0xd5][0x8d]s[0xfa]k[0xf0]v[0xf5]Y[0x85][0x85],[0xfd]_[0xb6][0xf8]c[0x4]nJ[0xa1][0x94][0x90],a<B[0x98][0xb]^[0xe5][0xa2]T[0xe0][0x91][0xdf][0xb8][0xf4][0xf7]\+[0x99][0xdf][0xf5][0xba]=/[0xd8];Y[0xb2][0xef]xH[0xaf][0xde][0xc][0x17]Y)W[0x3][0xf5][0xd3][0xc3]K[0x99][0xaf][0x96][0xea][0xea]?[0xf4]][0xf5][0xfb][0xb6][0x1d].[0xae]^[0xfe][0x9e][0xbd][0xad].[0xce][0xdf]qu[0xfe][0xe6]oy[0x98]1[0xbe][0xb2]RI[0x97][0xc7][0xd8])[0x8d][0xe3]U[0x81]u[0xea]-[0x84][0xd0]JK\[0xc4][0x84][0xd7]a<L[0xf8][0xa1][0x17]z]?V[0xca]?[0xcc][0xd5]^[0xc3][0xc][0xb2]$[0xcd] [0xa4][0xba][0xca][0xa8]J)[0x85][0x84]>[0x8d]t[0x14]v~[[0x9]1[0xda][0x86]?^[0xa9][0xf7][0xfd][0x97]?[0xa5][0xdb][0xf5][0xe8][0xd6][0xff]8[0xf8][0x80]?[0xeb][0xd5];][0xe][0xcb]dp[0xfb][0x9e][0xde][0xfc]6L.[0xd9][[0xfa][0xef][0xf]Woo[0xc6][0xd7]e[0xfa]~[0xd9][0xeb][0x1c][0xff][0xbc]|H[0xbf][0x13][0xfd][0x16][0xf]XU<[0x9e][0xd7]OkY[0xf2]X3[0xc1]-B5[0x8d][0xf5][0x5][0xb9][0xcc]D[0xbc][0xb2][0x9d][0xc7][0x8c]j[0x8b]Fg[0xdd][0xa9][0x96][0xd5]#[0xde]`[0xa6][0xad]%[0xd5]qjs[0xba][0xb1]~[0xa5][0x0] [0xa5][0xed][0x3][0xaa][\n]"
22:14:50.808 [main] DEBUG org.apache.http.wire -  << "[0x9c][0x0]h{^"D[0x2]w[0xab]8a16[0xfb][0xd6][0xc1]iV[0xfd][0x7][0xe5]c[0xa2][0x16]Ucd[0x80][0xe6]8[0x1e][0x98][0xc1][0xa6]8[0x9a][0xc3]a[0x81][0xb3]k_[0x9d]Gs[0xf6]n[0xc9]8[0xce][0xb2][0xea][0xf1],[0x88][0xa2][0x88][0xbe]xA[0xb0][0xc6][0xff][0xc4][0x15][0x95]^Q[0xaa][0xd4]~[0xa4]k [0xc3][0x4]][0x10][0xab]v[0x9b]J[0xb4]s\[0xe0][0x88][0x12][0x19][0xf5]2[0x91][0xd8][0xb0]T[0xaf]Xo8^d[0x94]L[0xac]<[0xe2]f[0xaa][0x9d][0xd9]!g[0xb7]{v[0xf9]o`[0xda][0xc4][0xea][0x9][0x8f][0xfe][0xbf][0x1b][0xbf][0x8a]3f[0xf8][0x1b][0xe3]NQ.:[0x83][0xd1]h[0xdc][0x1b][0x8f][0xc2]Aw[0x18][0x8c][0xbb][0xe1][0xf0];[0xb9];0G3[0x9d][0xd1][0xf9][0xad][0x10][0x99][0xfa]x1[0xf3][0x9b][0xd7][0x19]ak[0x8b][0x91][0x8]-[0xd9][0x96][0x92][0x5][0xe6][0xc8][0xaa]Q[0xd6][\n]"
22:14:50.808 [main] DEBUG org.apache.http.wire -  << "[0xc5][0xa4][0x1b][0x4]?Ls,[0x81][0x90][0x13]\j1[0xd5]t[0xab];8c[0x9][0x9f][0xc4][0xe0][0x10][0x95][0xd3]e&[0xb0][0x9e][0x0]W[0xe9]T[0xac][0xa9][0x84][0xd7][0xcd]$e[0x84]P>%L[0x15][0x19][0xae]&[0x80][0x1f][0x91]e[0xd3]B(P[0x1a][0xc1]'[0xf5]a[0xd3][0x85][0xd0]Z[0xe4][0x93]`[0xfa][0xa5][0xc3]8[0xa1][0xdb][0xc9][0xb8][0xf9][0x3][0xba][0x1b][0xaf]Z?[0xbe]=p[0xbf][0xeb][0xc2] [0xe][0x9c][0xdb]6:6[0x19][0x9f][0x7][0xc5]v[0x9a]R[0x96][0xa4][0xba]q[0xf6][0xb9]?'[0x17]9[0xaa]\[0x9d]#P[0x1b][0x3]n[0xb8][0xfd][0xa9][0xe6]m6[0x9b][0x16][0x99][0x1a]'[0x8a]J#[0x9a][0xaa]F&[0xbc][0x1b]X&[0x85]6p[0xfc]F[0x9f][0xe6]k,-X[0x4][0xd8]f@[0xf8][0xe8][0xee][0xde]m[0xc0][0xb][0xdf][0x8b][0xe][0xa3][0xaf]_[0x1f][0xe3][0x9c]L[0xee][0xee]w[0xcf][0x81]3?[0xd8]x`[0xd1][0x80][0xd6][0xde]S[0xe]Hf[0xb6][0xa7][0xc7][0x8d]<[0xc5][0xbe][0xd0]k\[0x14][0x8c]'[0xb6][0xe3]aB>[0xc1][0x84]}[0x17][0xb8][0xc1][0xbd]{w[0xd7][0xef][0x5][0xee][0xc0][0x8c][0xfa]A[0xe0][0x9e][0xf][0xda][0x1][0xcc][0xdc][0x9f][0xd8][0x9e][0xf7][0x3][0xb7][0x17][0xd4][0xf6][0xe7][0xbd][0x91];6[0xa3]p8r[0x87]O[0xcd][0xc6][0xe7][0x83][0xbd][0x19][0xc4][0xbb]1;[0xd8][0x8f][0x87][0xfb][0x99]A[0xe0][0x2]t`[0x8b]1[0x8c][0x9e][0xed][0xb5](YFlgz[0x8c]Os[0xc1][0xe3][0x9d][0x9][0x5][0x2][0xd3]O[0x10]:[0x1b][0xf9][0xbd][0xee]([0x1c]w[0x7][0xe1]0[0xe8][0xba][0xbd]^?[0xec][0xf7][0xc6][0x83]Qw[0xe0]_[0x10][0xef]CV[0xaa][0xce][0x5][0x8f]S!Q{Os[0xea][0xbd][0x8b]0)[0xcc][0x1a]n[0xd6][0x1c]OQ}[0xb]([0xa6][0xda]D[0x8][0x1][0xc])|[0x1][0x11][0x9a][0x8b]?[0xb0]I([0x82]P[0xb4][0xa7][0x9e][0x84][0x92]6[0xf1]i[0x12]o[0x1f][0xfd][0x3][\n]"
22:14:50.808 [main] DEBUG org.apache.http.wire -  << "Bfm[0xc7]q[0x8e]i[0xf5]h[0xad][0x14][0x9f]Z[0x94][0xd8][0xce][0xce]q[0x8e]i[0x5]@[0xcf]g[0xb8]fZ[0x9c][0x9]E;G[0xbe][0x9][0xe][0xdc][0x8e]W[0x11][0x82][0x92]^[0xe6][0xc0])[0xf][0xdc]|[0x93]Q3[0xbc][0xac]~&[0xf6][0xb][0xc][0xc4][0x99][0xee][0xbf][0xd0][0xbc][0xc1][0x8d]L1[0xf0]Z.X[0x91][0xd5][0xcc][0x1b][0x1a]6[0xa3][0xe9][0x81][0xc9]q)[0xa1][0xa6]N[\n]"
22:14:50.809 [main] DEBUG org.apache.http.wire -  << "aj[0x86][0x4][0xb0][0xb2]<y[0x8a]s[0xc][0x10][0x83]p[0x81][0xca]6Q#[0xc0]c[0xcd][0x14][0xc4][0xca]S[0xeb][0x4]Y8[0x83][0xce][0xa1]]<[0xae]![0xab][0xd6][0x90][0x8][0xb4][0xb2][0xce][0x84]uq[0xba][0xd6][0xd2][0xb7][0xde][0x9][0x1a][0x8b]V3r[0x10][0x86][0x8c]"[0x1f][0x18][0x83][0xe1][0xbf][0xe][0xcb]^[0x82][0xf6][0xa7]79[0xdb][0x97][0xfa][0xff]E[0x85]cV[0xda]X[0xd8]{O[0xf7][0xc9][0x92][0x88][0xe6][0xc8][0xd3]g[0xdb]Y[0x9c][0x1d][0xe8]E][0xed]b[0x97][0xbb][0x9][0x14][0x93];~[0x1f][0x99][0xc7][0xd7][0xaf]@a3h[0xb][0x8]Jt[0xe])[0xc0][0xd0][M[0xea][0xca][0xf6][0x1a]k@[0xb]d[0xee][0x96][0xe5][0xd4]v[0xdc][0xb6][0xc2][0x18]3[0x10][0x88][0x9d]35[0x94][0xcd][0xa3][0xd3][0xe4][0xaa][0xcb][0xea][0x16]'7[0xd0][0xa9][0xd9][0xd8][0xb9][0x3][0xb2]HX[0x8e]%[0x85][0x9d][0xda][0xf4][0xc3][0xfc]Tz[0x8d]@[0x9d][0x5][0xae][0xf4][0xfe]Z[0x9d]r[0xcc][0xa1][0x94][0xca]Z[0x9c][0x9a]C_[0x81][0xac]_[0xdd]^w[0xae]?[0x8f]^[0xbf][0xe]?!7[0xf7][\n]"
22:14:50.809 [main] DEBUG org.apache.http.wire -  << ",[0x1]T7[0xa6][0x93]c[0x1c][0xf4]L_[0xd2][0xa5][0x90][0xd4][0x96]n[0xee][0xec][0xec][\r][0xa8][0xb0][0xd8][0xb8]{[0x18][0xba][0xa8][0x89][0xc]r[0xd1][0xa1]|[0xa2][0x13]H[0xd7]}N[0xd3][0x97][0x0][0xff]t\j[0x8b]A[0x9]Em[0xef][0xe3]/1[0xc8]%[0x14][0xf2][0x82]'[0x80][0xb9][0x93][0xae][0xc8][0xcf]1[0xb4][0x8b][0xff][0xb5][0xad][0x1]H[0xa4]u[0x13][0xbb][0x10][0xa4][0x9a][0xcf][0xb8]h[0x93]3cK[0x9]qz[0x8a][0xda]'[0xea]|z[0xae]<[0xd3][0x10]?[0xf][0x80][0xd5][0x94][0x86][0x8][0x5][0xc8]j[0xda]`3jq[0xba]/*u[0x1d][[0x3][0xf6][0x17],c[0xba]j+[0x99]Q[0xf8][0xc6][0x5][0x18][0x1c][0xbd]: [0xb7]([0x8c]E[0x8d][0xe6][0xc6][0xe3][0xbf][0xf2][0xb4][0xce][0x8f][0xa4]1.[0xa0]{[0xc1]>.[0x18][0xc0][0xe3][0x95][0xe0]PCI[0xd4]|[0xfc][0x8][0x9d][0xcb][0x2][0xfa][0xc5][0x17][0x90]+BeD[0xb7][0x5][0xe8][0x3][0xd3]@CS[0xa2][0xa0][0xe1]Z[0xc2],h[0x17]|[0x98]S[0xf7]!:=[0xd8]_[0x94][0x1c]x[0xf6][0xac]6Aci[0xa2][0xea][0xd7][0xbf][0x16][0xfe][0x4][0x80]L[0xec][0xb4]C[0xc][0x0][0x0]"
22:14:50.809 [main] DEBUG org.apache.http.wire -  << "[\r][\n]"
22:14:50.809 [main] DEBUG org.apache.http.wire -  << "0[\r][\n]"
22:14:50.809 [main] DEBUG org.apache.http.wire -  << "[\r][\n]"
22:14:50.809 [main] DEBUG io.restassured.internal.RequestSpecificationImpl$RestAssuredHttpBuilder - Parsed data to instance of: class org.apache.http.conn.EofSensorInputStream
22:14:50.812 [main] DEBUG org.apache.http.impl.conn.BasicClientConnectionManager - Releasing connection org.apache.http.impl.conn.ManagedClientConnectionImpl@4fbc516f
22:14:50.812 [main] DEBUG org.apache.http.impl.conn.BasicClientConnectionManager - Connection can be kept alive indefinitely
22:14:50.821 [main] DEBUG net.thucydides.core.steps.StepInterceptor - STEP DONE: I send "get" http request
  &amp#27;[32mWhen &amp#27;[0m&amp#27;[32mI send "&amp#27;[0m&amp#27;[32m&amp#27;[1mget&amp#27;[0m&amp#27;[32m" http requests&amp#27;[0m                                &amp#27;[90m# starter.stepdefinitions.AccountStep.iGetHttpRequest(java.lang.String)&amp#27;[0m
22:14:50.828 [main] DEBUG net.thucydides.core.steps.StepInterceptor - STARTING STEP: AccountStep.receiveValidDataForDetailUser - I receive valid data for login user
  &amp#27;[31mThen &amp#27;[0m&amp#27;[31mI receive valid data for "&amp#27;[0m&amp#27;[31m&amp#27;[1mdetail&amp#27;[0m&amp#27;[31m" user&amp#27;[0m                    &amp#27;[90m# starter.stepdefinitions.AccountStep.receiveValidDataForDetailUser(java.lang.String)&amp#27;[0m
      &amp#27;[31mjava.lang.AssertionError: 1 expectation failed.
XML path 'userName' doesn't match.
Expected: rikosh
  Actual: <nullnullnullnullasync function detectAdBlock(){let e=!1;try{await fetch(new Request("https://pagead2.googlesyndication.com/pagead/js/adsbygoogle.js")).catch(a=>e=!0)}catch(a){e=!1}finally{!0===e&&dataLayer.push({event:"Ad Blocker"}),console.log("AdBlock Enabled: ${adBlockEnabled}")}}detectAdBlock()nullToolsQAnullvar gptadslots=[],googletag=googletag||{cmd:[]}googletag.cmd.push((function(){var e=googletag.sizeMapping().addSize([0,0],[[320,50],[300,75],[300,50]]).addSize([730,200],[[728,90],[468,60]]).addSize([975,200],[[970,90],[728,90],[960,90],[750,100],[950,90],[468,60]]).build();gptadslots.push(googletag.defineSlot("/21849154601,22343295815/Ad.Plus-Anchor",[[320,100]],"adplus-anchor").setTargeting("site",["demoqa.com"]).defineSizeMapping(e).addService(googletag.pubads())),googletag.enableServices()}))nullgoogletag.cmd.push((function(){googletag.display("adplus-anchor")}))!function(e,t,a,n,g){e[n]=e[n]||[],e[n].push({"gtm.start":(new Date).getTime(),event:"gtm.js"});var m=t.getElementsByTagName(a)[0],r=t.createElement(a);r.async=!0,r.src="https://www.googletagmanager.com/gtm.js?id=GTM-MX8DD4S",m.parentNode.insertBefore(r,m)}(window,document,"script","dataLayer")nullnullnullnullnullnull>

	at java.base/jdk.internal.reflect.NativeConstructorAccessorImpl.newInstance0(Native Method)
	at java.base/jdk.internal.reflect.NativeConstructorAccessorImpl.newInstance(NativeConstructorAccessorImpl.java:77)
	at java.base/jdk.internal.reflect.DelegatingConstructorAccessorImpl.newInstance(DelegatingConstructorAccessorImpl.java:45)
	at java.base/java.lang.reflect.Constructor.newInstanceWithCaller(Constructor.java:499)
	at java.base/java.lang.reflect.Constructor.newInstance(Constructor.java:480)
	at org.codehaus.groovy.reflection.CachedConstructor.invoke(CachedConstructor.java:72)
	at org.codehaus.groovy.runtime.callsite.ConstructorSite$ConstructorSiteNoUnwrapNoCoerce.callConstructor(ConstructorSite.java:105)
	at org.codehaus.groovy.runtime.callsite.AbstractCallSite.callConstructor(AbstractCallSite.java:277)
	at io.restassured.internal.ResponseSpecificationImpl$HamcrestAssertionClosure.validate(ResponseSpecificationImpl.groovy:499)
	at io.restassured.internal.ResponseSpecificationImpl$HamcrestAssertionClosure$validate$1.call(Unknown Source)
	at io.restassured.internal.ResponseSpecificationImpl.validateResponseIfRequired(ResponseSpecificationImpl.groovy:684)
	at java.base/jdk.internal.reflect.NativeMethodAccessorImpl.invoke0(Native Method)
	at java.base/jdk.internal.reflect.NativeMethodAccessorImpl.invoke(NativeMethodAccessorImpl.java:77)
	at java.base/jdk.internal.reflect.DelegatingMethodAccessorImpl.invoke(DelegatingMethodAccessorImpl.java:43)
	at java.base/java.lang.reflect.Method.invoke(Method.java:568)
	at org.codehaus.groovy.runtime.callsite.PlainObjectMetaMethodSite.doInvoke(PlainObjectMetaMethodSite.java:43)
	at org.codehaus.groovy.runtime.callsite.PogoMetaMethodSite$PogoCachedMethodSiteNoUnwrapNoCoerce.invoke(PogoMetaMethodSite.java:193)
	at org.codehaus.groovy.runtime.callsite.PogoMetaMethodSite.callCurrent(PogoMetaMethodSite.java:61)
	at org.codehaus.groovy.runtime.callsite.AbstractCallSite.callCurrent(AbstractCallSite.java:185)
	at io.restassured.internal.ResponseSpecificationImpl.body(ResponseSpecificationImpl.groovy:262)
	at io.restassured.specification.ResponseSpecification$body$0.callCurrent(Unknown Source)
	at io.restassured.internal.ResponseSpecificationImpl.body(ResponseSpecificationImpl.groovy:109)
	at io.restassured.internal.ValidatableResponseOptionsImpl.body(ValidatableResponseOptionsImpl.java:244)
	at io.restassured.internal.ValidatableResponseImpl.super$2$body(ValidatableResponseImpl.groovy)
	at java.base/jdk.internal.reflect.NativeMethodAccessorImpl.invoke0(Native Method)
	at java.base/jdk.internal.reflect.NativeMethodAccessorImpl.invoke(NativeMethodAccessorImpl.java:77)
	at java.base/jdk.internal.reflect.DelegatingMethodAccessorImpl.invoke(DelegatingMethodAccessorImpl.java:43)
	at java.base/java.lang.reflect.Method.invoke(Method.java:568)
	at org.codehaus.groovy.reflection.CachedMethod.invoke(CachedMethod.java:107)
	at groovy.lang.MetaMethod.doMethodInvoke(MetaMethod.java:323)
	at groovy.lang.MetaClassImpl.invokeMethod(MetaClassImpl.java:1268)
	at org.codehaus.groovy.runtime.ScriptBytecodeAdapter.invokeMethodOnSuperN(ScriptBytecodeAdapter.java:144)
	at io.restassured.internal.ValidatableResponseImpl.body(ValidatableResponseImpl.groovy:298)
	at io.restassured.internal.ValidatableResponseImpl.body(ValidatableResponseImpl.groovy)
	at starter.account.Post.lambda$receiveValidDataForLoginUser$0(Post.java:29)
	at net.serenitybdd.rest.SerenityRest.restAssuredThat(SerenityRest.java:626)
	at starter.account.Post.receiveValidDataForLoginUser(Post.java:29)
	at starter.account.Post$ByteBuddy$HkXbRoWn.receiveValidDataForLoginUser$accessor$KWNwfRor(Unknown Source)
	at java.base/jdk.internal.reflect.NativeMethodAccessorImpl.invoke0(Native Method)
	at java.base/jdk.internal.reflect.NativeMethodAccessorImpl.invoke(NativeMethodAccessorImpl.java:77)
	at java.base/jdk.internal.reflect.DelegatingMethodAccessorImpl.invoke(DelegatingMethodAccessorImpl.java:43)
	at java.base/java.lang.reflect.Method.invoke(Method.java:568)
	at net.thucydides.core.steps.StepInterceptor.invokeMethod(StepInterceptor.java:503)
	at net.thucydides.core.steps.StepInterceptor.executeTestStepMethod(StepInterceptor.java:483)
	at net.thucydides.core.steps.StepInterceptor.runTestStep(StepInterceptor.java:457)
	at net.thucydides.core.steps.StepInterceptor.runOrSkipMethod(StepInterceptor.java:209)
	at net.thucydides.core.steps.StepInterceptor.testStepResult(StepInterceptor.java:196)
	at net.thucydides.core.steps.StepInterceptor.intercept(StepInterceptor.java:84)
	at net.thucydides.core.steps.ProxyConfiguration$InterceptorDispatcher.intercept(ProxyConfiguration.java:51)
	at starter.account.Post$ByteBuddy$HkXbRoWn.receiveValidDataForLoginUser(Unknown Source)
	at starter.stepdefinitions.AccountStep.receiveValidDataForDetailUser(AccountStep.java:44)
	at âœ½.I receive valid data for "detail" user(file:///C:/Users/RICO/IdeaProjects/18restful-api/src/test/resources/api/Account.feature:12)
&amp#27;[0m
22:14:50.902 [main] ERROR  - 
  _____   ___   ___   _____     ___     _     ___   _      ___   ___  
 |_   _| | __| / __| |_   _|   | __|   /_\   |_ _| | |    | __| |   \ 
   | |   | _|  \__ \   | |     | _|   / _ \   | |  | |__  | _|  | |) |
   |_|   |___| |___/   |_|     |_|   /_/ \_\ |___| |____| |___| |___/ 

GET - As admin i have be able to get detail user by Id
-----------------------------------------------------------------------
22:14:50.902 [main] DEBUG  - RELATED ISSUES: 
22:14:50.903 [main] ERROR  -     Test failed at step: I receive valid data for login user
22:14:50.903 [main] ERROR  -     1 expectation failed.XML path 'userName' doesn't match.Expected: rikosh  Actual: <nullnullnullnullasync function detectAdBlock(){let e=!1;try{await fetch(new Request("https://pagead2.googlesyndication.com/pagead/js/adsbygoogle.js")).catch(a=>e=!0)}catch(a){e=!1}finally{!0===e&&dataLayer.push({event:"Ad Blocker"}),console.log("AdBlock Enabled: ${adBlockEnabled}")}}detectAdBlock()nullToolsQAnullvar gptadslots=[],googletag=googletag||{cmd:[]}googletag.cmd.push((function(){var e=googletag.sizeMapping().addSize([0,0],[[320,50],[300,75],[300,50]]).addSize([730,200],[[728,90],[468,60]]).addSize([975,200],[[970,90],[728,90],[960,90],[750,100],[950,90],[468,60]]).build();gptadslots.push(googletag.defineSlot("/21849154601,22343295815/Ad.Plus-Anchor",[[320,100]],"adplus-anchor").setTargeting("site",["demoqa.com"]).defineSizeMapping(e).addService(googletag.pubads())),googletag.enableServices()}))nullgoogletag.cmd.push((function(){googletag.display("adplus-anchor")}))!function(e,t,a,n,g){e[n]=e[n]||[],e[n].push({"gtm.start":(new Date).getTime(),event:"gtm.js"});var m=t.getElementsByTagName(a)[0],r=t.createElement(a);r.async=!0,r.src="https://www.googletagmanager.com/gtm.js?id=GTM-MX8DD4S",m.parentNode.insertBefore(r,m)}(window,document,"script","dataLayer")nullnullnullnullnullnull>
]]></system-out>
  </testcase>
  <testcase name="DELETE - As admin i have be able to delete user" classname="Account" time="1.053">
    <system-out><![CDATA[
Scenario: DELETE - As admin i have be able to delete user &amp#27;[90m# src/test/resources/api/Account.feature:14&amp#27;[0m
22:14:50.940 [main] INFO io.cucumber.core.plugin.SerenityReporter - Running feature from file:///C:/Users/RICO/IdeaProjects/18restful-api/src/test/resources/api/Account.feature
22:14:50.940 [main] WARN io.cucumber.core.plugin.SerenityReporter - Feature from file:///C:/Users/RICO/IdeaProjects/18restful-api/src/test/resources/api/Account.feature is not under the 'features' directory. Requirements report will not be correctly generated!
22:14:50.952 [main] INFO  - 
  _____   ___   ___   _____     ___   _____     _     ___   _____   ___   ___  
 |_   _| | __| / __| |_   _|   / __| |_   _|   /_\   | _ \ |_   _| | __| |   \ 
   | |   | _|  \__ \   | |     \__ \   | |    / _ \  |   /   | |   | _|  | |) |
   |_|   |___| |___/   |_|     |___/   |_|   /_/ \_\ |_|_\   |_|   |___| |___/ 

DELETE - As admin i have be able to delete user(account;delete---as-admin-i-have-be-able-to-delete-user)
--------------------------------------------------------------------------------
22:14:50.991 [main] DEBUG net.thucydides.core.steps.StepInterceptor - STARTING STEP: AccountStep.setGetApiEndPoints - I set DELETE api endpoints
22:14:50.992 [main] DEBUG net.thucydides.core.steps.StepInterceptor - STEP DONE: I set DELETE api endpoints
  &amp#27;[32mGiven &amp#27;[0m&amp#27;[32mI set "&amp#27;[0m&amp#27;[32m&amp#27;[1mdelete&amp#27;[0m&amp#27;[32m" api endpoints&amp#27;[0m                      &amp#27;[90m# starter.stepdefinitions.AccountStep.setGetApiEndPoints(java.lang.String)&amp#27;[0m
22:14:51.073 [main] DEBUG net.thucydides.core.steps.StepInterceptor - STARTING STEP: BookStep.sendGetHttpRequest - I send DELETE http request
22:14:51.076 [main] DEBUG net.thucydides.core.steps.StepInterceptor - STARTING STEP: Delete.sendDeleteHttpRequest - I set DELETE api endpoints
22:14:51.077 [main] DEBUG net.thucydides.core.steps.StepInterceptor - STEP DONE: I set DELETE api endpoints
22:14:51.104 [main] DEBUG org.apache.http.impl.conn.BasicClientConnectionManager - Get connection for route {s}->https://demoqa.com:443
22:14:51.104 [main] DEBUG org.apache.http.impl.conn.DefaultClientConnectionOperator - Connecting to demoqa.com:443
22:14:51.619 [main] DEBUG org.apache.http.client.protocol.RequestAddCookies - CookieSpec selected: ignoreCookies
22:14:51.619 [main] DEBUG org.apache.http.client.protocol.RequestAuthCache - Auth cache not set in the context
22:14:51.619 [main] DEBUG org.apache.http.client.protocol.RequestTargetAuthentication - Target auth state: UNCHALLENGED
22:14:51.619 [main] DEBUG org.apache.http.client.protocol.RequestProxyAuthentication - Proxy auth state: UNCHALLENGED
22:14:51.619 [main] DEBUG org.apache.http.impl.client.DefaultHttpClient - Attempt 1 to execute request
22:14:51.619 [main] DEBUG org.apache.http.impl.conn.DefaultClientConnection - Sending request: DELETE /swagger/ HTTP/1.1
22:14:51.620 [main] DEBUG org.apache.http.wire -  >> "DELETE /swagger/ HTTP/1.1[\r][\n]"
22:14:51.620 [main] DEBUG org.apache.http.wire -  >> "Accept: */*[\r][\n]"
22:14:51.620 [main] DEBUG org.apache.http.wire -  >> "Host: demoqa.com[\r][\n]"
22:14:51.620 [main] DEBUG org.apache.http.wire -  >> "Connection: Keep-Alive[\r][\n]"
22:14:51.620 [main] DEBUG org.apache.http.wire -  >> "User-Agent: Apache-HttpClient/4.5.13 (Java/17.0.2)[\r][\n]"
22:14:51.620 [main] DEBUG org.apache.http.wire -  >> "Accept-Encoding: gzip,deflate[\r][\n]"
22:14:51.620 [main] DEBUG org.apache.http.wire -  >> "[\r][\n]"
22:14:51.620 [main] DEBUG org.apache.http.headers - >> DELETE /swagger/ HTTP/1.1
22:14:51.621 [main] DEBUG org.apache.http.headers - >> Accept: */*
22:14:51.621 [main] DEBUG org.apache.http.headers - >> Host: demoqa.com
22:14:51.621 [main] DEBUG org.apache.http.headers - >> Connection: Keep-Alive
22:14:51.621 [main] DEBUG org.apache.http.headers - >> User-Agent: Apache-HttpClient/4.5.13 (Java/17.0.2)
22:14:51.621 [main] DEBUG org.apache.http.headers - >> Accept-Encoding: gzip,deflate
22:14:51.920 [main] DEBUG org.apache.http.wire -  << "HTTP/1.1 200 OK[\r][\n]"
22:14:51.921 [main] DEBUG org.apache.http.wire -  << "Server: nginx/1.17.10 (Ubuntu)[\r][\n]"
22:14:51.921 [main] DEBUG org.apache.http.wire -  << "Date: Sun, 27 Mar 2022 15:14:51 GMT[\r][\n]"
22:14:51.921 [main] DEBUG org.apache.http.wire -  << "Content-Type: text/html; charset=utf-8[\r][\n]"
22:14:51.922 [main] DEBUG org.apache.http.wire -  << "Transfer-Encoding: chunked[\r][\n]"
22:14:51.923 [main] DEBUG org.apache.http.wire -  << "Connection: keep-alive[\r][\n]"
22:14:51.923 [main] DEBUG org.apache.http.wire -  << "X-Powered-By: Express[\r][\n]"
22:14:51.923 [main] DEBUG org.apache.http.wire -  << "ETag: W/"c20-YaHADSLwvE3kEdwr5u3Bfu2fhF8"[\r][\n]"
22:14:51.923 [main] DEBUG org.apache.http.wire -  << "Content-Encoding: gzip[\r][\n]"
22:14:51.923 [main] DEBUG org.apache.http.wire -  << "[\r][\n]"
22:14:51.923 [main] DEBUG org.apache.http.impl.conn.DefaultClientConnection - Receiving response: HTTP/1.1 200 OK
22:14:51.924 [main] DEBUG org.apache.http.headers - << HTTP/1.1 200 OK
22:14:51.924 [main] DEBUG org.apache.http.headers - << Server: nginx/1.17.10 (Ubuntu)
22:14:51.924 [main] DEBUG org.apache.http.headers - << Date: Sun, 27 Mar 2022 15:14:51 GMT
22:14:51.924 [main] DEBUG org.apache.http.headers - << Content-Type: text/html; charset=utf-8
22:14:51.924 [main] DEBUG org.apache.http.headers - << Transfer-Encoding: chunked
22:14:51.924 [main] DEBUG org.apache.http.headers - << Connection: keep-alive
22:14:51.924 [main] DEBUG org.apache.http.headers - << X-Powered-By: Express
22:14:51.924 [main] DEBUG org.apache.http.headers - << ETag: W/"c20-YaHADSLwvE3kEdwr5u3Bfu2fhF8"
22:14:51.924 [main] DEBUG org.apache.http.headers - << Content-Encoding: gzip
22:14:51.925 [main] DEBUG org.apache.http.impl.client.DefaultHttpClient - Connection can be kept alive indefinitely
22:14:51.926 [main] DEBUG io.restassured.internal.RequestSpecificationImpl$RestAssuredHttpBuilder - Parsing response as: text/html; charset=utf-8
22:14:51.926 [main] DEBUG org.apache.http.wire -  << "510[\r][\n]"
22:14:51.926 [main] DEBUG org.apache.http.wire -  << "[0x1f][0x8b][0x8][0x0][0x0][0x0][0x0][0x0][0x4][0x3][0xdd]VK[0x8f][0xdb]6[0x10][0xbe][0xfb]WL[0xd4][QR"[0xf5]vl[0x1f][0xba]m[0xe1][0x2][0xbb]h[0x81]n[0x16][0xe8]Q[0x96]hK[0x9]-[0x9][0x92][0xfc][0xd8][\r][0xf2][0xdf][0xfb][0x91][0xb2][0xb3][0x9b]TH[0xd3][0xa2][0xbd][0x14][0xde][0x95]([0xce][0xcc][0xc7]ysf[0x8b]W[0x8c][0xd1][0xfa][0xfe][0xee][0x96][0xb6]MG[0xfd][0x90][\r]UNE[0xd5][0xf]][0xb5]9[0xc]US[0xd3][0xe6]P[0x17]Z[0xe1]U[0xe9][0x82][0x18][[0xcd][0x16][0xaf]~[0xf8][0xe5][0xe6][0xfe][0xf7]_[0xa4]r[0xd8]k|[0x9b][0x17][0xe9][0xac][0xde]-[0x1d]U;fCe[0xc5]jF[0xb4][0xd8][0xab]![0xa3][0xbc][0xcc][0xba]^[\r]K[0xe7][0xcd][0xfd]O,[0x1][0x1d][0x84][0xa1][0x1a][0xb4]Z[0xfd]v[0xca]v;[0xd5][0xd1][0x9b][0x9f][0x17][0xee][0xb8]ch[0xba][0xaa][0xdf]Q[0xa7][0xf4][0xd2][0xe9][0x87]G[0xad][0xfa]R[0xa9][0xc1][0xa1][0xe1][0xb1]UKgP[0xe7][0xc1][0xcd][0xfb][0xde][0xa1][0xb2]S[0xdb][0xa5][0xc3][0xdd]~[0xc4]`[0x87][0x8a][0xdb]}[0xb][0xff][0xc]Q[0xe5]M}[0x15][0xae][0xf6][0xd9]N[0xb9]m[0xbd]{[0x96][0xde]fG[0xc3][0xc1]|y[0xf6]%[0xb7][0xa4][0xbe]zR[0xfd][0xd2][0xb1];[0xe][0xb9][0xab][0x17][0xfa]|%[0x98][0x88][0xce]"[0xfa][0x4][0xcc][0xee][0x18]0[0xd8]gL[0xb4][0x86][0x99][0xf][0xb2]>[0xb4][0x8b][0xf7][0xf6]I[0xb4]i[0xce][0xc]:T[0xf5]n[0x8e]uW[0xa8][0x8e]a[0xeb][0xf5][0x85][0xda][0x1c]U[0xb7][0xd5][0xcd]iNl[0xdf]<[0xb1]>[0xef][0x1a][0xad]7p0[0x3][0x1][0xb1][0xcb][0xf4][0xe7][0x9c][0xec]qN#[0xdb]H[0xf9]`[0x91][0xbe][0xfd]n|[0xcd]7[\n]"
22:14:51.927 [main] DEBUG org.apache.http.wire -  << "[0x81]W[0xd7][0xaf]l;[0xa8][0xce]R[0xa6][0xd4][0xa9][0xea]Ru[0xd5]p[0xc5][0xb1]|[0x9b][0xa6]x[0xa4]+[0xf3]>[0xeb]vU=[0xf7]F[0xe][0xd8][0x92][0xe5][0xef]v][0x83][0xc][0x9a][0xd3]7[0xdb][0xcc][0xfc][0xae][0xc2][0xf0][0x82]{q[0xc3][0xc2][0x1d][0x13]f[0xb6]0`[0xab][0xd9]l[0xd1][0x1f]wt[0xde][0xeb][0x1a]q([0x87][0xa1][0x9d][0xbb][0xee][0xe9]t[0xe2]'[0x9f]7[0xdd][0xce][0x95][0x9e][0xe7][0xb9][0xe0]pF[0x96][0xf9][0xd9]D{[0x8a]Q[0xa4]i[0xea]Z[0xaa][0x83][0xcc]F*-[0x9d][0xb6][0xe9]+[0x93][0xd5][0xf3]l[0xd3]7[0xfa]0[0xa8][0xd7][0xa7][0xaa][0x18]Jh\[0xaa]jW[0xe]so[0xcc][0xcf]Bm[0xfb]1>[0x8b][0xfe]q[0xbf]i4[0x1d]+u[0xfa][0xbe]9/[0x1d][0x8f]<[0x92][0xe6][0xcf][0xa1][0xaa]X:[0x87]Z7[0xf9];UX9[0x13][0xd0]E[0x9b][\r]%[0x81]r'B[0x9e]P[0xb2][0x16][0xc1]C[0xc8][0xa3][0x1b][0x11][0x90][0xe4][0xb1][0xe7][0x93][0x90]<[0x8a]B[0x12]$<<b[0xee][0xfb][0x1][0xde][0xd1][0x85][0x1a][0x11][0x98][0x1f][0xa2]R[0x1e][0x19]O<q[0x93][0x90][0xcf][0xe3]0[0xa0][0x84][0xc7]iL[0x90][0xf6][0xc8][0xcf][0x5][0x97][0x0][0x82][0x12]di[0x12][0xb2]0[0xf6]!Y[0x7]9[0xe3]a[0x8][0x12][0x13][0xc4][0xa3] [0xc2]KX[0x92][0x88]s[0x8f]x[0x18][0xa4]<[0x90][0x89][0xd9][0xf3]S[0x9e][0x86][0x86][0xea]{[0xb1]6<P$[0x89]opx,I$<[0x89][0xa0][0x13][0xb0]H[0xa4][0xd0][0x11][0x8c]i[0x9]sr[0x3][0x81][0x83][0x85][0x81]a[0x6][0x5]K[0xe0][0xb0][0x8f]0[0x11][0x96]I[0xc]>[0x19][0x80][0x1e][0xc5][0xa0][0xfa][0xc]Z[0x8e][0xb]s\[0xf4][0x90][0x1a][0x95]nD[0xc][0xa3][0xa0]#[0xa1]X[0xfc]P[0x12][0xd4][0xb2][0xe]{rV[0xb][0xd7]8[0xf1][0x12][0x0]w[0x8c][0x0][0xf2][0xc2][0xba][0xf7]/[0xe2][0xf1]_D[0xe3][0xe2][0xd7];[0x1]'[0xaf][0x13]d[0xa3]q[0xff][0xdf]J[0xac]'[0xc7][0xf6].[[0xb4][0xb6][0x1e][0xbe]2[0x1a][0xb9]nz5U[0x1a][0x1][0xf7][0x3][0x4]<[0xe0]I[0x90]"g[0x83][0x8][0x89][0x19][0xa5][0xc][0x89]-[0xaf][0xab][0x8][0xf9][0xee][0xdd][0x9a]"[0x11]<[0x11][0xa9]f[0xa8][0x1b]d[0xac][0xcf]=[0xf9]E[0x11][0x8b][0xf6][0xe2]a1MEp j[0xd4]`[0x98]0[0x9f][0x8b][0x10]xq[0x98][0xda][0xa5][0x1c]U[0xf8]L([0xb9][\n]"
22:14:51.927 [main] DEBUG org.apache.http.wire -  << "Y[0xd5][0xcc][0x3][0xc9].M[0xde][0x8f][0xcb][0x8f][\n]"
22:14:51.927 [main] DEBUG org.apache.http.wire -  << "&\$>[0x90][0xa1][0x1e][0xe0]<_[0xe4]_[0x92] C[0xbc][0xfe][[0xc4][0xb1][0xa2][0x8c]vV'[0x13][0x19][0x81][0x82][0xb0][0xaa][0xda][0xb5][0xc5][0x9b][0x14]I[0xfe]id4Z[0xb5]bY[0xd7]5[0xa7][0xa9][0xf8][0xf8]\[0xa2][0xf4][0xbd][0xdb][0x88][0xb]/[0x85]&a[0x2][0x17][0xc9][0x8][0xb6][0xcb][0xf8][0xb2][0x88]=[0xc4][0x87][0xf1]4N[0xaf][0x4][0xb4]7t[0x2][0x89]R[0x87][0xab]<[0x1d][0xf3][0xc4]G[0xef]H=[0xb4][\r][0x88][0x82][0x0][0xf7][0xe1][0x1d][0x3][0x11][0xcd][0x8][0x82][0x9a][0xbd][0xe0][0xb1][0xb0][0x86][0x9][0xed][0xc2][0x3]'[0xce][0xb1]8[0x97][0xe3]$[0xd2]c<[0xe8][0xf9][0xe0][q[0xd1][0xf3]_[0xf0][0x2]+[0x9a][0x93][0x99]^L[0x93][0xf9][0xa4][0x8b][0xc7]<[0x10][0x9]z![0x1c][0x1];b9[0xea][0x9]#[0xc6][0x5][0xcc] [0xaf][0xb7][0xc6]AmkXd[\r][0x83][0xdd][0xb0]>[0xf1][0x8d][0xe3][0xe2][0x8f][0x9a][0x8f][0xb]+d[0xac][0x7][0x93][0xf5][0x81]e[0xba][0xd8]g,[0xb7]P[0xd6][0x1][0x6]y[0xea]H[[0x19][0xc6]|[0xf8][0x19][\n]"
22:14:51.928 [main] DEBUG org.apache.http.wire -  << "[0x2]E[0x4]b[0xca][0xf]_h[0x9b][0xb8][0x92][0x82][0xf1][0x1a]{{[0xd8][0xb7]lh[0xa6][0xec]G[0xff]?[0x6]k[0xb4]f_[0xfb][0xc8][0x3]dx[0x98][0xde][0xc2]![0x9a]E[0xb8][0xb5][0xcc][0xf][0xb7][0x81]@y[0x5][0xe2][0xd6]p[0x91][0xf0][0xd7]R<[0xc4]S[0xba]X[0xd7]Nv[0xf0]gU[0xd4][0xb9][0xcd][0xea][0xc9][0xfb][0x14][0xad] )[0x83]#[0x93]%[0xb][0x8e][0xf2][0xe9][0xce][0xa7][0xe8](K[0x91]<Dk[0xff]i[0x8f]\+[0x5][0xae]M[0xb9][0xc6][0xee][0xf4][0xe1][0xb]w[0xbc][0xd8]1z[0x1c]wf[0xd0]([0xaa][0xa3][0xbd][0xc5][0x9f][0xa7]Hs[0xf9]`[0xd7]N!yW[0xb5][0x3][0xf5]][0xfe][0xe9][0xa0][0xc9][0xc6][0x91][0x98][0xbf][0xed][0x9d][0x95][0x99]b,[0x1b][0xc6][0xde]q1[0xc1][0x8f][0xb1][0xba].2[0xdd][0xd4][0x8a][0xb5][0x9d][0xc2],[0xfc][0xf5][0xa2]U][0xfd][0x89][0x1b]'[0x99]i[0xc6][0xa4]*V[0x9c][0xf8][0xd0][0xb4][0x98][0x4][0x89][0x9b]D[0xd6]MV[0xb0]C[0xa7][0xd9][0xa9][0xcb][0xda][0x16]3[0xf6]{3[0xd5][0xb7]:[0xc3]4XC[0x11][0xfa]@[0x98][0xca][0xd4][0xb6][0xaa]U1{1[0x89]]'0w[0x9c][0xed][0xff][0x0][0xc0][0xbd][0xcc][0x10] [0xc][0x0][0x0]"
22:14:51.929 [main] DEBUG org.apache.http.wire -  << "[\r][\n]"
22:14:51.929 [main] DEBUG org.apache.http.wire -  << "0[\r][\n]"
22:14:51.929 [main] DEBUG org.apache.http.wire -  << "[\r][\n]"
22:14:51.929 [main] DEBUG io.restassured.internal.RequestSpecificationImpl$RestAssuredHttpBuilder - Parsed data to instance of: class org.apache.http.conn.EofSensorInputStream
22:14:51.934 [main] DEBUG org.apache.http.impl.conn.BasicClientConnectionManager - Releasing connection org.apache.http.impl.conn.ManagedClientConnectionImpl@43fbc2bf
22:14:51.934 [main] DEBUG org.apache.http.impl.conn.BasicClientConnectionManager - Connection can be kept alive indefinitely
22:14:51.945 [main] DEBUG net.thucydides.core.steps.StepInterceptor - STEP DONE: I send DELETE http request
  &amp#27;[32mWhen &amp#27;[0m&amp#27;[32mI send "&amp#27;[0m&amp#27;[32m&amp#27;[1mdelete&amp#27;[0m&amp#27;[32m" http request&amp#27;[0m                       &amp#27;[90m# starter.stepdefinitions.BookStep.sendGetHttpRequest(java.lang.String)&amp#27;[0m
22:14:51.953 [main] DEBUG net.thucydides.core.steps.StepInterceptor - STARTING STEP: AccountStep.receiveValidDataForDetailUser - I receive valid http response code 200
22:14:51.975 [main] DEBUG net.thucydides.core.steps.StepInterceptor - STEP DONE: I receive valid http response code 200
  &amp#27;[32mThen &amp#27;[0m&amp#27;[32mI receive valid data for "&amp#27;[0m&amp#27;[32m&amp#27;[1mdelete&amp#27;[0m&amp#27;[32m" user&amp#27;[0m             &amp#27;[90m# starter.stepdefinitions.AccountStep.receiveValidDataForDetailUser(java.lang.String)&amp#27;[0m
22:14:51.977 [main] INFO  - 
  _____   ___   ___   _____     ___     _     ___   ___   ___   ___  
 |_   _| | __| / __| |_   _|   | _ \   /_\   / __| / __| | __| |   \ 
   | |   | _|  \__ \   | |     |  _/  / _ \  \__ \ \__ \ | _|  | |) |
   |_|   |___| |___/   |_|     |_|   /_/ \_\ |___/ |___/ |___| |___/ 

DELETE - As admin i have be able to delete user
----------------------------------------------------------------------
]]></system-out>
  </testcase>
  <testcase name="GET - As admin i have be able to get detail Book" classname="Books" time="0.714">
    <system-out><![CDATA[22:14:51.980 [main] INFO io.cucumber.core.plugin.SerenityReporter - Running feature from file:///C:/Users/RICO/IdeaProjects/18restful-api/src/test/resources/api/Books.feature
22:14:51.980 [main] WARN io.cucumber.core.plugin.SerenityReporter - Feature from file:///C:/Users/RICO/IdeaProjects/18restful-api/src/test/resources/api/Books.feature is not under the 'features' directory. Requirements report will not be correctly generated!
22:14:51.986 [main] DEBUG net.thucydides.core.steps.StepEventBus - Test suite started for story net.thucydides.core.model.Story@6293ed37
22:14:51.986 [main] INFO  - Test Suite Started: Books

Scenario: GET - As admin i have be able to get detail Book &amp#27;[90m# src/test/resources/api/Books.feature:4&amp#27;[0m
22:14:51.994 [main] INFO io.cucumber.core.plugin.SerenityReporter - Running feature from file:///C:/Users/RICO/IdeaProjects/18restful-api/src/test/resources/api/Books.feature
22:14:51.995 [main] WARN io.cucumber.core.plugin.SerenityReporter - Feature from file:///C:/Users/RICO/IdeaProjects/18restful-api/src/test/resources/api/Books.feature is not under the 'features' directory. Requirements report will not be correctly generated!
22:14:51.999 [main] INFO  - 
  _____   ___   ___   _____     ___   _____     _     ___   _____   ___   ___  
 |_   _| | __| / __| |_   _|   / __| |_   _|   /_\   | _ \ |_   _| | __| |   \ 
   | |   | _|  \__ \   | |     \__ \   | |    / _ \  |   /   | |   | _|  | |) |
   |_|   |___| |___/   |_|     |___/   |_|   /_/ \_\ |_|_\   |_|   |___| |___/ 

GET - As admin i have be able to get detail Book(books;get---as-admin-i-have-be-able-to-get-detail-book)
--------------------------------------------------------------------------------
22:14:52.019 [main] DEBUG net.thucydides.core.steps.StepInterceptor - STARTING STEP: BookStep.getApiEndPoint - I set "get" api endpoints
22:14:52.019 [main] DEBUG net.thucydides.core.steps.StepInterceptor - STEP DONE: I set "get" api endpoints
  &amp#27;[32mGiven &amp#27;[0m&amp#27;[32mI set "&amp#27;[0m&amp#27;[32m&amp#27;[1mget&amp#27;[0m&amp#27;[32m" api endpoint&amp#27;[0m                           &amp#27;[90m# starter.stepdefinitions.BookStep.getApiEndPoint(java.lang.String)&amp#27;[0m
22:14:52.025 [main] DEBUG net.thucydides.core.steps.StepInterceptor - STARTING STEP: BookStep.sendGetHttpRequest - I send "get" http request
22:14:52.027 [main] DEBUG net.thucydides.core.steps.StepInterceptor - STARTING STEP: Get.sendGetHttpRequest - I set "get" api endpoints
22:14:52.027 [main] DEBUG net.thucydides.core.steps.StepInterceptor - STEP DONE: I set "get" api endpoints
22:14:52.042 [main] DEBUG org.apache.http.impl.conn.BasicClientConnectionManager - Get connection for route {s}->https://demoqa.com:443
22:14:52.042 [main] DEBUG org.apache.http.impl.conn.DefaultClientConnectionOperator - Connecting to demoqa.com:443
22:14:52.475 [main] DEBUG org.apache.http.client.protocol.RequestAddCookies - CookieSpec selected: ignoreCookies
22:14:52.475 [main] DEBUG org.apache.http.client.protocol.RequestAuthCache - Auth cache not set in the context
22:14:52.476 [main] DEBUG org.apache.http.client.protocol.RequestTargetAuthentication - Target auth state: UNCHALLENGED
22:14:52.476 [main] DEBUG org.apache.http.client.protocol.RequestProxyAuthentication - Proxy auth state: UNCHALLENGED
22:14:52.476 [main] DEBUG org.apache.http.impl.client.DefaultHttpClient - Attempt 1 to execute request
22:14:52.476 [main] DEBUG org.apache.http.impl.conn.DefaultClientConnection - Sending request: GET /swagger/ HTTP/1.1
22:14:52.476 [main] DEBUG org.apache.http.wire -  >> "GET /swagger/ HTTP/1.1[\r][\n]"
22:14:52.476 [main] DEBUG org.apache.http.wire -  >> "Accept: */*[\r][\n]"
22:14:52.476 [main] DEBUG org.apache.http.wire -  >> "Host: demoqa.com[\r][\n]"
22:14:52.476 [main] DEBUG org.apache.http.wire -  >> "Connection: Keep-Alive[\r][\n]"
22:14:52.476 [main] DEBUG org.apache.http.wire -  >> "User-Agent: Apache-HttpClient/4.5.13 (Java/17.0.2)[\r][\n]"
22:14:52.476 [main] DEBUG org.apache.http.wire -  >> "Accept-Encoding: gzip,deflate[\r][\n]"
22:14:52.476 [main] DEBUG org.apache.http.wire -  >> "[\r][\n]"
22:14:52.476 [main] DEBUG org.apache.http.headers - >> GET /swagger/ HTTP/1.1
22:14:52.476 [main] DEBUG org.apache.http.headers - >> Accept: */*
22:14:52.476 [main] DEBUG org.apache.http.headers - >> Host: demoqa.com
22:14:52.476 [main] DEBUG org.apache.http.headers - >> Connection: Keep-Alive
22:14:52.476 [main] DEBUG org.apache.http.headers - >> User-Agent: Apache-HttpClient/4.5.13 (Java/17.0.2)
22:14:52.476 [main] DEBUG org.apache.http.headers - >> Accept-Encoding: gzip,deflate
22:14:52.686 [main] DEBUG org.apache.http.wire -  << "HTTP/1.1 200 OK[\r][\n]"
22:14:52.686 [main] DEBUG org.apache.http.wire -  << "Server: nginx/1.17.10 (Ubuntu)[\r][\n]"
22:14:52.686 [main] DEBUG org.apache.http.wire -  << "Date: Sun, 27 Mar 2022 15:14:51 GMT[\r][\n]"
22:14:52.686 [main] DEBUG org.apache.http.wire -  << "Content-Type: text/html; charset=utf-8[\r][\n]"
22:14:52.686 [main] DEBUG org.apache.http.wire -  << "Transfer-Encoding: chunked[\r][\n]"
22:14:52.686 [main] DEBUG org.apache.http.wire -  << "Connection: keep-alive[\r][\n]"
22:14:52.687 [main] DEBUG org.apache.http.wire -  << "X-Powered-By: Express[\r][\n]"
22:14:52.687 [main] DEBUG org.apache.http.wire -  << "ETag: W/"c20-YaHADSLwvE3kEdwr5u3Bfu2fhF8"[\r][\n]"
22:14:52.687 [main] DEBUG org.apache.http.wire -  << "Content-Encoding: gzip[\r][\n]"
22:14:52.687 [main] DEBUG org.apache.http.wire -  << "[\r][\n]"
22:14:52.687 [main] DEBUG org.apache.http.impl.conn.DefaultClientConnection - Receiving response: HTTP/1.1 200 OK
22:14:52.687 [main] DEBUG org.apache.http.headers - << HTTP/1.1 200 OK
22:14:52.687 [main] DEBUG org.apache.http.headers - << Server: nginx/1.17.10 (Ubuntu)
22:14:52.687 [main] DEBUG org.apache.http.headers - << Date: Sun, 27 Mar 2022 15:14:51 GMT
22:14:52.688 [main] DEBUG org.apache.http.headers - << Content-Type: text/html; charset=utf-8
22:14:52.688 [main] DEBUG org.apache.http.headers - << Transfer-Encoding: chunked
22:14:52.688 [main] DEBUG org.apache.http.headers - << Connection: keep-alive
22:14:52.688 [main] DEBUG org.apache.http.headers - << X-Powered-By: Express
22:14:52.688 [main] DEBUG org.apache.http.headers - << ETag: W/"c20-YaHADSLwvE3kEdwr5u3Bfu2fhF8"
22:14:52.688 [main] DEBUG org.apache.http.headers - << Content-Encoding: gzip
22:14:52.688 [main] DEBUG org.apache.http.impl.client.DefaultHttpClient - Connection can be kept alive indefinitely
22:14:52.689 [main] DEBUG io.restassured.internal.RequestSpecificationImpl$RestAssuredHttpBuilder - Parsing response as: text/html; charset=utf-8
22:14:52.689 [main] DEBUG org.apache.http.wire -  << "510[\r][\n]"
22:14:52.689 [main] DEBUG org.apache.http.wire -  << "[0x1f][0x8b][0x8][0x0][0x0][0x0][0x0][0x0][0x4][0x3][0xdd]VK[0x8f][0xdb]6[0x10][0xbe][0xfb]WL[0xd4][QR"[0xf5]vl[0x1f][0xba]m[0xe1][0x2][0xbb]h[0x81]n[0x16][0xe8]Q[0x96]hK[0x9]-[0x9][0x92][0xfc][0xd8][\r][0xf2][0xdf][0xfb][0x91][0xb2][0xb3][0x9b]TH[0xd3][0xa2][0xbd][0x14][0xde][0x95]([0xce][0xcc][0xc7]ysf[0x8b]W[0x8c][0xd1][0xfa][0xfe][0xee][0x96][0xb6]MG[0xfd][0x90][\r]UNE[0xd5][0xf]][0xb5]9[0xc]US[0xd3][0xe6]P[0x17]Z[0xe1]U[0xe9][0x82][0x18][[0xcd][0x16][0xaf]~[0xf8][0xe5][0xe6][0xfe][0xf7]_[0xa4]r[0xd8]k|[0x9b][0x17][0xe9][0xac][0xde]-[0x1d]U;fCe[0xc5]jF[0xb4][0xd8][0xab]![0xa3][0xbc][0xcc][0xba]^[\r]K[0xe7][0xcd][0xfd]O,[0x1][0x1d][0x84][0xa1][0x1a][0xb4]Z[0xfd]v[0xca]v;[0xd5][0xd1][0x9b][0x9f][0x17][0xee][0xb8]ch[0xba][0xaa][0xdf]Q[0xa7][0xf4][0xd2][0xe9][0x87]G[0xad][0xfa]R[0xa9][0xc1][0xa1][0xe1][0xb1]UKgP[0xe7][0xc1][0xcd][0xfb][0xde][0xa1][0xb2]S[0xdb][0xa5][0xc3][0xdd]~[0xc4]`[0x87][0x8a][0xdb]}[0xb][0xff][0xc]Q[0xe5]M}[0x15][0xae][0xf6][0xd9]N[0xb9]m[0xbd]{[0x96][0xde]fG[0xc3][0xc1]|y[0xf6]%[0xb7][0xa4][0xbe]zR[0xfd][0xd2][0xb1];[0xe][0xb9][0xab][0x17][0xfa]|%[0x98][0x88][0xce]"[0xfa][0x4][0xcc][0xee][0x18]0[0xd8]gL[0xb4][0x86][0x99][0xf][0xb2]>[0xb4][0x8b][0xf7][0xf6]I[0xb4]i[0xce][0xc]:T[0xf5]n[0x8e]uW[0xa8][0x8e]a[0xeb][0xf5][0x85][0xda][0x1c]U[0xb7][0xd5][0xcd]iNl[0xdf]<[0xb1]>[0xef][0x1a][0xad]7p0[0x3][0x1][0xb1][0xcb][0xf4][0xe7][0x9c][0xec]qN#[0xdb]H[0xf9]`[0x91][0xbe][0xfd]n|[0xcd]7[\n]"
22:14:52.690 [main] DEBUG org.apache.http.wire -  << "[0x81]W[0xd7][0xaf]l;[0xa8][0xce]R[0xa6][0xd4][0xa9][0xea]Ru[0xd5]p[0xc5][0xb1]|[0x9b][0xa6]x[0xa4]+[0xf3]>[0xeb]vU=[0xf7]F[0xe][0xd8][0x92][0xe5][0xef]v][0x83][0xc][0x9a][0xd3]7[0xdb][0xcc][0xfc][0xae][0xc2][0xf0][0x82]{q[0xc3][0xc2][0x1d][0x13]f[0xb6]0`[0xab][0xd9]l[0xd1][0x1f]wt[0xde][0xeb][0x1a]q([0x87][0xa1][0x9d][0xbb][0xee][0xe9]t[0xe2]'[0x9f]7[0xdd][0xce][0x95][0x9e][0xe7][0xb9][0xe0]pF[0x96][0xf9][0xd9]D{[0x8a]Q[0xa4]i[0xea]Z[0xaa][0x83][0xcc]F*-[0x9d][0xb6][0xe9]+[0x93][0xd5][0xf3]l[0xd3]7[0xfa]0[0xa8][0xd7][0xa7][0xaa][0x18]Jh\[0xaa]jW[0xe]so[0xcc][0xcf]Bm[0xfb]1>[0x8b][0xfe]q[0xbf]i4[0x1d]+u[0xfa][0xbe]9/[0x1d][0x8f]<[0x92][0xe6][0xcf][0xa1][0xaa]X:[0x87]Z7[0xf9];UX9[0x13][0xd0]E[0x9b][\r]%[0x81]r'B[0x9e]P[0xb2][0x16][0xc1]C[0xc8][0xa3][0x1b][0x11][0x90][0xe4][0xb1][0xe7][0x93][0x90]<[0x8a]B[0x12]$<<b[0xee][0xfb][0x1][0xde][0xd1][0x85][0x1a][0x11][0x98][0x1f][0xa2]R[0x1e][0x19]O<q[0x93][0x90][0xcf][0xe3]0[0xa0][0x84][0xc7]iL[0x90][0xf6][0xc8][0xcf][0x5][0x97][0x0][0x82][0x12]di[0x12][0xb2]0[0xf6]!Y[0x7]9[0xe3]a[0x8][0x12][0x13][0xc4][0xa3] [0xc2]KX[0x92][0x88]s[0x8f]x[0x18][0xa4]<[0x90][0x89][0xd9][0xf3]S[0x9e][0x86][0x86][0xea]{[0xb1]6<P$[0x89]opx,I$<[0x89][0xa0][0x13][0xb0]H[0xa4][0xd0][0x11][0x8c]i[0x9]sr[0x3][0x81][0x83][0x85][0x81]a[0x6][0x5]K[0xe0][0xb0][0x8f]0[0x11][0x96]I[0xc]>[0x19][0x80][0x1e][0xc5][0xa0][0xfa][0xc]Z[0x8e][0xb]s\[0xf4][0x90][0x1a][0x95]nD[0xc][0xa3][0xa0]#[0xa1]X[0xfc]P[0x12][0xd4][0xb2][0xe]{rV[0xb][0xd7]8[0xf1][0x12][0x0]w[0x8c][0x0][0xf2][0xc2][0xba][0xf7]/[0xe2][0xf1]_D[0xe3][0xe2][0xd7];[0x1]'[0xaf][0x13]d[0xa3]q[0xff][0xdf]J[0xac]'[0xc7][0xf6].[[0xb4][0xb6][0x1e][0xbe]2[0x1a][0xb9]nz5U[0x1a][0x1][0xf7][0x3][0x4]<[0xe0]I[0x90]"g[0x83][0x8][0x89][0x19][0xa5][0xc][0x89]-[0xaf][0xab][0x8][0xf9][0xee][0xdd][0x9a]"[0x11]<[0x11][0xa9]f[0xa8][0x1b]d[0xac][0xcf]=[0xf9]E[0x11][0x8b][0xf6][0xe2]a1MEp j[0xd4]`[0x98]0[0x9f][0x8b][0x10]xq[0x98][0xda][0xa5][0x1c]U[0xf8]L([0xb9][\n]"
22:14:52.690 [main] DEBUG org.apache.http.wire -  << "Y[0xd5][0xcc][0x3][0xc9].M[0xde][0x8f][0xcb][0x8f][\n]"
22:14:52.690 [main] DEBUG org.apache.http.wire -  << "&\$>[0x90][0xa1][0x1e][0xe0]<_[0xe4]_[0x92] C[0xbc][0xfe][[0xc4][0xb1][0xa2][0x8c]vV'[0x13][0x19][0x81][0x82][0xb0][0xaa][0xda][0xb5][0xc5][0x9b][0x14]I[0xfe]id4Z[0xb5]bY[0xd7]5[0xa7][0xa9][0xf8][0xf8]\[0xa2][0xf4][0xbd][0xdb][0x88][0xb]/[0x85]&a[0x2][0x17][0xc9][0x8][0xb6][0xcb][0xf8][0xb2][0x88]=[0xc4][0x87][0xf1]4N[0xaf][0x4][0xb4]7t[0x2][0x89]R[0x87][0xab]<[0x1d][0xf3][0xc4]G[0xef]H=[0xb4][\r][0x88][0x82][0x0][0xf7][0xe1][0x1d][0x3][0x11][0xcd][0x8][0x82][0x9a][0xbd][0xe0][0xb1][0xb0][0x86][0x9][0xed][0xc2][0x3]'[0xce][0xb1]8[0x97][0xe3]$[0xd2]c<[0xe8][0xf9][0xe0][q[0xd1][0xf3]_[0xf0][0x2]+[0x9a][0x93][0x99]^L[0x93][0xf9][0xa4][0x8b][0xc7]<[0x10][0x9]z![0x1c][0x1];b9[0xea][0x9]#[0xc6][0x5][0xcc] [0xaf][0xb7][0xc6]AmkXd[\r][0x83][0xdd][0xb0]>[0xf1][0x8d][0xe3][0xe2][0x8f][0x9a][0x8f][0xb]+d[0xac][0x7][0x93][0xf5][0x81]e[0xba][0xd8]g,[0xb7]P[0xd6][0x1][0x6]y[0xea]H[[0x19][0xc6]|[0xf8][0x19][\n]"
22:14:52.690 [main] DEBUG org.apache.http.wire -  << "[0x2]E[0x4]b[0xca][0xf]_h[0x9b][0xb8][0x92][0x82][0xf1][0x1a]{{[0xd8][0xb7]lh[0xa6][0xec]G[0xff]?[0x6]k[0xb4]f_[0xfb][0xc8][0x3]dx[0x98][0xde][0xc2]![0x9a]E[0xb8][0xb5][0xcc][0xf][0xb7][0x81]@y[0x5][0xe2][0xd6]p[0x91][0xf0][0xd7]R<[0xc4]S[0xba]X[0xd7]Nv[0xf0]gU[0xd4][0xb9][0xcd][0xea][0xc9][0xfb][0x14][0xad] )[0x83]#[0x93]%[0xb][0x8e][0xf2][0xe9][0xce][0xa7][0xe8](K[0x91]<Dk[0xff]i[0x8f]\+[0x5][0xae]M[0xb9][0xc6][0xee][0xf4][0xe1][0xb]w[0xbc][0xd8]1z[0x1c]wf[0xd0]([0xaa][0xa3][0xbd][0xc5][0x9f][0xa7]Hs[0xf9]`[0xd7]N!yW[0xb5][0x3][0xf5]][0xfe][0xe9][0xa0][0xc9][0xc6][0x91][0x98][0xbf][0xed][0x9d][0x95][0x99]b,[0x1b][0xc6][0xde]q1[0xc1][0x8f][0xb1][0xba].2[0xdd][0xd4][0x8a][0xb5][0x9d][0xc2],[0xfc][0xf5][0xa2]U][0xfd][0x89][0x1b]'[0x99]i[0xc6][0xa4]*V[0x9c][0xf8][0xd0][0xb4][0x98][0x4][0x89][0x9b]D[0xd6]MV[0xb0]C[0xa7][0xd9][0xa9][0xcb][0xda][0x16]3[0xf6]{3[0xd5][0xb7]:[0xc3]4XC[0x11][0xfa]@[0x98][0xca][0xd4][0xb6][0xaa]U1{1[0x89]]'0w[0x9c][0xed][0xff][0x0][0xc0][0xbd][0xcc][0x10] [0xc][0x0][0x0]"
22:14:52.691 [main] DEBUG org.apache.http.wire -  << "[\r][\n]"
22:14:52.691 [main] DEBUG org.apache.http.wire -  << "0[\r][\n]"
22:14:52.691 [main] DEBUG org.apache.http.wire -  << "[\r][\n]"
22:14:52.691 [main] DEBUG io.restassured.internal.RequestSpecificationImpl$RestAssuredHttpBuilder - Parsed data to instance of: class org.apache.http.conn.EofSensorInputStream
22:14:52.694 [main] DEBUG org.apache.http.impl.conn.BasicClientConnectionManager - Releasing connection org.apache.http.impl.conn.ManagedClientConnectionImpl@116b0b32
22:14:52.694 [main] DEBUG org.apache.http.impl.conn.BasicClientConnectionManager - Connection can be kept alive indefinitely
22:14:52.696 [main] DEBUG net.thucydides.core.steps.StepInterceptor - STEP DONE: I send "get" http request
  &amp#27;[32mWhen &amp#27;[0m&amp#27;[32mI send "&amp#27;[0m&amp#27;[32m&amp#27;[1mget&amp#27;[0m&amp#27;[32m" http request&amp#27;[0m                           &amp#27;[90m# starter.stepdefinitions.BookStep.sendGetHttpRequest(java.lang.String)&amp#27;[0m
22:14:52.700 [main] DEBUG net.thucydides.core.steps.StepInterceptor - STARTING STEP: BookStep.receiveValidDataForDetailBook - I receive valid data for "detail" book
22:14:52.700 [main] DEBUG net.thucydides.core.steps.StepInterceptor - STEP DONE: I receive valid data for "detail" book
  &amp#27;[32mThen &amp#27;[0m&amp#27;[32mI receive valid data for "&amp#27;[0m&amp#27;[32m&amp#27;[1mdetail&amp#27;[0m&amp#27;[32m" book&amp#27;[0m              &amp#27;[90m# starter.stepdefinitions.BookStep.receiveValidDataForDetailBook(java.lang.String)&amp#27;[0m
22:14:52.702 [main] INFO  - 
  _____   ___   ___   _____     ___     _     ___   ___   ___   ___  
 |_   _| | __| / __| |_   _|   | _ \   /_\   / __| / __| | __| |   \ 
   | |   | _|  \__ \   | |     |  _/  / _ \  \__ \ \__ \ | _|  | |) |
   |_|   |___| |___/   |_|     |_|   /_/ \_\ |___/ |___/ |___| |___/ 

GET - As admin i have be able to get detail Book
----------------------------------------------------------------------
]]></system-out>
  </testcase>
  <testcase name="POST - As admin i have be able to add list of book" classname="Books" time="0.749">
    <failure type="java.lang.AssertionError"><![CDATA[java.lang.AssertionError: 
1 expectation failed.
XML path 'userId' doesn't match.
Expected: 6c2db9bf-ceb2-4c39-90fb-c0b1d01ddc0
  Actual: <nullSwagger UInullnullnull
    html
    {
      box-sizing: border-box;
      overflow: -moz-scrollbars-vertical;
      overflow-y: scroll;
    }
    *,
    *:before,
    *:after
    {
      box-sizing: inherit;
    }

    body {
      margin:0;
      background: #fafafa;
    }
  nullnullnullnullnullnullnullnullnullnullnull
  .swagger-ui .topbar .download-url-wrapper { display: none } undefined
>

]]></failure>
    <system-out><![CDATA[
Scenario: POST - As admin i have be able to add list of book &amp#27;[90m# src/test/resources/api/Books.feature:9&amp#27;[0m
22:14:52.708 [main] INFO io.cucumber.core.plugin.SerenityReporter - Running feature from file:///C:/Users/RICO/IdeaProjects/18restful-api/src/test/resources/api/Books.feature
22:14:52.708 [main] WARN io.cucumber.core.plugin.SerenityReporter - Feature from file:///C:/Users/RICO/IdeaProjects/18restful-api/src/test/resources/api/Books.feature is not under the 'features' directory. Requirements report will not be correctly generated!
22:14:52.711 [main] INFO  - 
  _____   ___   ___   _____     ___   _____     _     ___   _____   ___   ___  
 |_   _| | __| / __| |_   _|   / __| |_   _|   /_\   | _ \ |_   _| | __| |   \ 
   | |   | _|  \__ \   | |     \__ \   | |    / _ \  |   /   | |   | _|  | |) |
   |_|   |___| |___/   |_|     |___/   |_|   /_/ \_\ |_|_\   |_|   |___| |___/ 

POST - As admin i have be able to add list of book(books;post---as-admin-i-have-be-able-to-add-list-of-book)
--------------------------------------------------------------------------------
22:14:52.730 [main] DEBUG net.thucydides.core.steps.StepInterceptor - STARTING STEP: BookStep.getApiEndPoint - I set post api endpoints
22:14:52.730 [main] DEBUG net.thucydides.core.steps.StepInterceptor - STEP DONE: I set post api endpoints
  &amp#27;[32mGiven &amp#27;[0m&amp#27;[32mI set "&amp#27;[0m&amp#27;[32m&amp#27;[1mpost&amp#27;[0m&amp#27;[32m" api endpoint&amp#27;[0m                            &amp#27;[90m# starter.stepdefinitions.BookStep.getApiEndPoint(java.lang.String)&amp#27;[0m
22:14:52.734 [main] DEBUG net.thucydides.core.steps.StepInterceptor - STARTING STEP: BookStep.sendGetHttpRequest - I send post http request
22:14:52.737 [main] DEBUG net.thucydides.core.steps.StepInterceptor - STARTING STEP: Post.postHttpRequest - I set post api endpoints
22:14:52.737 [main] DEBUG net.thucydides.core.steps.StepInterceptor - STEP DONE: I set post api endpoints
22:14:52.752 [main] DEBUG org.apache.http.impl.conn.BasicClientConnectionManager - Get connection for route {s}->https://demoqa.com:443
22:14:52.752 [main] DEBUG org.apache.http.impl.conn.DefaultClientConnectionOperator - Connecting to demoqa.com:443
22:14:53.200 [main] DEBUG org.apache.http.client.protocol.RequestAddCookies - CookieSpec selected: ignoreCookies
22:14:53.200 [main] DEBUG org.apache.http.client.protocol.RequestAuthCache - Auth cache not set in the context
22:14:53.200 [main] DEBUG org.apache.http.client.protocol.RequestTargetAuthentication - Target auth state: UNCHALLENGED
22:14:53.200 [main] DEBUG org.apache.http.client.protocol.RequestProxyAuthentication - Proxy auth state: UNCHALLENGED
22:14:53.201 [main] DEBUG org.apache.http.impl.client.DefaultHttpClient - Attempt 1 to execute request
22:14:53.201 [main] DEBUG org.apache.http.impl.conn.DefaultClientConnection - Sending request: POST /swagger/ HTTP/1.1
22:14:53.201 [main] DEBUG org.apache.http.wire -  >> "POST /swagger/ HTTP/1.1[\r][\n]"
22:14:53.201 [main] DEBUG org.apache.http.wire -  >> "Accept: */*[\r][\n]"
22:14:53.201 [main] DEBUG org.apache.http.wire -  >> "Content-Type: application/json[\r][\n]"
22:14:53.201 [main] DEBUG org.apache.http.wire -  >> "Content-Length: 71[\r][\n]"
22:14:53.201 [main] DEBUG org.apache.http.wire -  >> "Host: demoqa.com[\r][\n]"
22:14:53.201 [main] DEBUG org.apache.http.wire -  >> "Connection: Keep-Alive[\r][\n]"
22:14:53.201 [main] DEBUG org.apache.http.wire -  >> "User-Agent: Apache-HttpClient/4.5.13 (Java/17.0.2)[\r][\n]"
22:14:53.201 [main] DEBUG org.apache.http.wire -  >> "Accept-Encoding: gzip,deflate[\r][\n]"
22:14:53.201 [main] DEBUG org.apache.http.wire -  >> "[\r][\n]"
22:14:53.202 [main] DEBUG org.apache.http.headers - >> POST /swagger/ HTTP/1.1
22:14:53.202 [main] DEBUG org.apache.http.headers - >> Accept: */*
22:14:53.202 [main] DEBUG org.apache.http.headers - >> Content-Type: application/json
22:14:53.202 [main] DEBUG org.apache.http.headers - >> Content-Length: 71
22:14:53.202 [main] DEBUG org.apache.http.headers - >> Host: demoqa.com
22:14:53.202 [main] DEBUG org.apache.http.headers - >> Connection: Keep-Alive
22:14:53.202 [main] DEBUG org.apache.http.headers - >> User-Agent: Apache-HttpClient/4.5.13 (Java/17.0.2)
22:14:53.202 [main] DEBUG org.apache.http.headers - >> Accept-Encoding: gzip,deflate
22:14:53.202 [main] DEBUG org.apache.http.wire -  >> "{"ISBN":"9781491950296","userId":"6c2db9bf-ceb2-4c39-90fb-c0b1d01ddc0"}"
22:14:53.413 [main] DEBUG org.apache.http.wire -  << "HTTP/1.1 200 OK[\r][\n]"
22:14:53.413 [main] DEBUG org.apache.http.wire -  << "Server: nginx/1.17.10 (Ubuntu)[\r][\n]"
22:14:53.413 [main] DEBUG org.apache.http.wire -  << "Date: Sun, 27 Mar 2022 15:14:52 GMT[\r][\n]"
22:14:53.414 [main] DEBUG org.apache.http.wire -  << "Content-Type: text/html; charset=utf-8[\r][\n]"
22:14:53.414 [main] DEBUG org.apache.http.wire -  << "Transfer-Encoding: chunked[\r][\n]"
22:14:53.414 [main] DEBUG org.apache.http.wire -  << "Connection: keep-alive[\r][\n]"
22:14:53.414 [main] DEBUG org.apache.http.wire -  << "X-Powered-By: Express[\r][\n]"
22:14:53.414 [main] DEBUG org.apache.http.wire -  << "ETag: W/"c20-YaHADSLwvE3kEdwr5u3Bfu2fhF8"[\r][\n]"
22:14:53.414 [main] DEBUG org.apache.http.wire -  << "Content-Encoding: gzip[\r][\n]"
22:14:53.414 [main] DEBUG org.apache.http.wire -  << "[\r][\n]"
22:14:53.415 [main] DEBUG org.apache.http.impl.conn.DefaultClientConnection - Receiving response: HTTP/1.1 200 OK
22:14:53.415 [main] DEBUG org.apache.http.headers - << HTTP/1.1 200 OK
22:14:53.415 [main] DEBUG org.apache.http.headers - << Server: nginx/1.17.10 (Ubuntu)
22:14:53.415 [main] DEBUG org.apache.http.headers - << Date: Sun, 27 Mar 2022 15:14:52 GMT
22:14:53.415 [main] DEBUG org.apache.http.headers - << Content-Type: text/html; charset=utf-8
22:14:53.415 [main] DEBUG org.apache.http.headers - << Transfer-Encoding: chunked
22:14:53.415 [main] DEBUG org.apache.http.headers - << Connection: keep-alive
22:14:53.415 [main] DEBUG org.apache.http.headers - << X-Powered-By: Express
22:14:53.415 [main] DEBUG org.apache.http.headers - << ETag: W/"c20-YaHADSLwvE3kEdwr5u3Bfu2fhF8"
22:14:53.415 [main] DEBUG org.apache.http.headers - << Content-Encoding: gzip
22:14:53.416 [main] DEBUG org.apache.http.impl.client.DefaultHttpClient - Connection can be kept alive indefinitely
[...]
-----------------------------------------------------------------------
22:14:54.130 [main] DEBUG  - RELATED ISSUES: 
22:14:54.131 [main] ERROR  -     Test failed at step: I receive valid data for update user
22:14:54.131 [main] ERROR  -     1 expectation failed.XML path 'ISBN' doesn't match.Expected: 123  Actual: <nullSwagger UInullnullnull    html    {  box-sizing: border-box;  overflow: -moz-scrollbars-vertical;  overflow-y: scroll;    }    *,    *:before,    *:after    {  box-sizing: inherit;    }    body {  margin:0;  background: #fafafa;    }  nullnullnullnullnullnullnullnullnullnullnull  .swagger-ui .topbar .download-url-wrapper { display: none } undefined>
]]></system-out>
  </testcase>
  <testcase name="DELETE - As admin i have be able to delete book" classname="Books" time="0.68">
    <failure type="java.lang.AssertionError"><![CDATA[java.lang.AssertionError: 
1 expectation failed.
Expected status code <204> but was <200>.

]]></failure>
    <system-out><![CDATA[
Scenario: DELETE - As admin i have be able to delete book &amp#27;[90m# src/test/resources/api/Books.feature:19&amp#27;[0m
22:14:54.137 [main] INFO io.cucumber.core.plugin.SerenityReporter - Running feature from file:///C:/Users/RICO/IdeaProjects/18restful-api/src/test/resources/api/Books.feature
22:14:54.137 [main] WARN io.cucumber.core.plugin.SerenityReporter - Feature from file:///C:/Users/RICO/IdeaProjects/18restful-api/src/test/resources/api/Books.feature is not under the 'features' directory. Requirements report will not be correctly generated!
22:14:54.140 [main] INFO  - 
  _____   ___   ___   _____     ___   _____     _     ___   _____   ___   ___  
 |_   _| | __| / __| |_   _|   / __| |_   _|   /_\   | _ \ |_   _| | __| |   \ 
   | |   | _|  \__ \   | |     \__ \   | |    / _ \  |   /   | |   | _|  | |) |
   |_|   |___| |___/   |_|     |___/   |_|   /_/ \_\ |_|_\   |_|   |___| |___/ 

DELETE - As admin i have be able to delete book(books;delete---as-admin-i-have-be-able-to-delete-book)
--------------------------------------------------------------------------------
22:14:54.156 [main] DEBUG net.thucydides.core.steps.StepInterceptor - STARTING STEP: BookStep.getApiEndPoint - I set DELETE api endpoints
22:14:54.156 [main] DEBUG net.thucydides.core.steps.StepInterceptor - STEP DONE: I set DELETE api endpoints
  &amp#27;[32mGiven &amp#27;[0m&amp#27;[32mI set "&amp#27;[0m&amp#27;[32m&amp#27;[1mdelete&amp#27;[0m&amp#27;[32m" api endpoint&amp#27;[0m                       &amp#27;[90m# starter.stepdefinitions.BookStep.getApiEndPoint(java.lang.String)&amp#27;[0m
22:14:54.160 [main] DEBUG net.thucydides.core.steps.StepInterceptor - STARTING STEP: BookStep.sendGetHttpRequest - I send DELETE http request
22:14:54.163 [main] DEBUG net.thucydides.core.steps.StepInterceptor - STARTING STEP: Delete.sendDeleteHttpRequest - I set DELETE api endpoints
22:14:54.163 [main] DEBUG net.thucydides.core.steps.StepInterceptor - STEP DONE: I set DELETE api endpoints
22:14:54.170 [main] DEBUG org.apache.http.impl.conn.BasicClientConnectionManager - Get connection for route {s}->https://demoqa.com:443
22:14:54.170 [main] DEBUG org.apache.http.impl.conn.DefaultClientConnectionOperator - Connecting to demoqa.com:443
22:14:54.579 [main] DEBUG org.apache.http.client.protocol.RequestAddCookies - CookieSpec selected: ignoreCookies
22:14:54.579 [main] DEBUG org.apache.http.client.protocol.RequestAuthCache - Auth cache not set in the context
22:14:54.579 [main] DEBUG org.apache.http.client.protocol.RequestTargetAuthentication - Target auth state: UNCHALLENGED
22:14:54.579 [main] DEBUG org.apache.http.client.protocol.RequestProxyAuthentication - Proxy auth state: UNCHALLENGED
22:14:54.579 [main] DEBUG org.apache.http.impl.client.DefaultHttpClient - Attempt 1 to execute request
22:14:54.579 [main] DEBUG org.apache.http.impl.conn.DefaultClientConnection - Sending request: DELETE /swagger/ HTTP/1.1
22:14:54.579 [main] DEBUG org.apache.http.wire -  >> "DELETE /swagger/ HTTP/1.1[\r][\n]"
22:14:54.579 [main] DEBUG org.apache.http.wire -  >> "Accept: */*[\r][\n]"
22:14:54.579 [main] DEBUG org.apache.http.wire -  >> "Host: demoqa.com[\r][\n]"
22:14:54.579 [main] DEBUG org.apache.http.wire -  >> "Connection: Keep-Alive[\r][\n]"
22:14:54.579 [main] DEBUG org.apache.http.wire -  >> "User-Agent: Apache-HttpClient/4.5.13 (Java/17.0.2)[\r][\n]"
22:14:54.579 [main] DEBUG org.apache.http.wire -  >> "Accept-Encoding: gzip,deflate[\r][\n]"
22:14:54.579 [main] DEBUG org.apache.http.wire -  >> "[\r][\n]"
22:14:54.579 [main] DEBUG org.apache.http.headers - >> DELETE /swagger/ HTTP/1.1
22:14:54.579 [main] DEBUG org.apache.http.headers - >> Accept: */*
22:14:54.579 [main] DEBUG org.apache.http.headers - >> Host: demoqa.com
22:14:54.579 [main] DEBUG org.apache.http.headers - >> Connection: Keep-Alive
22:14:54.579 [main] DEBUG org.apache.http.headers - >> User-Agent: Apache-HttpClient/4.5.13 (Java/17.0.2)
22:14:54.579 [main] DEBUG org.apache.http.headers - >> Accept-Encoding: gzip,deflate
22:14:54.786 [main] DEBUG org.apache.http.wire -  << "HTTP/1.1 200 OK[\r][\n]"
22:14:54.786 [main] DEBUG org.apache.http.wire -  << "Server: nginx/1.17.10 (Ubuntu)[\r][\n]"
22:14:54.786 [main] DEBUG org.apache.http.wire -  << "Date: Sun, 27 Mar 2022 15:14:54 GMT[\r][\n]"
22:14:54.786 [main] DEBUG org.apache.http.wire -  << "Content-Type: text/html; charset=utf-8[\r][\n]"
22:14:54.786 [main] DEBUG org.apache.http.wire -  << "Transfer-Encoding: chunked[\r][\n]"
22:14:54.786 [main] DEBUG org.apache.http.wire -  << "Connection: keep-alive[\r][\n]"
22:14:54.786 [main] DEBUG org.apache.http.wire -  << "X-Powered-By: Express[\r][\n]"
22:14:54.787 [main] DEBUG org.apache.http.wire -  << "ETag: W/"c20-YaHADSLwvE3kEdwr5u3Bfu2fhF8"[\r][\n]"
22:14:54.787 [main] DEBUG org.apache.http.wire -  << "Content-Encoding: gzip[\r][\n]"
22:14:54.787 [main] DEBUG org.apache.http.wire -  << "[\r][\n]"
22:14:54.787 [main] DEBUG org.apache.http.impl.conn.DefaultClientConnection - Receiving response: HTTP/1.1 200 OK
22:14:54.787 [main] DEBUG org.apache.http.headers - << HTTP/1.1 200 OK
22:14:54.787 [main] DEBUG org.apache.http.headers - << Server: nginx/1.17.10 (Ubuntu)
22:14:54.787 [main] DEBUG org.apache.http.headers - << Date: Sun, 27 Mar 2022 15:14:54 GMT
22:14:54.787 [main] DEBUG org.apache.http.headers - << Content-Type: text/html; charset=utf-8
22:14:54.787 [main] DEBUG org.apache.http.headers - << Transfer-Encoding: chunked
22:14:54.787 [main] DEBUG org.apache.http.headers - << Connection: keep-alive
22:14:54.787 [main] DEBUG org.apache.http.headers - << X-Powered-By: Express
22:14:54.787 [main] DEBUG org.apache.http.headers - << ETag: W/"c20-YaHADSLwvE3kEdwr5u3Bfu2fhF8"
22:14:54.787 [main] DEBUG org.apache.http.headers - << Content-Encoding: gzip
22:14:54.788 [main] DEBUG org.apache.http.impl.client.DefaultHttpClient - Connection can be kept alive indefinitely
22:14:54.789 [main] DEBUG io.restassured.internal.RequestSpecificationImpl$RestAssuredHttpBuilder - Parsing response as: text/html; charset=utf-8
22:14:54.789 [main] DEBUG org.apache.http.wire -  << "510[\r][\n]"
22:14:54.789 [main] DEBUG org.apache.http.wire -  << "[0x1f][0x8b][0x8][0x0][0x0][0x0][0x0][0x0][0x4][0x3][0xdd]VK[0x8f][0xdb]6[0x10][0xbe][0xfb]WL[0xd4][QR"[0xf5]vl[0x1f][0xba]m[0xe1][0x2][0xbb]h[0x81]n[0x16][0xe8]Q[0x96]hK[0x9]-[0x9][0x92][0xfc][0xd8][\r][0xf2][0xdf][0xfb][0x91][0xb2][0xb3][0x9b]TH[0xd3][0xa2][0xbd][0x14][0xde][0x95]([0xce][0xcc][0xc7]ysf[0x8b]W[0x8c][0xd1][0xfa][0xfe][0xee][0x96][0xb6]MG[0xfd][0x90][\r]UNE[0xd5][0xf]][0xb5]9[0xc]US[0xd3][0xe6]P[0x17]Z[0xe1]U[0xe9][0x82][0x18][[0xcd][0x16][0xaf]~[0xf8][0xe5][0xe6][0xfe][0xf7]_[0xa4]r[0xd8]k|[0x9b][0x17][0xe9][0xac][0xde]-[0x1d]U;fCe[0xc5]jF[0xb4][0xd8][0xab]![0xa3][0xbc][0xcc][0xba]^[\r]K[0xe7][0xcd][0xfd]O,[0x1][0x1d][0x84][0xa1][0x1a][0xb4]Z[0xfd]v[0xca]v;[0xd5][0xd1][0x9b][0x9f][0x17][0xee][0xb8]ch[0xba][0xaa][0xdf]Q[0xa7][0xf4][0xd2][0xe9][0x87]G[0xad][0xfa]R[0xa9][0xc1][0xa1][0xe1][0xb1]UKgP[0xe7][0xc1][0xcd][0xfb][0xde][0xa1][0xb2]S[0xdb][0xa5][0xc3][0xdd]~[0xc4]`[0x87][0x8a][0xdb]}[0xb][0xff][0xc]Q[0xe5]M}[0x15][0xae][0xf6][0xd9]N[0xb9]m[0xbd]{[0x96][0xde]fG[0xc3][0xc1]|y[0xf6]%[0xb7][0xa4][0xbe]zR[0xfd][0xd2][0xb1];[0xe][0xb9][0xab][0x17][0xfa]|%[0x98][0x88][0xce]"[0xfa][0x4][0xcc][0xee][0x18]0[0xd8]gL[0xb4][0x86][0x99][0xf][0xb2]>[0xb4][0x8b][0xf7][0xf6]I[0xb4]i[0xce][0xc]:T[0xf5]n[0x8e]uW[0xa8][0x8e]a[0xeb][0xf5][0x85][0xda][0x1c]U[0xb7][0xd5][0xcd]iNl[0xdf]<[0xb1]>[0xef][0x1a][0xad]7p0[0x3][0x1][0xb1][0xcb][0xf4][0xe7][0x9c][0xec]qN#[0xdb]H[0xf9]`[0x91][0xbe][0xfd]n|[0xcd]7[\n]"
22:14:54.789 [main] DEBUG org.apache.http.wire -  << "[0x81]W[0xd7][0xaf]l;[0xa8][0xce]R[0xa6][0xd4][0xa9][0xea]Ru[0xd5]p[0xc5][0xb1]|[0x9b][0xa6]x[0xa4]+[0xf3]>[0xeb]vU=[0xf7]F[0xe][0xd8][0x92][0xe5][0xef]v][0x83][0xc][0x9a][0xd3]7[0xdb][0xcc][0xfc][0xae][0xc2][0xf0][0x82]{q[0xc3][0xc2][0x1d][0x13]f[0xb6]0`[0xab][0xd9]l[0xd1][0x1f]wt[0xde][0xeb][0x1a]q([0x87][0xa1][0x9d][0xbb][0xee][0xe9]t[0xe2]'[0x9f]7[0xdd][0xce][0x95][0x9e][0xe7][0xb9][0xe0]pF[0x96][0xf9][0xd9]D{[0x8a]Q[0xa4]i[0xea]Z[0xaa][0x83][0xcc]F*-[0x9d][0xb6][0xe9]+[0x93][0xd5][0xf3]l[0xd3]7[0xfa]0[0xa8][0xd7][0xa7][0xaa][0x18]Jh\[0xaa]jW[0xe]so[0xcc][0xcf]Bm[0xfb]1>[0x8b][0xfe]q[0xbf]i4[0x1d]+u[0xfa][0xbe]9/[0x1d][0x8f]<[0x92][0xe6][0xcf][0xa1][0xaa]X:[0x87]Z7[0xf9];UX9[0x13][0xd0]E[0x9b][\r]%[0x81]r'B[0x9e]P[0xb2][0x16][0xc1]C[0xc8][0xa3][0x1b][0x11][0x90][0xe4][0xb1][0xe7][0x93][0x90]<[0x8a]B[0x12]$<<b[0xee][0xfb][0x1][0xde][0xd1][0x85][0x1a][0x11][0x98][0x1f][0xa2]R[0x1e][0x19]O<q[0x93][0x90][0xcf][0xe3]0[0xa0][0x84][0xc7]iL[0x90][0xf6][0xc8][0xcf][0x5][0x97][0x0][0x82][0x12]di[0x12][0xb2]0[0xf6]!Y[0x7]9[0xe3]a[0x8][0x12][0x13][0xc4][0xa3] [0xc2]KX[0x92][0x88]s[0x8f]x[0x18][0xa4]<[0x90][0x89][0xd9][0xf3]S[0x9e][0x86][0x86][0xea]{[0xb1]6<P$[0x89]opx,I$<[0x89][0xa0][0x13][0xb0]H[0xa4][0xd0][0x11][0x8c]i[0x9]sr[0x3][0x81][0x83][0x85][0x81]a[0x6][0x5]K[0xe0][0xb0][0x8f]0[0x11][0x96]I[0xc]>[0x19][0x80][0x1e][0xc5][0xa0][0xfa][0xc]Z[0x8e][0xb]s\[0xf4][0x90][0x1a][0x95]nD[0xc][0xa3][0xa0]#[0xa1]X[0xfc]P[0x12][0xd4][0xb2][0xe]{rV[0xb][0xd7]8[0xf1][0x12][0x0]w[0x8c][0x0][0xf2][0xc2][0xba][0xf7]/[0xe2][0xf1]_D[0xe3][0xe2][0xd7];[0x1]'[0xaf][0x13]d[0xa3]q[0xff][0xdf]J[0xac]'[0xc7][0xf6].[[0xb4][0xb6][0x1e][0xbe]2[0x1a][0xb9]nz5U[0x1a][0x1][0xf7][0x3][0x4]<[0xe0]I[0x90]"g[0x83][0x8][0x89][0x19][0xa5][0xc][0x89]-[0xaf][0xab][0x8][0xf9][0xee][0xdd][0x9a]"[0x11]<[0x11][0xa9]f[0xa8][0x1b]d[0xac][0xcf]=[0xf9]E[0x11][0x8b][0xf6][0xe2]a1MEp j[0xd4]`[0x98]0[0x9f][0x8b][0x10]xq[0x98][0xda][0xa5][0x1c]U[0xf8]L([0xb9][\n]"
22:14:54.789 [main] DEBUG org.apache.http.wire -  << "Y[0xd5][0xcc][0x3][0xc9].M[0xde][0x8f][0xcb][0x8f][\n]"
22:14:54.790 [main] DEBUG org.apache.http.wire -  << "&\$>[0x90][0xa1][0x1e][0xe0]<_[0xe4]_[0x92] C[0xbc][0xfe][[0xc4][0xb1][0xa2][0x8c]vV'[0x13][0x19][0x81][0x82][0xb0][0xaa][0xda][0xb5][0xc5][0x9b][0x14]I[0xfe]id4Z[0xb5]bY[0xd7]5[0xa7][0xa9][0xf8][0xf8]\[0xa2][0xf4][0xbd][0xdb][0x88][0xb]/[0x85]&a[0x2][0x17][0xc9][0x8][0xb6][0xcb][0xf8][0xb2][0x88]=[0xc4][0x87][0xf1]4N[0xaf][0x4][0xb4]7t[0x2][0x89]R[0x87][0xab]<[0x1d][0xf3][0xc4]G[0xef]H=[0xb4][\r][0x88][0x82][0x0][0xf7][0xe1][0x1d][0x3][0x11][0xcd][0x8][0x82][0x9a][0xbd][0xe0][0xb1][0xb0][0x86][0x9][0xed][0xc2][0x3]'[0xce][0xb1]8[0x97][0xe3]$[0xd2]c<[0xe8][0xf9][0xe0][q[0xd1][0xf3]_[0xf0][0x2]+[0x9a][0x93][0x99]^L[0x93][0xf9][0xa4][0x8b][0xc7]<[0x10][0x9]z![0x1c][0x1];b9[0xea][0x9]#[0xc6][0x5][0xcc] [0xaf][0xb7][0xc6]AmkXd[\r][0x83][0xdd][0xb0]>[0xf1][0x8d][0xe3][0xe2][0x8f][0x9a][0x8f][0xb]+d[0xac][0x7][0x93][0xf5][0x81]e[0xba][0xd8]g,[0xb7]P[0xd6][0x1][0x6]y[0xea]H[[0x19][0xc6]|[0xf8][0x19][\n]"
22:14:54.790 [main] DEBUG org.apache.http.wire -  << "[0x2]E[0x4]b[0xca][0xf]_h[0x9b][0xb8][0x92][0x82][0xf1][0x1a]{{[0xd8][0xb7]lh[0xa6][0xec]G[0xff]?[0x6]k[0xb4]f_[0xfb][0xc8][0x3]dx[0x98][0xde][0xc2]![0x9a]E[0xb8][0xb5][0xcc][0xf][0xb7][0x81]@y[0x5][0xe2][0xd6]p[0x91][0xf0][0xd7]R<[0xc4]S[0xba]X[0xd7]Nv[0xf0]gU[0xd4][0xb9][0xcd][0xea][0xc9][0xfb][0x14][0xad] )[0x83]#[0x93]%[0xb][0x8e][0xf2][0xe9][0xce][0xa7][0xe8](K[0x91]<Dk[0xff]i[0x8f]\+[0x5][0xae]M[0xb9][0xc6][0xee][0xf4][0xe1][0xb]w[0xbc][0xd8]1z[0x1c]wf[0xd0]([0xaa][0xa3][0xbd][0xc5][0x9f][0xa7]Hs[0xf9]`[0xd7]N!yW[0xb5][0x3][0xf5]][0xfe][0xe9][0xa0][0xc9][0xc6][0x91][0x98][0xbf][0xed][0x9d][0x95][0x99]b,[0x1b][0xc6][0xde]q1[0xc1][0x8f][0xb1][0xba].2[0xdd][0xd4][0x8a][0xb5][0x9d][0xc2],[0xfc][0xf5][0xa2]U][0xfd][0x89][0x1b]'[0x99]i[0xc6][0xa4]*V[0x9c][0xf8][0xd0][0xb4][0x98][0x4][0x89][0x9b]D[0xd6]MV[0xb0]C[0xa7][0xd9][0xa9][0xcb][0xda][0x16]3[0xf6]{3[0xd5][0xb7]:[0xc3]4XC[0x11][0xfa]@[0x98][0xca][0xd4][0xb6][0xaa]U1{1[0x89]]'0w[0x9c][0xed][0xff][0x0][0xc0][0xbd][0xcc][0x10] [0xc][0x0][0x0]"
22:14:54.790 [main] DEBUG org.apache.http.wire -  << "[\r][\n]"
22:14:54.790 [main] DEBUG org.apache.http.wire -  << "0[\r][\n]"
22:14:54.790 [main] DEBUG org.apache.http.wire -  << "[\r][\n]"
22:14:54.790 [main] DEBUG io.restassured.internal.RequestSpecificationImpl$RestAssuredHttpBuilder - Parsed data to instance of: class org.apache.http.conn.EofSensorInputStream
22:14:54.791 [main] DEBUG org.apache.http.impl.conn.BasicClientConnectionManager - Releasing connection org.apache.http.impl.conn.ManagedClientConnectionImpl@1317ac2c
22:14:54.791 [main] DEBUG org.apache.http.impl.conn.BasicClientConnectionManager - Connection can be kept alive indefinitely
22:14:54.793 [main] DEBUG net.thucydides.core.steps.StepInterceptor - STEP DONE: I send DELETE http request
  &amp#27;[32mWhen &amp#27;[0m&amp#27;[32mI send "&amp#27;[0m&amp#27;[32m&amp#27;[1mdelete&amp#27;[0m&amp#27;[32m" http request&amp#27;[0m                       &amp#27;[90m# starter.stepdefinitions.BookStep.sendGetHttpRequest(java.lang.String)&amp#27;[0m
22:14:54.796 [main] DEBUG net.thucydides.core.steps.StepInterceptor - STARTING STEP: BookStep.receiveValidDataForDetailBook - I receive valid http response code 204
  &amp#27;[31mThen &amp#27;[0m&amp#27;[31mI receive valid data for "&amp#27;[0m&amp#27;[31m&amp#27;[1mdelete&amp#27;[0m&amp#27;[31m" book&amp#27;[0m             &amp#27;[90m# starter.stepdefinitions.BookStep.receiveValidDataForDetailBook(java.lang.String)&amp#27;[0m
      &amp#27;[31mjava.lang.AssertionError: 1 expectation failed.
Expected status code <204> but was <200>.

	at java.base/jdk.internal.reflect.NativeConstructorAccessorImpl.newInstance0(Native Method)
	at java.base/jdk.internal.reflect.NativeConstructorAccessorImpl.newInstance(NativeConstructorAccessorImpl.java:77)
	at java.base/jdk.internal.reflect.DelegatingConstructorAccessorImpl.newInstance(DelegatingConstructorAccessorImpl.java:45)
	at java.base/java.lang.reflect.Constructor.newInstanceWithCaller(Constructor.java:499)
	at java.base/java.lang.reflect.Constructor.newInstance(Constructor.java:480)
	at org.codehaus.groovy.reflection.CachedConstructor.invoke(CachedConstructor.java:72)
	at org.codehaus.groovy.runtime.callsite.ConstructorSite$ConstructorSiteNoUnwrapNoCoerce.callConstructor(ConstructorSite.java:105)
	at org.codehaus.groovy.runtime.callsite.AbstractCallSite.callConstructor(AbstractCallSite.java:277)
	at io.restassured.internal.ResponseSpecificationImpl$HamcrestAssertionClosure.validate(ResponseSpecificationImpl.groovy:499)
	at io.restassured.internal.ResponseSpecificationImpl$HamcrestAssertionClosure$validate$1.call(Unknown Source)
	at io.restassured.internal.ResponseSpecificationImpl.validateResponseIfRequired(ResponseSpecificationImpl.groovy:684)
	at java.base/jdk.internal.reflect.NativeMethodAccessorImpl.invoke0(Native Method)
	at java.base/jdk.internal.reflect.NativeMethodAccessorImpl.invoke(NativeMethodAccessorImpl.java:77)
	at java.base/jdk.internal.reflect.DelegatingMethodAccessorImpl.invoke(DelegatingMethodAccessorImpl.java:43)
	at java.base/java.lang.reflect.Method.invoke(Method.java:568)
	at org.codehaus.groovy.runtime.callsite.PlainObjectMetaMethodSite.doInvoke(PlainObjectMetaMethodSite.java:43)
	at org.codehaus.groovy.runtime.callsite.PogoMetaMethodSite$PogoCachedMethodSiteNoUnwrapNoCoerce.invoke(PogoMetaMethodSite.java:193)
	at org.codehaus.groovy.runtime.callsite.PogoMetaMethodSite.callCurrent(PogoMetaMethodSite.java:61)
	at org.codehaus.groovy.runtime.callsite.AbstractCallSite.callCurrent(AbstractCallSite.java:185)
	at io.restassured.internal.ResponseSpecificationImpl.statusCode(ResponseSpecificationImpl.groovy:127)
	at io.restassured.specification.ResponseSpecification$statusCode$1.callCurrent(Unknown Source)
	at io.restassured.internal.ResponseSpecificationImpl.statusCode(ResponseSpecificationImpl.groovy:135)
	at io.restassured.internal.ValidatableResponseOptionsImpl.statusCode(ValidatableResponseOptionsImpl.java:89)
	at io.restassured.internal.ValidatableResponseImpl.super$2$statusCode(ValidatableResponseImpl.groovy)
	at java.base/jdk.internal.reflect.NativeMethodAccessorImpl.invoke0(Native Method)
	at java.base/jdk.internal.reflect.NativeMethodAccessorImpl.invoke(NativeMethodAccessorImpl.java:77)
	at java.base/jdk.internal.reflect.DelegatingMethodAccessorImpl.invoke(DelegatingMethodAccessorImpl.java:43)
	at java.base/java.lang.reflect.Method.invoke(Method.java:568)
	at org.codehaus.groovy.reflection.CachedMethod.invoke(CachedMethod.java:107)
	at groovy.lang.MetaMethod.doMethodInvoke(MetaMethod.java:323)
	at groovy.lang.MetaClassImpl.invokeMethod(MetaClassImpl.java:1268)
	at org.codehaus.groovy.runtime.ScriptBytecodeAdapter.invokeMethodOnSuperN(ScriptBytecodeAdapter.java:144)
	at io.restassured.internal.ValidatableResponseImpl.statusCode(ValidatableResponseImpl.groovy:142)
	at io.restassured.internal.ValidatableResponseImpl.statusCode(ValidatableResponseImpl.groovy)
	at starter.book.Delete.lambda$receiveValidHttpResponseCode204$0(Delete.java:24)
	at net.serenitybdd.rest.SerenityRest.restAssuredThat(SerenityRest.java:626)
	at starter.book.Delete.receiveValidHttpResponseCode204(Delete.java:24)
	at starter.book.Delete$ByteBuddy$SA1rXdDO.receiveValidHttpResponseCode204$accessor$fzRuxcji(Unknown Source)
	at java.base/jdk.internal.reflect.NativeMethodAccessorImpl.invoke0(Native Method)
	at java.base/jdk.internal.reflect.NativeMethodAccessorImpl.invoke(NativeMethodAccessorImpl.java:77)
	at java.base/jdk.internal.reflect.DelegatingMethodAccessorImpl.invoke(DelegatingMethodAccessorImpl.java:43)
	at java.base/java.lang.reflect.Method.invoke(Method.java:568)
	at net.thucydides.core.steps.StepInterceptor.invokeMethod(StepInterceptor.java:503)
	at net.thucydides.core.steps.StepInterceptor.executeTestStepMethod(StepInterceptor.java:483)
	at net.thucydides.core.steps.StepInterceptor.runTestStep(StepInterceptor.java:457)
	at net.thucydides.core.steps.StepInterceptor.runOrSkipMethod(StepInterceptor.java:209)
	at net.thucydides.core.steps.StepInterceptor.testStepResult(StepInterceptor.java:196)
	at net.thucydides.core.steps.StepInterceptor.intercept(StepInterceptor.java:84)
	at net.thucydides.core.steps.ProxyConfiguration$InterceptorDispatcher.intercept(ProxyConfiguration.java:51)
	at starter.book.Delete$ByteBuddy$SA1rXdDO.receiveValidHttpResponseCode204(Unknown Source)
	at starter.stepdefinitions.BookStep.receiveValidDataForDetailBook(BookStep.java:57)
	at âœ½.I receive valid data for "delete" book(file:///C:/Users/RICO/IdeaProjects/18restful-api/src/test/resources/api/Books.feature:22)
&amp#27;[0m
22:14:54.805 [main] ERROR  - 
  _____   ___   ___   _____     ___     _     ___   _      ___   ___  
 |_   _| | __| / __| |_   _|   | __|   /_\   |_ _| | |    | __| |   \ 
   | |   | _|  \__ \   | |     | _|   / _ \   | |  | |__  | _|  | |) |
   |_|   |___| |___/   |_|     |_|   /_/ \_\ |___| |____| |___| |___/ 

DELETE - As admin i have be able to delete book
-----------------------------------------------------------------------
22:14:54.805 [main] DEBUG  - RELATED ISSUES: 
22:14:54.805 [main] ERROR  -     Test failed at step: I receive valid http response code 204
22:14:54.805 [main] ERROR  -     1 expectation failed.Expected status code <204> but was <200>.
]]></system-out>
  </testcase>
</testsuite>